
AVRASM ver. 2.1.30  D:\Trial-10\List\Trial-10.asm Wed Jun 03 14:44:06 2015

D:\Trial-10\List\Trial-10.asm(1028): warning: Register r4 already defined by the .DEF directive
D:\Trial-10\List\Trial-10.asm(1029): warning: Register r5 already defined by the .DEF directive
D:\Trial-10\List\Trial-10.asm(1030): warning: Register r6 already defined by the .DEF directive
D:\Trial-10\List\Trial-10.asm(1031): warning: Register r7 already defined by the .DEF directive
D:\Trial-10\List\Trial-10.asm(1032): warning: Register r8 already defined by the .DEF directive
                 
                 
                 ;CodeVisionAVR C Compiler V2.05.3 Standard
                 ;(C) Copyright 1998-2011 Pavel Haiduc, HP InfoTech s.r.l.
                 ;http://www.hpinfotech.com
                 
                 ;Chip type                : AT90S8535
                 ;Program type             : Application
                 ;Clock frequency          : 8.000000 MHz
                 ;Memory model             : Small
                 ;Optimize for             : Size
                 ;(s)printf features       : int, width
                 ;(s)scanf features        : int, width
                 ;External RAM size        : 0
                 ;Data Stack size          : 128 byte(s)
                 ;Heap size                : 0 byte(s)
                 ;Promote 'char' to 'int'  : Yes
                 ;'char' is unsigned       : Yes
                 ;8 bit enums              : Yes
                 ;Global 'const' stored in FLASH     : No
                 ;Enhanced function parameter passing: Yes
                 ;Smart register allocation          : Off
                 ;Automatic register allocation      : On
                 
                 	#pragma AVRPART ADMIN PART_NAME AT90S8535
                 	#pragma AVRPART MEMORY PROG_FLASH 8192
                 	#pragma AVRPART MEMORY EEPROM 512
                 	#pragma AVRPART MEMORY INT_SRAM SIZE 607
                 	#pragma AVRPART MEMORY INT_SRAM START_ADDR 0x60
                 
                 	.LISTMAC
                 	.EQU UDRE=0x5
                 	.EQU RXC=0x7
                 	.EQU USR=0xB
                 	.EQU UDR=0xC
                 	.EQU SPSR=0xE
                 	.EQU SPDR=0xF
                 	.EQU EERE=0x0
                 	.EQU EEWE=0x1
                 	.EQU EEMWE=0x2
                 	.EQU EECR=0x1C
                 	.EQU EEDR=0x1D
                 	.EQU EEARL=0x1E
                 	.EQU EEARH=0x1F
                 	.EQU WDTCR=0x21
                 	.EQU MCUCR=0x35
                 	.EQU SPL=0x3D
                 	.EQU SPH=0x3E
                 	.EQU SREG=0x3F
                 
                 	.DEF R0X0=R0
                 	.DEF R0X1=R1
                 	.DEF R0X2=R2
                 	.DEF R0X3=R3
                 	.DEF R0X4=R4
                 	.DEF R0X5=R5
                 	.DEF R0X6=R6
                 	.DEF R0X7=R7
                 	.DEF R0X8=R8
                 	.DEF R0X9=R9
                 	.DEF R0XA=R10
                 	.DEF R0XB=R11
                 	.DEF R0XC=R12
                 	.DEF R0XD=R13
                 	.DEF R0XE=R14
                 	.DEF R0XF=R15
                 	.DEF R0X10=R16
                 	.DEF R0X11=R17
                 	.DEF R0X12=R18
                 	.DEF R0X13=R19
                 	.DEF R0X14=R20
                 	.DEF R0X15=R21
                 	.DEF R0X16=R22
                 	.DEF R0X17=R23
                 	.DEF R0X18=R24
                 	.DEF R0X19=R25
                 	.DEF R0X1A=R26
                 	.DEF R0X1B=R27
                 	.DEF R0X1C=R28
                 	.DEF R0X1D=R29
                 	.DEF R0X1E=R30
                 	.DEF R0X1F=R31
                 
                 	.EQU __SRAM_START=0x0060
                 	.EQU __SRAM_END=0x025F
                 	.EQU __DSTACK_SIZE=0x0080
                 	.EQU __HEAP_SIZE=0x0000
                 	.EQU __CLEAR_SRAM_SIZE=__SRAM_END-__SRAM_START+1
                 
                 	.MACRO __CPD1N
                 	CPI  R30,LOW(@0)
                 	LDI  R26,HIGH(@0)
                 	CPC  R31,R26
                 	LDI  R26,BYTE3(@0)
                 	CPC  R22,R26
                 	LDI  R26,BYTE4(@0)
                 	CPC  R23,R26
                 	.ENDM
                 
                 	.MACRO __CPD2N
                 	CPI  R26,LOW(@0)
                 	LDI  R30,HIGH(@0)
                 	CPC  R27,R30
                 	LDI  R30,BYTE3(@0)
                 	CPC  R24,R30
                 	LDI  R30,BYTE4(@0)
                 	CPC  R25,R30
                 	.ENDM
                 
                 	.MACRO __CPWRR
                 	CP   R@0,R@2
                 	CPC  R@1,R@3
                 	.ENDM
                 
                 	.MACRO __CPWRN
                 	CPI  R@0,LOW(@2)
                 	LDI  R30,HIGH(@2)
                 	CPC  R@1,R30
                 	.ENDM
                 
                 	.MACRO __ADDB1MN
                 	SUBI R30,LOW(-@0-(@1))
                 	.ENDM
                 
                 	.MACRO __ADDB2MN
                 	SUBI R26,LOW(-@0-(@1))
                 	.ENDM
                 
                 	.MACRO __ADDW1MN
                 	SUBI R30,LOW(-@0-(@1))
                 	SBCI R31,HIGH(-@0-(@1))
                 	.ENDM
                 
                 	.MACRO __ADDW2MN
                 	SUBI R26,LOW(-@0-(@1))
                 	SBCI R27,HIGH(-@0-(@1))
                 	.ENDM
                 
                 	.MACRO __ADDW1FN
                 	SUBI R30,LOW(-2*@0-(@1))
                 	SBCI R31,HIGH(-2*@0-(@1))
                 	.ENDM
                 
                 	.MACRO __ADDD1FN
                 	SUBI R30,LOW(-2*@0-(@1))
                 	SBCI R31,HIGH(-2*@0-(@1))
                 	SBCI R22,BYTE3(-2*@0-(@1))
                 	.ENDM
                 
                 	.MACRO __ADDD1N
                 	SUBI R30,LOW(-@0)
                 	SBCI R31,HIGH(-@0)
                 	SBCI R22,BYTE3(-@0)
                 	SBCI R23,BYTE4(-@0)
                 	.ENDM
                 
                 	.MACRO __ADDD2N
                 	SUBI R26,LOW(-@0)
                 	SBCI R27,HIGH(-@0)
                 	SBCI R24,BYTE3(-@0)
                 	SBCI R25,BYTE4(-@0)
                 	.ENDM
                 
                 	.MACRO __SUBD1N
                 	SUBI R30,LOW(@0)
                 	SBCI R31,HIGH(@0)
                 	SBCI R22,BYTE3(@0)
                 	SBCI R23,BYTE4(@0)
                 	.ENDM
                 
                 	.MACRO __SUBD2N
                 	SUBI R26,LOW(@0)
                 	SBCI R27,HIGH(@0)
                 	SBCI R24,BYTE3(@0)
                 	SBCI R25,BYTE4(@0)
                 	.ENDM
                 
                 	.MACRO __ANDBMNN
                 	LDS  R30,@0+(@1)
                 	ANDI R30,LOW(@2)
                 	STS  @0+(@1),R30
                 	.ENDM
                 
                 	.MACRO __ANDWMNN
                 	LDS  R30,@0+(@1)
                 	ANDI R30,LOW(@2)
                 	STS  @0+(@1),R30
                 	LDS  R30,@0+(@1)+1
                 	ANDI R30,HIGH(@2)
                 	STS  @0+(@1)+1,R30
                 	.ENDM
                 
                 	.MACRO __ANDD1N
                 	ANDI R30,LOW(@0)
                 	ANDI R31,HIGH(@0)
                 	ANDI R22,BYTE3(@0)
                 	ANDI R23,BYTE4(@0)
                 	.ENDM
                 
                 	.MACRO __ANDD2N
                 	ANDI R26,LOW(@0)
                 	ANDI R27,HIGH(@0)
                 	ANDI R24,BYTE3(@0)
                 	ANDI R25,BYTE4(@0)
                 	.ENDM
                 
                 	.MACRO __ORBMNN
                 	LDS  R30,@0+(@1)
                 	ORI  R30,LOW(@2)
                 	STS  @0+(@1),R30
                 	.ENDM
                 
                 	.MACRO __ORWMNN
                 	LDS  R30,@0+(@1)
                 	ORI  R30,LOW(@2)
                 	STS  @0+(@1),R30
                 	LDS  R30,@0+(@1)+1
                 	ORI  R30,HIGH(@2)
                 	STS  @0+(@1)+1,R30
                 	.ENDM
                 
                 	.MACRO __ORD1N
                 	ORI  R30,LOW(@0)
                 	ORI  R31,HIGH(@0)
                 	ORI  R22,BYTE3(@0)
                 	ORI  R23,BYTE4(@0)
                 	.ENDM
                 
                 	.MACRO __ORD2N
                 	ORI  R26,LOW(@0)
                 	ORI  R27,HIGH(@0)
                 	ORI  R24,BYTE3(@0)
                 	ORI  R25,BYTE4(@0)
                 	.ENDM
                 
                 	.MACRO __DELAY_USB
                 	LDI  R24,LOW(@0)
                 __DELAY_USB_LOOP:
                 	DEC  R24
                 	BRNE __DELAY_USB_LOOP
                 	.ENDM
                 
                 	.MACRO __DELAY_USW
                 	LDI  R24,LOW(@0)
                 	LDI  R25,HIGH(@0)
                 __DELAY_USW_LOOP:
                 	SBIW R24,1
                 	BRNE __DELAY_USW_LOOP
                 	.ENDM
                 
                 	.MACRO __GETD1S
                 	LDD  R30,Y+@0
                 	LDD  R31,Y+@0+1
                 	LDD  R22,Y+@0+2
                 	LDD  R23,Y+@0+3
                 	.ENDM
                 
                 	.MACRO __GETD2S
                 	LDD  R26,Y+@0
                 	LDD  R27,Y+@0+1
                 	LDD  R24,Y+@0+2
                 	LDD  R25,Y+@0+3
                 	.ENDM
                 
                 	.MACRO __PUTD1S
                 	STD  Y+@0,R30
                 	STD  Y+@0+1,R31
                 	STD  Y+@0+2,R22
                 	STD  Y+@0+3,R23
                 	.ENDM
                 
                 	.MACRO __PUTD2S
                 	STD  Y+@0,R26
                 	STD  Y+@0+1,R27
                 	STD  Y+@0+2,R24
                 	STD  Y+@0+3,R25
                 	.ENDM
                 
                 	.MACRO __PUTDZ2
                 	STD  Z+@0,R26
                 	STD  Z+@0+1,R27
                 	STD  Z+@0+2,R24
                 	STD  Z+@0+3,R25
                 	.ENDM
                 
                 	.MACRO __CLRD1S
                 	STD  Y+@0,R30
                 	STD  Y+@0+1,R30
                 	STD  Y+@0+2,R30
                 	STD  Y+@0+3,R30
                 	.ENDM
                 
                 	.MACRO __POINTB1MN
                 	LDI  R30,LOW(@0+(@1))
                 	.ENDM
                 
                 	.MACRO __POINTW1MN
                 	LDI  R30,LOW(@0+(@1))
                 	LDI  R31,HIGH(@0+(@1))
                 	.ENDM
                 
                 	.MACRO __POINTD1M
                 	LDI  R30,LOW(@0)
                 	LDI  R31,HIGH(@0)
                 	LDI  R22,BYTE3(@0)
                 	LDI  R23,BYTE4(@0)
                 	.ENDM
                 
                 	.MACRO __POINTW1FN
                 	LDI  R30,LOW(2*@0+(@1))
                 	LDI  R31,HIGH(2*@0+(@1))
                 	.ENDM
                 
                 	.MACRO __POINTD1FN
                 	LDI  R30,LOW(2*@0+(@1))
                 	LDI  R31,HIGH(2*@0+(@1))
                 	LDI  R22,BYTE3(2*@0+(@1))
                 	LDI  R23,BYTE4(2*@0+(@1))
                 	.ENDM
                 
                 	.MACRO __POINTB2MN
                 	LDI  R26,LOW(@0+(@1))
                 	.ENDM
                 
                 	.MACRO __POINTW2MN
                 	LDI  R26,LOW(@0+(@1))
                 	LDI  R27,HIGH(@0+(@1))
                 	.ENDM
                 
                 	.MACRO __POINTW2FN
                 	LDI  R26,LOW(2*@0+(@1))
                 	LDI  R27,HIGH(2*@0+(@1))
                 	.ENDM
                 
                 	.MACRO __POINTD2FN
                 	LDI  R26,LOW(2*@0+(@1))
                 	LDI  R27,HIGH(2*@0+(@1))
                 	LDI  R24,BYTE3(2*@0+(@1))
                 	LDI  R25,BYTE4(2*@0+(@1))
                 	.ENDM
                 
                 	.MACRO __POINTBRM
                 	LDI  R@0,LOW(@1)
                 	.ENDM
                 
                 	.MACRO __POINTWRM
                 	LDI  R@0,LOW(@2)
                 	LDI  R@1,HIGH(@2)
                 	.ENDM
                 
                 	.MACRO __POINTBRMN
                 	LDI  R@0,LOW(@1+(@2))
                 	.ENDM
                 
                 	.MACRO __POINTWRMN
                 	LDI  R@0,LOW(@2+(@3))
                 	LDI  R@1,HIGH(@2+(@3))
                 	.ENDM
                 
                 	.MACRO __POINTWRFN
                 	LDI  R@0,LOW(@2*2+(@3))
                 	LDI  R@1,HIGH(@2*2+(@3))
                 	.ENDM
                 
                 	.MACRO __GETD1N
                 	LDI  R30,LOW(@0)
                 	LDI  R31,HIGH(@0)
                 	LDI  R22,BYTE3(@0)
                 	LDI  R23,BYTE4(@0)
                 	.ENDM
                 
                 	.MACRO __GETD2N
                 	LDI  R26,LOW(@0)
                 	LDI  R27,HIGH(@0)
                 	LDI  R24,BYTE3(@0)
                 	LDI  R25,BYTE4(@0)
                 	.ENDM
                 
                 	.MACRO __GETB1MN
                 	LDS  R30,@0+(@1)
                 	.ENDM
                 
                 	.MACRO __GETB1HMN
                 	LDS  R31,@0+(@1)
                 	.ENDM
                 
                 	.MACRO __GETW1MN
                 	LDS  R30,@0+(@1)
                 	LDS  R31,@0+(@1)+1
                 	.ENDM
                 
                 	.MACRO __GETD1MN
                 	LDS  R30,@0+(@1)
                 	LDS  R31,@0+(@1)+1
                 	LDS  R22,@0+(@1)+2
                 	LDS  R23,@0+(@1)+3
                 	.ENDM
                 
                 	.MACRO __GETBRMN
                 	LDS  R@0,@1+(@2)
                 	.ENDM
                 
                 	.MACRO __GETWRMN
                 	LDS  R@0,@2+(@3)
                 	LDS  R@1,@2+(@3)+1
                 	.ENDM
                 
                 	.MACRO __GETWRZ
                 	LDD  R@0,Z+@2
                 	LDD  R@1,Z+@2+1
                 	.ENDM
                 
                 	.MACRO __GETD2Z
                 	LDD  R26,Z+@0
                 	LDD  R27,Z+@0+1
                 	LDD  R24,Z+@0+2
                 	LDD  R25,Z+@0+3
                 	.ENDM
                 
                 	.MACRO __GETB2MN
                 	LDS  R26,@0+(@1)
                 	.ENDM
                 
                 	.MACRO __GETW2MN
                 	LDS  R26,@0+(@1)
                 	LDS  R27,@0+(@1)+1
                 	.ENDM
                 
                 	.MACRO __GETD2MN
                 	LDS  R26,@0+(@1)
                 	LDS  R27,@0+(@1)+1
                 	LDS  R24,@0+(@1)+2
                 	LDS  R25,@0+(@1)+3
                 	.ENDM
                 
                 	.MACRO __PUTB1MN
                 	STS  @0+(@1),R30
                 	.ENDM
                 
                 	.MACRO __PUTW1MN
                 	STS  @0+(@1),R30
                 	STS  @0+(@1)+1,R31
                 	.ENDM
                 
                 	.MACRO __PUTD1MN
                 	STS  @0+(@1),R30
                 	STS  @0+(@1)+1,R31
                 	STS  @0+(@1)+2,R22
                 	STS  @0+(@1)+3,R23
                 	.ENDM
                 
                 	.MACRO __PUTB1EN
                 	LDI  R26,LOW(@0+(@1))
                 	LDI  R27,HIGH(@0+(@1))
                 	RCALL __EEPROMWRB
                 	.ENDM
                 
                 	.MACRO __PUTW1EN
                 	LDI  R26,LOW(@0+(@1))
                 	LDI  R27,HIGH(@0+(@1))
                 	RCALL __EEPROMWRW
                 	.ENDM
                 
                 	.MACRO __PUTD1EN
                 	LDI  R26,LOW(@0+(@1))
                 	LDI  R27,HIGH(@0+(@1))
                 	RCALL __EEPROMWRD
                 	.ENDM
                 
                 	.MACRO __PUTBR0MN
                 	STS  @0+(@1),R0
                 	.ENDM
                 
                 	.MACRO __PUTBMRN
                 	STS  @0+(@1),R@2
                 	.ENDM
                 
                 	.MACRO __PUTWMRN
                 	STS  @0+(@1),R@2
                 	STS  @0+(@1)+1,R@3
                 	.ENDM
                 
                 	.MACRO __PUTBZR
                 	STD  Z+@1,R@0
                 	.ENDM
                 
                 	.MACRO __PUTWZR
                 	STD  Z+@2,R@0
                 	STD  Z+@2+1,R@1
                 	.ENDM
                 
                 	.MACRO __GETW1R
                 	MOV  R30,R@0
                 	MOV  R31,R@1
                 	.ENDM
                 
                 	.MACRO __GETW2R
                 	MOV  R26,R@0
                 	MOV  R27,R@1
                 	.ENDM
                 
                 	.MACRO __GETWRN
                 	LDI  R@0,LOW(@2)
                 	LDI  R@1,HIGH(@2)
                 	.ENDM
                 
                 	.MACRO __PUTW1R
                 	MOV  R@0,R30
                 	MOV  R@1,R31
                 	.ENDM
                 
                 	.MACRO __PUTW2R
                 	MOV  R@0,R26
                 	MOV  R@1,R27
                 	.ENDM
                 
                 	.MACRO __ADDWRN
                 	SUBI R@0,LOW(-@2)
                 	SBCI R@1,HIGH(-@2)
                 	.ENDM
                 
                 	.MACRO __ADDWRR
                 	ADD  R@0,R@2
                 	ADC  R@1,R@3
                 	.ENDM
                 
                 	.MACRO __SUBWRN
                 	SUBI R@0,LOW(@2)
                 	SBCI R@1,HIGH(@2)
                 	.ENDM
                 
                 	.MACRO __SUBWRR
                 	SUB  R@0,R@2
                 	SBC  R@1,R@3
                 	.ENDM
                 
                 	.MACRO __ANDWRN
                 	ANDI R@0,LOW(@2)
                 	ANDI R@1,HIGH(@2)
                 	.ENDM
                 
                 	.MACRO __ANDWRR
                 	AND  R@0,R@2
                 	AND  R@1,R@3
                 	.ENDM
                 
                 	.MACRO __ORWRN
                 	ORI  R@0,LOW(@2)
                 	ORI  R@1,HIGH(@2)
                 	.ENDM
                 
                 	.MACRO __ORWRR
                 	OR   R@0,R@2
                 	OR   R@1,R@3
                 	.ENDM
                 
                 	.MACRO __EORWRR
                 	EOR  R@0,R@2
                 	EOR  R@1,R@3
                 	.ENDM
                 
                 	.MACRO __GETWRS
                 	LDD  R@0,Y+@2
                 	LDD  R@1,Y+@2+1
                 	.ENDM
                 
                 	.MACRO __PUTBSR
                 	STD  Y+@1,R@0
                 	.ENDM
                 
                 	.MACRO __PUTWSR
                 	STD  Y+@2,R@0
                 	STD  Y+@2+1,R@1
                 	.ENDM
                 
                 	.MACRO __MOVEWRR
                 	MOV  R@0,R@2
                 	MOV  R@1,R@3
                 	.ENDM
                 
                 	.MACRO __INWR
                 	IN   R@0,@2
                 	IN   R@1,@2+1
                 	.ENDM
                 
                 	.MACRO __OUTWR
                 	OUT  @2+1,R@1
                 	OUT  @2,R@0
                 	.ENDM
                 
                 	.MACRO __CALL1MN
                 	LDS  R30,@0+(@1)
                 	LDS  R31,@0+(@1)+1
                 	ICALL
                 	.ENDM
                 
                 	.MACRO __CALL1FN
                 	LDI  R30,LOW(2*@0+(@1))
                 	LDI  R31,HIGH(2*@0+(@1))
                 	RCALL __GETW1PF
                 	ICALL
                 	.ENDM
                 
                 	.MACRO __CALL2EN
                 	LDI  R26,LOW(@0+(@1))
                 	LDI  R27,HIGH(@0+(@1))
                 	RCALL __EEPROMRDW
                 	ICALL
                 	.ENDM
                 
                 	.MACRO __GETW1STACK
                 	IN   R26,SPL
                 	IN   R27,SPH
                 	ADIW R26,@0+1
                 	LD   R30,X+
                 	LD   R31,X
                 	.ENDM
                 
                 	.MACRO __GETD1STACK
                 	IN   R26,SPL
                 	IN   R27,SPH
                 	ADIW R26,@0+1
                 	LD   R30,X+
                 	LD   R31,X+
                 	LD   R22,X
                 	.ENDM
                 
                 	.MACRO __NBST
                 	BST  R@0,@1
                 	IN   R30,SREG
                 	LDI  R31,0x40
                 	EOR  R30,R31
                 	OUT  SREG,R30
                 	.ENDM
                 
                 
                 	.MACRO __PUTB1SN
                 	LDD  R26,Y+@0
                 	LDD  R27,Y+@0+1
                 	SUBI R26,LOW(-@1)
                 	SBCI R27,HIGH(-@1)
                 	ST   X,R30
                 	.ENDM
                 
                 	.MACRO __PUTW1SN
                 	LDD  R26,Y+@0
                 	LDD  R27,Y+@0+1
                 	SUBI R26,LOW(-@1)
                 	SBCI R27,HIGH(-@1)
                 	ST   X+,R30
                 	ST   X,R31
                 	.ENDM
                 
                 	.MACRO __PUTD1SN
                 	LDD  R26,Y+@0
                 	LDD  R27,Y+@0+1
                 	SUBI R26,LOW(-@1)
                 	SBCI R27,HIGH(-@1)
                 	RCALL __PUTDP1
                 	.ENDM
                 
                 	.MACRO __PUTB1SNS
                 	LDD  R26,Y+@0
                 	LDD  R27,Y+@0+1
                 	ADIW R26,@1
                 	ST   X,R30
                 	.ENDM
                 
                 	.MACRO __PUTW1SNS
                 	LDD  R26,Y+@0
                 	LDD  R27,Y+@0+1
                 	ADIW R26,@1
                 	ST   X+,R30
                 	ST   X,R31
                 	.ENDM
                 
                 	.MACRO __PUTD1SNS
                 	LDD  R26,Y+@0
                 	LDD  R27,Y+@0+1
                 	ADIW R26,@1
                 	RCALL __PUTDP1
                 	.ENDM
                 
                 	.MACRO __PUTB1PMN
                 	LDS  R26,@0
                 	LDS  R27,@0+1
                 	SUBI R26,LOW(-@1)
                 	SBCI R27,HIGH(-@1)
                 	ST   X,R30
                 	.ENDM
                 
                 	.MACRO __PUTW1PMN
                 	LDS  R26,@0
                 	LDS  R27,@0+1
                 	SUBI R26,LOW(-@1)
                 	SBCI R27,HIGH(-@1)
                 	ST   X+,R30
                 	ST   X,R31
                 	.ENDM
                 
                 	.MACRO __PUTD1PMN
                 	LDS  R26,@0
                 	LDS  R27,@0+1
                 	SUBI R26,LOW(-@1)
                 	SBCI R27,HIGH(-@1)
                 	RCALL __PUTDP1
                 	.ENDM
                 
                 	.MACRO __PUTB1PMNS
                 	LDS  R26,@0
                 	LDS  R27,@0+1
                 	ADIW R26,@1
                 	ST   X,R30
                 	.ENDM
                 
                 	.MACRO __PUTW1PMNS
                 	LDS  R26,@0
                 	LDS  R27,@0+1
                 	ADIW R26,@1
                 	ST   X+,R30
                 	ST   X,R31
                 	.ENDM
                 
                 	.MACRO __PUTD1PMNS
                 	LDS  R26,@0
                 	LDS  R27,@0+1
                 	ADIW R26,@1
                 	RCALL __PUTDP1
                 	.ENDM
                 
                 	.MACRO __PUTB1RN
                 	MOV  R26,R@0
                 	MOV  R27,R@1
                 	SUBI R26,LOW(-@2)
                 	SBCI R27,HIGH(-@2)
                 	ST   X,R30
                 	.ENDM
                 
                 	.MACRO __PUTW1RN
                 	MOV  R26,R@0
                 	MOV  R27,R@1
                 	SUBI R26,LOW(-@2)
                 	SBCI R27,HIGH(-@2)
                 	ST   X+,R30
                 	ST   X,R31
                 	.ENDM
                 
                 	.MACRO __PUTD1RN
                 	MOV  R26,R@0
                 	MOV  R27,R@1
                 	SUBI R26,LOW(-@2)
                 	SBCI R27,HIGH(-@2)
                 	RCALL __PUTDP1
                 	.ENDM
                 
                 	.MACRO __PUTB1RNS
                 	MOV  R26,R@0
                 	MOV  R27,R@1
                 	ADIW R26,@2
                 	ST   X,R30
                 	.ENDM
                 
                 	.MACRO __PUTW1RNS
                 	MOV  R26,R@0
                 	MOV  R27,R@1
                 	ADIW R26,@2
                 	ST   X+,R30
                 	ST   X,R31
                 	.ENDM
                 
                 	.MACRO __PUTD1RNS
                 	MOV  R26,R@0
                 	MOV  R27,R@1
                 	ADIW R26,@2
                 	RCALL __PUTDP1
                 	.ENDM
                 
                 
                 	.MACRO __GETB1SX
                 	MOV  R30,R28
                 	MOV  R31,R29
                 	SUBI R30,LOW(-@0)
                 	SBCI R31,HIGH(-@0)
                 	LD   R30,Z
                 	.ENDM
                 
                 	.MACRO __GETB1HSX
                 	MOV  R30,R28
                 	MOV  R31,R29
                 	SUBI R30,LOW(-@0)
                 	SBCI R31,HIGH(-@0)
                 	LD   R31,Z
                 	.ENDM
                 
                 	.MACRO __GETW1SX
                 	MOV  R30,R28
                 	MOV  R31,R29
                 	SUBI R30,LOW(-@0)
                 	SBCI R31,HIGH(-@0)
                 	LD   R0,Z+
                 	LD   R31,Z
                 	MOV  R30,R0
                 	.ENDM
                 
                 	.MACRO __GETD1SX
                 	MOV  R30,R28
                 	MOV  R31,R29
                 	SUBI R30,LOW(-@0)
                 	SBCI R31,HIGH(-@0)
                 	LD   R0,Z+
                 	LD   R1,Z+
                 	LD   R22,Z+
                 	LD   R23,Z
                 	MOV  R30,R0
                 	MOV  R31,R1
                 	.ENDM
                 
                 	.MACRO __GETB2SX
                 	MOV  R26,R28
                 	MOV  R27,R29
                 	SUBI R26,LOW(-@0)
                 	SBCI R27,HIGH(-@0)
                 	LD   R26,X
                 	.ENDM
                 
                 	.MACRO __GETW2SX
                 	MOV  R26,R28
                 	MOV  R27,R29
                 	SUBI R26,LOW(-@0)
                 	SBCI R27,HIGH(-@0)
                 	LD   R0,X+
                 	LD   R27,X
                 	MOV  R26,R0
                 	.ENDM
                 
                 	.MACRO __GETD2SX
                 	MOV  R26,R28
                 	MOV  R27,R29
                 	SUBI R26,LOW(-@0)
                 	SBCI R27,HIGH(-@0)
                 	LD   R0,X+
                 	LD   R1,X+
                 	LD   R24,X+
                 	LD   R25,X
                 	MOV  R26,R0
                 	MOV  R27,R1
                 	.ENDM
                 
                 	.MACRO __GETBRSX
                 	MOV  R30,R28
                 	MOV  R31,R29
                 	SUBI R30,LOW(-@1)
                 	SBCI R31,HIGH(-@1)
                 	LD   R@0,Z
                 	.ENDM
                 
                 	.MACRO __GETWRSX
                 	MOV  R30,R28
                 	MOV  R31,R29
                 	SUBI R30,LOW(-@2)
                 	SBCI R31,HIGH(-@2)
                 	LD   R@0,Z+
                 	LD   R@1,Z
                 	.ENDM
                 
                 	.MACRO __GETBRSX2
                 	MOV  R26,R28
                 	MOV  R27,R29
                 	SUBI R26,LOW(-@1)
                 	SBCI R27,HIGH(-@1)
                 	LD   R@0,X
                 	.ENDM
                 
                 	.MACRO __GETWRSX2
                 	MOV  R26,R28
                 	MOV  R27,R29
                 	SUBI R26,LOW(-@2)
                 	SBCI R27,HIGH(-@2)
                 	LD   R@0,X+
                 	LD   R@1,X
                 	.ENDM
                 
                 	.MACRO __LSLW8SX
                 	MOV  R30,R28
                 	MOV  R31,R29
                 	SUBI R30,LOW(-@0)
                 	SBCI R31,HIGH(-@0)
                 	LD   R31,Z
                 	CLR  R30
                 	.ENDM
                 
                 	.MACRO __PUTB1SX
                 	MOV  R26,R28
                 	MOV  R27,R29
                 	SUBI R26,LOW(-@0)
                 	SBCI R27,HIGH(-@0)
                 	ST   X,R30
                 	.ENDM
                 
                 	.MACRO __PUTW1SX
                 	MOV  R26,R28
                 	MOV  R27,R29
                 	SUBI R26,LOW(-@0)
                 	SBCI R27,HIGH(-@0)
                 	ST   X+,R30
                 	ST   X,R31
                 	.ENDM
                 
                 	.MACRO __PUTD1SX
                 	MOV  R26,R28
                 	MOV  R27,R29
                 	SUBI R26,LOW(-@0)
                 	SBCI R27,HIGH(-@0)
                 	ST   X+,R30
                 	ST   X+,R31
                 	ST   X+,R22
                 	ST   X,R23
                 	.ENDM
                 
                 	.MACRO __CLRW1SX
                 	MOV  R26,R28
                 	MOV  R27,R29
                 	SUBI R26,LOW(-@0)
                 	SBCI R27,HIGH(-@0)
                 	ST   X+,R30
                 	ST   X,R30
                 	.ENDM
                 
                 	.MACRO __CLRD1SX
                 	MOV  R26,R28
                 	MOV  R27,R29
                 	SUBI R26,LOW(-@0)
                 	SBCI R27,HIGH(-@0)
                 	ST   X+,R30
                 	ST   X+,R30
                 	ST   X+,R30
                 	ST   X,R30
                 	.ENDM
                 
                 	.MACRO __PUTB2SX
                 	MOV  R30,R28
                 	MOV  R31,R29
                 	SUBI R30,LOW(-@0)
                 	SBCI R31,HIGH(-@0)
                 	ST   Z,R26
                 	.ENDM
                 
                 	.MACRO __PUTW2SX
                 	MOV  R30,R28
                 	MOV  R31,R29
                 	SUBI R30,LOW(-@0)
                 	SBCI R31,HIGH(-@0)
                 	ST   Z+,R26
                 	ST   Z,R27
                 	.ENDM
                 
                 	.MACRO __PUTD2SX
                 	MOV  R30,R28
                 	MOV  R31,R29
                 	SUBI R30,LOW(-@0)
                 	SBCI R31,HIGH(-@0)
                 	ST   Z+,R26
                 	ST   Z+,R27
                 	ST   Z+,R24
                 	ST   Z,R25
                 	.ENDM
                 
                 	.MACRO __PUTBSRX
                 	MOV  R30,R28
                 	MOV  R31,R29
                 	SUBI R30,LOW(-@1)
                 	SBCI R31,HIGH(-@1)
                 	ST   Z,R@0
                 	.ENDM
                 
                 	.MACRO __PUTWSRX
                 	MOV  R30,R28
                 	MOV  R31,R29
                 	SUBI R30,LOW(-@2)
                 	SBCI R31,HIGH(-@2)
                 	ST   Z+,R@0
                 	ST   Z,R@1
                 	.ENDM
                 
                 	.MACRO __PUTB1SNX
                 	MOV  R26,R28
                 	MOV  R27,R29
                 	SUBI R26,LOW(-@0)
                 	SBCI R27,HIGH(-@0)
                 	LD   R0,X+
                 	LD   R27,X
                 	MOV  R26,R0
                 	SUBI R26,LOW(-@1)
                 	SBCI R27,HIGH(-@1)
                 	ST   X,R30
                 	.ENDM
                 
                 	.MACRO __PUTW1SNX
                 	MOV  R26,R28
                 	MOV  R27,R29
                 	SUBI R26,LOW(-@0)
                 	SBCI R27,HIGH(-@0)
                 	LD   R0,X+
                 	LD   R27,X
                 	MOV  R26,R0
                 	SUBI R26,LOW(-@1)
                 	SBCI R27,HIGH(-@1)
                 	ST   X+,R30
                 	ST   X,R31
                 	.ENDM
                 
                 	.MACRO __PUTD1SNX
                 	MOV  R26,R28
                 	MOV  R27,R29
                 	SUBI R26,LOW(-@0)
                 	SBCI R27,HIGH(-@0)
                 	LD   R0,X+
                 	LD   R27,X
                 	MOV  R26,R0
                 	SUBI R26,LOW(-@1)
                 	SBCI R27,HIGH(-@1)
                 	ST   X+,R30
                 	ST   X+,R31
                 	ST   X+,R22
                 	ST   X,R23
                 	.ENDM
                 
                 ;NAME DEFINITIONS FOR GLOBAL VARIABLES ALLOCATED TO REGISTERS
                 	.DEF _pressed=R4
                 	.DEF _numb=R5
                 	.DEF __lcd_x=R6
                 	.DEF __lcd_y=R7
                 	.DEF __lcd_maxx=R8
                 
                 	.CSEG
                 	.ORG 0x00
                 
                 ;START OF CODE MARKER
                 __START_OF_CODE:
                 
                 ;INTERRUPT VECTORS
000000 c03e      	RJMP __RESET
000001 cffe      	RJMP 0x00
000002 cffd      	RJMP 0x00
000003 cffc      	RJMP 0x00
000004 cffb      	RJMP 0x00
000005 cffa      	RJMP 0x00
000006 cff9      	RJMP 0x00
000007 cff8      	RJMP 0x00
000008 cff7      	RJMP 0x00
000009 c070      	RJMP _timer0_ovf_isr
00000a cff5      	RJMP 0x00
00000b cff4      	RJMP 0x00
00000c cff3      	RJMP 0x00
00000d cff2      	RJMP 0x00
00000e cff1      	RJMP 0x00
00000f cff0      	RJMP 0x00
000010 cfef      	RJMP 0x00
                 
                 _tbl10_G100:
000011 2710
000012 03e8
000013 0064
000014 000a      	.DB  0x10,0x27,0xE8,0x3,0x64,0x0,0xA,0x0
000015 0001      	.DB  0x1,0x0
                 _tbl16_G100:
000016 1000
000017 0100
000018 0010
000019 0001      	.DB  0x0,0x10,0x0,0x1,0x10,0x0,0x1,0x0
                 
                 _0x3:
00001a edee
00001b e7eb
00001c ddde
00001d d7db      	.DB  0xEE,0xED,0xEB,0xE7,0xDE,0xDD,0xDB,0xD7
00001e bdbe
00001f b7bb
000020 7d7e
000021 777b      	.DB  0xBE,0xBD,0xBB,0xB7,0x7E,0x7D,0x7B,0x77
                 _0x0:
000022 203d
000023 7254
000024 6169
000025 2d6c      	.DB  0x3D,0x20,0x54,0x72,0x69,0x61,0x6C,0x2D
000026 3031
000027 3d20
000028 4c00
000029 4443      	.DB  0x31,0x30,0x20,0x3D,0x0,0x4C,0x43,0x44
00002a 4520
00002b 616e
00002c 6c62
00002d 0065      	.DB  0x20,0x45,0x6E,0x61,0x62,0x6C,0x65,0x0
                 _0x2020060:
D:\Trial-10\List\Trial-10.asm(1073): warning: .cseg .db misalignment - padding zero byte
00002e 0001      	.DB  0x1
                 _0x2020000:
00002f 4e2d
000030 4e41
000031 4900
000032 464e      	.DB  0x2D,0x4E,0x41,0x4E,0x0,0x49,0x4E,0x46
D:\Trial-10\List\Trial-10.asm(1076): warning: .cseg .db misalignment - padding zero byte
000033 0000      	.DB  0x0
                 _0x2040003:
000034 c080      	.DB  0x80,0xC0
                 
                 __GLOBAL_INI_TBL:
000035 0010      	.DW  0x10
000036 00e0      	.DW  _Keypad
000037 0034      	.DW  _0x3*2
                 
000038 0001      	.DW  0x01
000039 00f0      	.DW  __seed_G101
00003a 005c      	.DW  _0x2020060*2
                 
00003b 0002      	.DW  0x02
00003c 00f4      	.DW  __base_y_G102
00003d 0068      	.DW  _0x2040003*2
                 
                 _0xFFFFFFFF:
00003e 0000      	.DW  0
                 
                 __RESET:
00003f 94f8      	CLI
000040 27ee      	CLR  R30
000041 bbec      	OUT  EECR,R30
000042 bfe5      	OUT  MCUCR,R30
                 
                 ;DISABLE WATCHDOG
000043 e1f8      	LDI  R31,0x18
000044 bdf1      	OUT  WDTCR,R31
000045 bde1      	OUT  WDTCR,R30
                 
                 ;CLEAR R2-R14
000046 e08d      	LDI  R24,(14-2)+1
000047 e0a2      	LDI  R26,2
000048 27bb      	CLR  R27
                 __CLEAR_REG:
000049 93ed      	ST   X+,R30
00004a 958a      	DEC  R24
00004b f7e9      	BRNE __CLEAR_REG
                 
                 ;CLEAR SRAM
00004c e080      	LDI  R24,LOW(__CLEAR_SRAM_SIZE)
00004d e092      	LDI  R25,HIGH(__CLEAR_SRAM_SIZE)
00004e e6a0      	LDI  R26,__SRAM_START
                 __CLEAR_SRAM:
00004f 93ed      	ST   X+,R30
000050 9701      	SBIW R24,1
000051 f7e9      	BRNE __CLEAR_SRAM
                 
                 ;GLOBAL VARIABLES INITIALIZATION
000052 e6ea      	LDI  R30,LOW(__GLOBAL_INI_TBL*2)
000053 e0f0      	LDI  R31,HIGH(__GLOBAL_INI_TBL*2)
                 __GLOBAL_INI_NEXT:
000054 95c8      	LPM
000055 9631      	ADIW R30,1
000056 2d80      	MOV  R24,R0
000057 95c8      	LPM
000058 9631      	ADIW R30,1
000059 2d90      	MOV  R25,R0
00005a 9700      	SBIW R24,0
00005b f0b9      	BREQ __GLOBAL_INI_END
00005c 95c8      	LPM
00005d 9631      	ADIW R30,1
00005e 2da0      	MOV  R26,R0
00005f 95c8      	LPM
000060 9631      	ADIW R30,1
000061 2db0      	MOV  R27,R0
000062 95c8      	LPM
000063 9631      	ADIW R30,1
000064 2c10      	MOV  R1,R0
000065 95c8      	LPM
000066 9631      	ADIW R30,1
000067 2f6e      	MOV  R22,R30
000068 2f7f      	MOV  R23,R31
000069 2df0      	MOV  R31,R0
00006a 2de1      	MOV  R30,R1
                 __GLOBAL_INI_LOOP:
00006b 95c8      	LPM
00006c 9631      	ADIW R30,1
00006d 920d      	ST   X+,R0
00006e 9701      	SBIW R24,1
00006f f7d9      	BRNE __GLOBAL_INI_LOOP
000070 2fe6      	MOV  R30,R22
000071 2ff7      	MOV  R31,R23
000072 cfe1      	RJMP __GLOBAL_INI_NEXT
                 __GLOBAL_INI_END:
                 
                 ;HARDWARE STACK POINTER INITIALIZATION
000073 e5ef      	LDI  R30,LOW(__SRAM_END-__HEAP_SIZE)
000074 bfed      	OUT  SPL,R30
000075 e0e2      	LDI  R30,HIGH(__SRAM_END-__HEAP_SIZE)
000076 bfee      	OUT  SPH,R30
                 
                 ;DATA STACK POINTER INITIALIZATION
000077 eec0      	LDI  R28,LOW(__SRAM_START+__DSTACK_SIZE)
000078 e0d0      	LDI  R29,HIGH(__SRAM_START+__DSTACK_SIZE)
                 
000079 c050      	RJMP _main
                 
                 	.ESEG
                 	.ORG 0
                 
                 	.DSEG
                 	.ORG 0xE0
                 
                 	.CSEG
                 ;/*****************************************************
                 ;This program was produced by the
                 ;CodeWizardAVR V2.05.3 Standard
                 ;Automatic Program Generator
                 ;© Copyright 1998-2011 Pavel Haiduc, HP InfoTech s.r.l.
                 ;http://www.hpinfotech.com
                 ;
                 ;Project :
                 ;Version :
                 ;Date    : 2015/6/2
                 ;Author  : PerTic@n
                 ;Company : If You Like This Software,Buy It
                 ;Comments:
                 ;
                 ;
                 ;Chip type               : AT90S8535
                 ;AVR Core Clock frequency: 8.000000 MHz
                 ;Memory model            : Small
                 ;External RAM size       : 0
                 ;Data Stack size         : 128
                 ;*****************************************************/
                 ;
                 ;#include <90s8535.h>
                 	#ifndef __SLEEP_DEFINED__
                 	#define __SLEEP_DEFINED__
                 	.EQU __se_bit=0x40
                 	.EQU __sm_mask=0x30
                 	.EQU __sm_powerdown=0x20
                 	.EQU __sm_powersave=0x30
                 	.SET power_ctrl_reg=mcucr
                 	#endif
                 ;#include <stdio.h>
                 ;#include <stdlib.h>
                 ;
                 ;// Alphanumeric LCD functions
                 ;#include <alcd.h>
                 ;#include <delay.h>
                 ;
                 ;#define true 1
                 ;#define false 0
                 ;/*TIMER SETTING CONFIG DEFINE*/
                 ;#define STOP 0x00
                 ;#define FOSC1 0x01
                 ;#define FOSC8 0x02
                 ;#define FOSC64 0x03
                 ;#define FOSC256 0x04
                 ;#define FOSC1024 0x05
                 ;/*TIMER0 SET*/
                 ;#define T0SET FOSC1024
                 ;
                 ;/*DATA*/
                 ;unsigned char Keypad[16]={0xEE,0xED,0xEB,0xE7,
                 ;                          0xDE,0xDD,0xDB,0xD7,
                 ;                          0xBE,0xBD,0xBB,0xB7,
                 ;                          0x7E,0x7D,0x7B,0x77};
                 
                 	.DSEG
                 ;unsigned char pressed,numb;
                 ;void output();
                 ;void pop(unsigned char);
                 ;eeprom unsigned int num;
                 ;
                 ;
                 ;// Timer 0 overflow interrupt service routine
                 ;interrupt [TIM0_OVF] void timer0_ovf_isr(void)
                 ; 0000 0038 {
                 
                 	.CSEG
                 _timer0_ovf_isr:
00007a 920a      	ST   -Y,R0
00007b 921a      	ST   -Y,R1
00007c 92fa      	ST   -Y,R15
00007d 936a      	ST   -Y,R22
00007e 937a      	ST   -Y,R23
00007f 938a      	ST   -Y,R24
000080 939a      	ST   -Y,R25
000081 93aa      	ST   -Y,R26
000082 93ba      	ST   -Y,R27
000083 93ea      	ST   -Y,R30
000084 93fa      	ST   -Y,R31
000085 b7ef      	IN   R30,SREG
000086 93ea      	ST   -Y,R30
                 ; 0000 0039     unsigned char i,j,k=0;
                 ; 0000 003A     unsigned char kbsw[4]={0xF7,0xFB,0xFD,0xFE};
                 ; 0000 003B     for(i=0;i<=3;i++)
000087 9724      	SBIW R28,4
000088 efe7      	LDI  R30,LOW(247)
000089 83e8      	ST   Y,R30
00008a efeb      	LDI  R30,LOW(251)
00008b 83e9      	STD  Y+1,R30
00008c efed      	LDI  R30,LOW(253)
00008d 83ea      	STD  Y+2,R30
00008e efee      	LDI  R30,LOW(254)
00008f 83eb      	STD  Y+3,R30
000090 d1a4      	RCALL __SAVELOCR3
                 ;	i -> R16
                 ;	j -> R17
                 ;	k -> R18
                 ;	kbsw -> Y+3
000091 e020      	LDI  R18,0
000092 e000      	LDI  R16,LOW(0)
                 _0x5:
000093 3004      	CPI  R16,4
000094 f508      	BRSH _0x6
                 ; 0000 003C     {
                 ; 0000 003D         PORTA=kbsw[i];
000095 2fe0      	MOV  R30,R16
000096 d15e      	RCALL SUBOPT_0x0
000097 2fac      	MOV  R26,R28
000098 2fbd      	MOV  R27,R29
000099 9613      	ADIW R26,3
00009a 0fae      	ADD  R26,R30
00009b 1fbf      	ADC  R27,R31
00009c 91ec      	LD   R30,X
00009d bbeb      	OUT  0x1B,R30
                 ; 0000 003E         /*if(PINA==kbsw[i])
                 ; 0000 003F         {
                 ; 0000 0040             pressed == true;
                 ; 0000 0041         } */
                 ; 0000 0042         for(j=0;j<16;j++)
00009e e010      	LDI  R17,LOW(0)
                 _0x8:
00009f 3110      	CPI  R17,16
0000a0 f498      	BRSH _0x9
                 ; 0000 0043         {
                 ; 0000 0044             if(PINA==Keypad[j])
0000a1 b3e9      	IN   R30,0x19
0000a2 2fae      	MOV  R26,R30
0000a3 2fe1      	MOV  R30,R17
0000a4 d150      	RCALL SUBOPT_0x0
0000a5 52e0      	SUBI R30,LOW(-_Keypad)
0000a6 4fff      	SBCI R31,HIGH(-_Keypad)
0000a7 81e0      	LD   R30,Z
0000a8 17ea      	CP   R30,R26
0000a9 f441      	BRNE _0xA
                 ; 0000 0045             {
                 ; 0000 0046                 /*if((num&0x000F)!=j)
                 ; 0000 0047                 {
                 ; 0000 0048                     pop(j);
                 ; 0000 0049                     pressed=j;
                 ; 0000 004A                     k=1;
                 ; 0000 004B                     //delay_ms(10);
                 ; 0000 004C                     return;
                 ; 0000 004D                 }
                 ; 0000 004E                 else if((num&0x000F)==j && (pressed == 0xFF))
                 ; 0000 004F                 {
                 ; 0000 0050                     pop(j);
                 ; 0000 0051                     pressed=j;
                 ; 0000 0052                     k=1;
                 ; 0000 0053                     return;
                 ; 0000 0054                     delay_ms(10);
                 ; 0000 0055                 }
                 ; 0000 0056                 else
                 ; 0000 0057                 {
                 ; 0000 0058                     k=1;
                 ; 0000 0059                 } */
                 ; 0000 005A                 if(j==0)
0000aa 3010      	CPI  R17,0
0000ab f431      	BRNE _0xB
                 ; 0000 005B                 {
                 ; 0000 005C                     num=0;
0000ac e0a0      	LDI  R26,LOW(_num)
0000ad e0b0      	LDI  R27,HIGH(_num)
0000ae e0e0      	LDI  R30,LOW(0)
0000af e0f0      	LDI  R31,HIGH(0)
0000b0 d16b      	RCALL __EEPROMWRW
                 ; 0000 005D                     output();
0000b1 d067      	RCALL _output
                 ; 0000 005E                 }
                 ; 0000 005F             }
                 _0xB:
                 ; 0000 0060         }
                 _0xA:
0000b2 5f1f      	SUBI R17,-1
0000b3 cfeb      	RJMP _0x8
                 _0x9:
                 ; 0000 0061     }
0000b4 5f0f      	SUBI R16,-1
0000b5 cfdd      	RJMP _0x5
                 _0x6:
                 ; 0000 0062     if(k==0)
0000b6 3020      	CPI  R18,0
0000b7 f411      	BRNE _0xC
                 ; 0000 0063     {
                 ; 0000 0064         pressed=0xFF;
0000b8 efef      	LDI  R30,LOW(255)
0000b9 2e4e      	MOV  R4,R30
                 ; 0000 0065     }
                 ; 0000 0066     else
                 _0xC:
                 ; 0000 0067     {
                 ; 0000 0068         return;
                 ; 0000 0069     }
                 ; 0000 006A 
                 ; 0000 006B }
                 _0x16:
0000ba d17e      	RCALL __LOADLOCR3
0000bb 9627      	ADIW R28,7
0000bc 91e9      	LD   R30,Y+
0000bd bfef      	OUT  SREG,R30
0000be 91f9      	LD   R31,Y+
0000bf 91e9      	LD   R30,Y+
0000c0 91b9      	LD   R27,Y+
0000c1 91a9      	LD   R26,Y+
0000c2 9199      	LD   R25,Y+
0000c3 9189      	LD   R24,Y+
0000c4 9179      	LD   R23,Y+
0000c5 9169      	LD   R22,Y+
0000c6 90f9      	LD   R15,Y+
0000c7 9019      	LD   R1,Y+
0000c8 9009      	LD   R0,Y+
0000c9 9518      	RETI
                 ;
                 ;// Declare your global variables here
                 ;
                 ;void main(void)
                 ; 0000 0070 {
                 _main:
                 ; 0000 0071 // Declare your local variables here
                 ; 0000 0072 
                 ; 0000 0073 // Input/Output Ports initialization
                 ; 0000 0074 // Port A initialization
                 ; 0000 0075 // Func7=In Func6=In Func5=In Func4=In Func3=Out Func2=Out Func1=Out Func0=Out
                 ; 0000 0076 // State7=T State6=T State5=T State4=T State3=0 State2=0 State1=0 State0=0
                 ; 0000 0077 PORTA=0xF0;
0000ca efe0      	LDI  R30,LOW(240)
0000cb bbeb      	OUT  0x1B,R30
                 ; 0000 0078 DDRA=0x0F;
0000cc e0ef      	LDI  R30,LOW(15)
0000cd bbea      	OUT  0x1A,R30
                 ; 0000 0079 
                 ; 0000 007A // Port B initialization
                 ; 0000 007B // Func7=In Func6=In Func5=In Func4=In Func3=In Func2=In Func1=In Func0=In
                 ; 0000 007C // State7=T State6=T State5=T State4=T State3=T State2=T State1=T State0=T
                 ; 0000 007D PORTB=0x00;
0000ce e0e0      	LDI  R30,LOW(0)
0000cf bbe8      	OUT  0x18,R30
                 ; 0000 007E DDRB=0x00;
0000d0 bbe7      	OUT  0x17,R30
                 ; 0000 007F 
                 ; 0000 0080 // Port C initialization
                 ; 0000 0081 // Func7=In Func6=In Func5=In Func4=In Func3=In Func2=In Func1=In Func0=In
                 ; 0000 0082 // State7=T State6=T State5=T State4=T State3=T State2=T State1=T State0=T
                 ; 0000 0083 PORTC=0x00;
0000d1 bbe5      	OUT  0x15,R30
                 ; 0000 0084 DDRC=0x00;
0000d2 bbe4      	OUT  0x14,R30
                 ; 0000 0085 
                 ; 0000 0086 // Port D initialization
                 ; 0000 0087 // Func7=In Func6=Out Func5=In Func4=In Func3=In Func2=In Func1=Out Func0=Out
                 ; 0000 0088 // State7=T State6=1 State5=T State4=T State3=T State2=T State1=0 State0=0
                 ; 0000 0089 PORTD=0x41;
0000d3 e4e1      	LDI  R30,LOW(65)
0000d4 bbe2      	OUT  0x12,R30
                 ; 0000 008A DDRD=0x71;
0000d5 e7e1      	LDI  R30,LOW(113)
0000d6 bbe1      	OUT  0x11,R30
                 ; 0000 008B 
                 ; 0000 008C // Timer/Counter 0 initialization
                 ; 0000 008D // Clock source: System Clock
                 ; 0000 008E // Clock value: Timer 0 Stopped
                 ; 0000 008F TCCR0=0x00;
0000d7 e0e0      	LDI  R30,LOW(0)
0000d8 bfe3      	OUT  0x33,R30
                 ; 0000 0090 TCNT0=0x00;
0000d9 bfe2      	OUT  0x32,R30
                 ; 0000 0091 
                 ; 0000 0092 // Timer/Counter 1 initialization
                 ; 0000 0093 // Clock source: System Clock
                 ; 0000 0094 // Clock value: Timer1 Stopped
                 ; 0000 0095 // Mode: Normal top=0xFFFF
                 ; 0000 0096 // OC1A output: Discon.
                 ; 0000 0097 // OC1B output: Discon.
                 ; 0000 0098 // Noise Canceler: Off
                 ; 0000 0099 // Input Capture on Falling Edge
                 ; 0000 009A // Timer1 Overflow Interrupt: Off
                 ; 0000 009B // Input Capture Interrupt: Off
                 ; 0000 009C // Compare A Match Interrupt: Off
                 ; 0000 009D // Compare B Match Interrupt: Off
                 ; 0000 009E TCCR1A=0x00;
0000da bdef      	OUT  0x2F,R30
                 ; 0000 009F TCCR1B=0x00;
0000db bdee      	OUT  0x2E,R30
                 ; 0000 00A0 TCNT1H=0x00;
0000dc bded      	OUT  0x2D,R30
                 ; 0000 00A1 TCNT1L=0x00;
0000dd bdec      	OUT  0x2C,R30
                 ; 0000 00A2 OCR1AH=0x00;
0000de bdeb      	OUT  0x2B,R30
                 ; 0000 00A3 OCR1AL=0x00;
0000df bdea      	OUT  0x2A,R30
                 ; 0000 00A4 OCR1BH=0x00;
0000e0 bde9      	OUT  0x29,R30
                 ; 0000 00A5 OCR1BL=0x00;
0000e1 bde8      	OUT  0x28,R30
                 ; 0000 00A6 
                 ; 0000 00A7 // Timer/Counter 2 initialization
                 ; 0000 00A8 // Clock source: System Clock
                 ; 0000 00A9 // Clock value: Timer2 Stopped
                 ; 0000 00AA // Mode: Normal top=0xFF
                 ; 0000 00AB // OC2 output: Disconnected
                 ; 0000 00AC ASSR=0x00;
0000e2 bde2      	OUT  0x22,R30
                 ; 0000 00AD TCCR2=0x00;
0000e3 bde5      	OUT  0x25,R30
                 ; 0000 00AE TCNT2=0x00;
0000e4 bde4      	OUT  0x24,R30
                 ; 0000 00AF OCR2=0x00;
0000e5 bde3      	OUT  0x23,R30
                 ; 0000 00B0 
                 ; 0000 00B1 // External Interrupt(s) initialization
                 ; 0000 00B2 // INT0: Off
                 ; 0000 00B3 // INT1: Off
                 ; 0000 00B4 GIMSK=0x00;
0000e6 bfeb      	OUT  0x3B,R30
                 ; 0000 00B5 MCUCR=0x00;
0000e7 bfe5      	OUT  0x35,R30
                 ; 0000 00B6 
                 ; 0000 00B7 // Timer(s)/Counter(s) Interrupt(s) initialization
                 ; 0000 00B8 TIMSK=0x01;
0000e8 e0e1      	LDI  R30,LOW(1)
0000e9 bfe9      	OUT  0x39,R30
                 ; 0000 00B9 
                 ; 0000 00BA // UART initialization
                 ; 0000 00BB // UART disabled
                 ; 0000 00BC UCR=0x00;
0000ea e0e0      	LDI  R30,LOW(0)
0000eb b9ea      	OUT  0xA,R30
                 ; 0000 00BD 
                 ; 0000 00BE // Analog Comparator initialization
                 ; 0000 00BF // Analog Comparator: Off
                 ; 0000 00C0 // Analog Comparator Input Capture by Timer/Counter 1: Off
                 ; 0000 00C1 ACSR=0x80;
0000ec e8e0      	LDI  R30,LOW(128)
0000ed b9e8      	OUT  0x8,R30
                 ; 0000 00C2 
                 ; 0000 00C3 // ADC initialization
                 ; 0000 00C4 // ADC disabled
                 ; 0000 00C5 ADCSR=0x00;
0000ee e0e0      	LDI  R30,LOW(0)
0000ef b9e6      	OUT  0x6,R30
                 ; 0000 00C6 
                 ; 0000 00C7 // SPI initialization
                 ; 0000 00C8 // SPI disabled
                 ; 0000 00C9 SPCR=0x00;
0000f0 b9ed      	OUT  0xD,R30
                 ; 0000 00CA 
                 ; 0000 00CB // Alphanumeric LCD initialization
                 ; 0000 00CC // Connections are specified in the
                 ; 0000 00CD // Project|Configure|C Compiler|Libraries|Alphanumeric LCD menu:
                 ; 0000 00CE // RS - PORTD Bit 5
                 ; 0000 00CF // RD - PORTD Bit 4
                 ; 0000 00D0 // EN - PORTD Bit 0
                 ; 0000 00D1 // D4 - PORTB Bit 0
                 ; 0000 00D2 // D5 - PORTB Bit 1
                 ; 0000 00D3 // D6 - PORTB Bit 2
                 ; 0000 00D4 // D7 - PORTB Bit 3
                 ; 0000 00D5 // Characters/line: 16
                 ; 0000 00D6 lcd_init(16);
0000f1 e1a0      	LDI  R26,LOW(16)
0000f2 d0d8      	RCALL _lcd_init
                 ; 0000 00D7 
                 ; 0000 00D8 // Global enable interrupts
                 ; 0000 00D9 #asm("sei")
0000f3 9478      	sei
                 ; 0000 00DA //lcd_clear();
                 ; 0000 00DB lcd_gotoxy(2,0);
0000f4 e0e2      	LDI  R30,LOW(2)
0000f5 93ea      	ST   -Y,R30
0000f6 e0a0      	LDI  R26,LOW(0)
0000f7 d084      	RCALL _lcd_gotoxy
                 ; 0000 00DC lcd_putsf("= Trial-10 =");
                +
0000f8 e4a4     +LDI R26 , LOW ( 2 * _0x0 + ( 0 ) )
0000f9 e0b0     +LDI R27 , HIGH ( 2 * _0x0 + ( 0 ) )
                 	__POINTW2FN _0x0,0
0000fa d0bc      	RCALL _lcd_putsf
                 ; 0000 00DD lcd_gotoxy(2,1);
0000fb e0e2      	LDI  R30,LOW(2)
0000fc 93ea      	ST   -Y,R30
0000fd e0a1      	LDI  R26,LOW(1)
0000fe d07d      	RCALL _lcd_gotoxy
                 ; 0000 00DE lcd_putsf("LCD Enable");
                +
0000ff e5a1     +LDI R26 , LOW ( 2 * _0x0 + ( 13 ) )
000100 e0b0     +LDI R27 , HIGH ( 2 * _0x0 + ( 13 ) )
                 	__POINTW2FN _0x0,13
000101 d0b5      	RCALL _lcd_putsf
                 ; 0000 00DF delay_ms(1000);
000102 eea8      	LDI  R26,LOW(1000)
000103 e0b3      	LDI  R27,HIGH(1000)
000104 d0fd      	RCALL _delay_ms
                 ; 0000 00E0 lcd_clear();
000105 d083      	RCALL _lcd_clear
                 ; 0000 00E1 
                 ; 0000 00E2 delay_ms(1000);
000106 eea8      	LDI  R26,LOW(1000)
000107 e0b3      	LDI  R27,HIGH(1000)
000108 d0f9      	RCALL _delay_ms
                 ; 0000 00E3 TCCR0=FOSC1024;
000109 e0e5      	LDI  R30,LOW(5)
00010a bfe3      	OUT  0x33,R30
                 ; 0000 00E4 output();
00010b d00d      	RCALL _output
                 ; 0000 00E5 while (1)
                 _0xE:
                 ; 0000 00E6       {
                 ; 0000 00E7             if(PIND.2==0)
00010c 9982      	SBIC 0x10,2
00010d c009      	RJMP _0x11
                 ; 0000 00E8             {
                 ; 0000 00E9                 num++;
00010e e0a0      	LDI  R26,LOW(_num)
00010f e0b0      	LDI  R27,HIGH(_num)
000110 d0fb      	RCALL __EEPROMRDW
000111 9631      	ADIW R30,1
000112 d109      	RCALL __EEPROMWRW
000113 9731      	SBIW R30,1
                 ; 0000 00EA                 output();
000114 d004      	RCALL _output
                 ; 0000 00EB                 while(PIND.2==0);
                 _0x12:
000115 9b82      	SBIS 0x10,2
000116 cffe      	RJMP _0x12
                 ; 0000 00EC             }
                 ; 0000 00ED       }
                 _0x11:
000117 cff4      	RJMP _0xE
                 ; 0000 00EE 
                 ; 0000 00EF }
                 _0x15:
000118 cfff      	RJMP _0x15
                 ;
                 ;void pop(unsigned char keyin)
                 ; 0000 00F2 {
                 ; 0000 00F3         num=keyin;
                 ;	keyin -> Y+0
                 ; 0000 00F4         output();
                 ; 0000 00F5         return;
                 ; 0000 00F6 }
                 ;
                 ;void output()
                 ; 0000 00F9 {
                 _output:
                 ; 0000 00FA     unsigned char a[6];
                 ; 0000 00FB     lcd_clear();
000119 9726      	SBIW R28,6
                 ;	a -> Y+0
00011a d06e      	RCALL _lcd_clear
                 ; 0000 00FC     itoa(num,a);
00011b e0a0      	LDI  R26,LOW(_num)
00011c e0b0      	LDI  R27,HIGH(_num)
00011d d0ee      	RCALL __EEPROMRDW
00011e 93fa      	ST   -Y,R31
00011f 93ea      	ST   -Y,R30
000120 2fac      	MOV  R26,R28
000121 2fbd      	MOV  R27,R29
000122 9612      	ADIW R26,2
000123 d009      	RCALL _itoa
                 ; 0000 00FD     lcd_gotoxy(0,0);
000124 e0e0      	LDI  R30,LOW(0)
000125 93ea      	ST   -Y,R30
000126 e0a0      	LDI  R26,LOW(0)
000127 d054      	RCALL _lcd_gotoxy
                 ; 0000 00FE     lcd_puts(a);
000128 2fac      	MOV  R26,R28
000129 2fbd      	MOV  R27,R29
00012a d07d      	RCALL _lcd_puts
                 ; 0000 00FF }
00012b 9626      	ADIW R28,6
00012c 9508      	RET
                 	#ifndef __SLEEP_DEFINED__
                 	#endif
                 
                 	.CSEG
                 
                 	.CSEG
                 _itoa:
00012d 93ba      	ST   -Y,R27
00012e 93aa      	ST   -Y,R26
00012f 91a9          ld   r26,y+
000130 91b9          ld   r27,y+
000131 91e9          ld   r30,y+
000132 91f9          ld   r31,y+
000133 9630          adiw r30,0
000134 f42a          brpl __itoa0
000135 95e0          com  r30
000136 95f0          com  r31
000137 9631          adiw r30,1
000138 e26d          ldi  r22,'-'
000139 936d          st   x+,r22
                 __itoa0:
00013a 94e8          clt
00013b e180          ldi  r24,low(10000)
00013c e297          ldi  r25,high(10000)
00013d d00d          rcall __itoa1
00013e ee88          ldi  r24,low(1000)
00013f e093          ldi  r25,high(1000)
000140 d00a          rcall __itoa1
000141 e684          ldi  r24,100
000142 2799          clr  r25
000143 d007          rcall __itoa1
000144 e08a          ldi  r24,10
000145 d005          rcall __itoa1
000146 2f6e          mov  r22,r30
000147 d010          rcall __itoa5
000148 2766          clr  r22
000149 936c          st   x,r22
00014a 9508          ret
                 
                 __itoa1:
00014b 2766          clr	 r22
                 __itoa2:
00014c 17e8          cp   r30,r24
00014d 07f9          cpc  r31,r25
00014e f020          brlo __itoa3
00014f 9563          inc  r22
000150 1be8          sub  r30,r24
000151 0bf9          sbc  r31,r25
000152 f7c9          brne __itoa2
                 __itoa3:
000153 2366          tst  r22
000154 f411          brne __itoa4
000155 f016          brts __itoa5
000156 9508          ret
                 __itoa4:
000157 9468          set
                 __itoa5:
000158 5d60          subi r22,-0x30
000159 936d          st   x+,r22
00015a 9508          ret
                 
                 	.DSEG
                 
                 	.CSEG
                 	#ifndef __SLEEP_DEFINED__
                 	#endif
                 
                 	.DSEG
                 
                 	.CSEG
                 __lcd_write_nibble_G102:
00015b 93aa      	ST   -Y,R26
00015c b3e8      	IN   R30,0x18
00015d 7fe0      	ANDI R30,LOW(0xF0)
00015e 2fae      	MOV  R26,R30
00015f 81e8      	LD   R30,Y
000160 95e2      	SWAP R30
000161 70ef      	ANDI R30,0xF
000162 2bea      	OR   R30,R26
000163 bbe8      	OUT  0x18,R30
                +
000164 e085     +LDI R24 , LOW ( 5 )
                +__DELAY_USB_LOOP :
000165 958a     +DEC R24
000166 f7f1     +BRNE __DELAY_USB_LOOP
                 	__DELAY_USB 5
000167 9a90      	SBI  0x12,0
                +
000168 e08d     +LDI R24 , LOW ( 13 )
                +__DELAY_USB_LOOP :
000169 958a     +DEC R24
00016a f7f1     +BRNE __DELAY_USB_LOOP
                 	__DELAY_USB 13
00016b 9890      	CBI  0x12,0
                +
00016c e08d     +LDI R24 , LOW ( 13 )
                +__DELAY_USB_LOOP :
00016d 958a     +DEC R24
00016e f7f1     +BRNE __DELAY_USB_LOOP
                 	__DELAY_USB 13
00016f c083      	RJMP _0x20C0001
                 __lcd_write_data:
000170 93aa      	ST   -Y,R26
000171 81a8      	LD   R26,Y
000172 dfe8      	RCALL __lcd_write_nibble_G102
000173 81e8          ld    r30,y
000174 95e2          swap  r30
000175 83e8          st    y,r30
000176 81a8      	LD   R26,Y
000177 dfe3      	RCALL __lcd_write_nibble_G102
                +
000178 e885     +LDI R24 , LOW ( 133 )
                +__DELAY_USB_LOOP :
000179 958a     +DEC R24
00017a f7f1     +BRNE __DELAY_USB_LOOP
                 	__DELAY_USB 133
00017b c077      	RJMP _0x20C0001
                 _lcd_gotoxy:
00017c 93aa      	ST   -Y,R26
00017d 81e8      	LD   R30,Y
00017e d076      	RCALL SUBOPT_0x0
00017f 50ec      	SUBI R30,LOW(-__base_y_G102)
000180 4fff      	SBCI R31,HIGH(-__base_y_G102)
000181 81e0      	LD   R30,Z
000182 81a9      	LDD  R26,Y+1
000183 0fae      	ADD  R26,R30
000184 dfeb      	RCALL __lcd_write_data
000185 8069      	LDD  R6,Y+1
000186 8078      	LDD  R7,Y+0
000187 9622      	ADIW R28,2
000188 9508      	RET
                 _lcd_clear:
000189 e0a2      	LDI  R26,LOW(2)
00018a d06c      	RCALL SUBOPT_0x1
00018b e0ac      	LDI  R26,LOW(12)
00018c dfe3      	RCALL __lcd_write_data
00018d e0a1      	LDI  R26,LOW(1)
00018e d068      	RCALL SUBOPT_0x1
00018f e0e0      	LDI  R30,LOW(0)
000190 2e7e      	MOV  R7,R30
000191 2e6e      	MOV  R6,R30
000192 9508      	RET
                 _lcd_putchar:
000193 93aa      	ST   -Y,R26
000194 81a8      	LD   R26,Y
000195 30aa      	CPI  R26,LOW(0xA)
000196 f011      	BREQ _0x2040005
000197 1468      	CP   R6,R8
000198 f048      	BRLO _0x2040004
                 _0x2040005:
000199 e0e0      	LDI  R30,LOW(0)
00019a 93ea      	ST   -Y,R30
00019b 9473      	INC  R7
00019c 2da7      	MOV  R26,R7
00019d dfde      	RCALL _lcd_gotoxy
00019e 81a8      	LD   R26,Y
00019f 30aa      	CPI  R26,LOW(0xA)
0001a0 f409      	BRNE _0x2040007
0001a1 c051      	RJMP _0x20C0001
                 _0x2040007:
                 _0x2040004:
0001a2 9463      	INC  R6
0001a3 9a95      	SBI  0x12,5
0001a4 81a8      	LD   R26,Y
0001a5 dfca      	RCALL __lcd_write_data
0001a6 9895      	CBI  0x12,5
0001a7 c04b      	RJMP _0x20C0001
                 _lcd_puts:
0001a8 93ba      	ST   -Y,R27
0001a9 93aa      	ST   -Y,R26
0001aa 930a      	ST   -Y,R16
                 _0x2040008:
0001ab 81a9      	LDD  R26,Y+1
0001ac 81ba      	LDD  R27,Y+1+1
0001ad 91ed      	LD   R30,X+
0001ae 83a9      	STD  Y+1,R26
0001af 83ba      	STD  Y+1+1,R27
0001b0 2f0e      	MOV  R16,R30
0001b1 30e0      	CPI  R30,0
0001b2 f019      	BREQ _0x204000A
0001b3 2fa0      	MOV  R26,R16
0001b4 dfde      	RCALL _lcd_putchar
0001b5 cff5      	RJMP _0x2040008
                 _0x204000A:
0001b6 c011      	RJMP _0x20C0002
                 _lcd_putsf:
0001b7 93ba      	ST   -Y,R27
0001b8 93aa      	ST   -Y,R26
0001b9 930a      	ST   -Y,R16
                 _0x204000B:
0001ba 81e9      	LDD  R30,Y+1
0001bb 81fa      	LDD  R31,Y+1+1
0001bc 9631      	ADIW R30,1
0001bd 83e9      	STD  Y+1,R30
0001be 83fa      	STD  Y+1+1,R31
0001bf 9731      	SBIW R30,1
0001c0 95c8      	LPM
0001c1 2de0      	MOV  R30,R0
0001c2 2f0e      	MOV  R16,R30
0001c3 30e0      	CPI  R30,0
0001c4 f019      	BREQ _0x204000D
0001c5 2fa0      	MOV  R26,R16
0001c6 dfcc      	RCALL _lcd_putchar
0001c7 cff2      	RJMP _0x204000B
                 _0x204000D:
                 _0x20C0002:
0001c8 8108      	LDD  R16,Y+0
0001c9 9623      	ADIW R28,3
0001ca 9508      	RET
                 _lcd_init:
0001cb 93aa      	ST   -Y,R26
0001cc b3e7      	IN   R30,0x17
0001cd 60ef      	ORI  R30,LOW(0xF)
0001ce bbe7      	OUT  0x17,R30
0001cf 9a88      	SBI  0x11,0
0001d0 9a8d      	SBI  0x11,5
0001d1 9a8c      	SBI  0x11,4
0001d2 9890      	CBI  0x12,0
0001d3 9895      	CBI  0x12,5
0001d4 9894      	CBI  0x12,4
0001d5 8088      	LDD  R8,Y+0
0001d6 81e8      	LD   R30,Y
0001d7 58e0      	SUBI R30,-LOW(128)
                +
0001d8 93e0 00f6+STS __base_y_G102 + ( 2 ) , R30
                 	__PUTB1MN __base_y_G102,2
0001da 81e8      	LD   R30,Y
0001db 54e0      	SUBI R30,-LOW(192)
                +
0001dc 93e0 00f7+STS __base_y_G102 + ( 3 ) , R30
                 	__PUTB1MN __base_y_G102,3
0001de e1a4      	LDI  R26,LOW(20)
0001df e0b0      	LDI  R27,0
0001e0 d021      	RCALL _delay_ms
0001e1 d019      	RCALL SUBOPT_0x2
0001e2 d018      	RCALL SUBOPT_0x2
0001e3 d017      	RCALL SUBOPT_0x2
0001e4 e2a0      	LDI  R26,LOW(32)
0001e5 df75      	RCALL __lcd_write_nibble_G102
                +
0001e6 ec88     +LDI R24 , LOW ( 200 )
0001e7 e090     +LDI R25 , HIGH ( 200 )
                +__DELAY_USW_LOOP :
0001e8 9701     +SBIW R24 , 1
0001e9 f7f1     +BRNE __DELAY_USW_LOOP
                 	__DELAY_USW 200
0001ea e2a8      	LDI  R26,LOW(40)
0001eb df84      	RCALL __lcd_write_data
0001ec e0a4      	LDI  R26,LOW(4)
0001ed df82      	RCALL __lcd_write_data
0001ee e8a5      	LDI  R26,LOW(133)
0001ef df80      	RCALL __lcd_write_data
0001f0 e0a6      	LDI  R26,LOW(6)
0001f1 df7e      	RCALL __lcd_write_data
0001f2 df96      	RCALL _lcd_clear
                 _0x20C0001:
0001f3 9621      	ADIW R28,1
0001f4 9508      	RET
                 
                 	.CSEG
                 
                 	.CSEG
                 
                 	.CSEG
                 
                 	.DSEG
                 _Keypad:
0000e0           	.BYTE 0x10
                 
                 	.ESEG
                 _num:
000000           	.BYTE 0x2
                 
                 	.DSEG
                 __seed_G101:
0000f0           	.BYTE 0x4
                 __base_y_G102:
0000f4           	.BYTE 0x4
                 
                 	.CSEG
                 ;OPTIMIZER ADDED SUBROUTINE, CALLED 3 TIMES, CODE SIZE REDUCTION:2 WORDS
                 SUBOPT_0x0:
0001f5 e0f0      	LDI  R31,0
0001f6 9508      	RET
                 
                 ;OPTIMIZER ADDED SUBROUTINE, CALLED 2 TIMES, CODE SIZE REDUCTION:3 WORDS
                 SUBOPT_0x1:
0001f7 df78      	RCALL __lcd_write_data
0001f8 e0a3      	LDI  R26,LOW(3)
0001f9 e0b0      	LDI  R27,0
0001fa c007      	RJMP _delay_ms
                 
                 ;OPTIMIZER ADDED SUBROUTINE, CALLED 3 TIMES, CODE SIZE REDUCTION:8 WORDS
                 SUBOPT_0x2:
0001fb e3a0      	LDI  R26,LOW(48)
0001fc df5e      	RCALL __lcd_write_nibble_G102
                +
0001fd ec88     +LDI R24 , LOW ( 200 )
0001fe e090     +LDI R25 , HIGH ( 200 )
                +__DELAY_USW_LOOP :
0001ff 9701     +SBIW R24 , 1
000200 f7f1     +BRNE __DELAY_USW_LOOP
                 	__DELAY_USW 200
000201 9508      	RET
                 
                 
                 	.CSEG
                 _delay_ms:
000202 9610      	adiw r26,0
000203 f039      	breq __delay_ms1
                 __delay_ms0:
                +
000204 ed80     +LDI R24 , LOW ( 0x7D0 )
000205 e097     +LDI R25 , HIGH ( 0x7D0 )
                +__DELAY_USW_LOOP :
000206 9701     +SBIW R24 , 1
000207 f7f1     +BRNE __DELAY_USW_LOOP
                 	__DELAY_USW 0x7D0
000208 95a8      	wdr
000209 9711      	sbiw r26,1
00020a f7c9      	brne __delay_ms0
                 __delay_ms1:
00020b 9508      	ret
                 
                 __EEPROMRDW:
00020c 9611      	ADIW R26,1
00020d d002      	RCALL __EEPROMRDB
00020e 2ffe      	MOV  R31,R30
00020f 9711      	SBIW R26,1
                 
                 __EEPROMRDB:
000210 99e1      	SBIC EECR,EEWE
000211 cffe      	RJMP __EEPROMRDB
000212 93ff      	PUSH R31
000213 b7ff      	IN   R31,SREG
000214 94f8      	CLI
000215 bbae      	OUT  EEARL,R26
000216 bbbf      	OUT  EEARH,R27
000217 9ae0      	SBI  EECR,EERE
000218 b3ed      	IN   R30,EEDR
000219 bfff      	OUT  SREG,R31
00021a 91ff      	POP  R31
00021b 9508      	RET
                 
                 __EEPROMWRW:
00021c d007      	RCALL __EEPROMWRB
00021d 9611      	ADIW R26,1
00021e 93ef      	PUSH R30
00021f 2fef      	MOV  R30,R31
000220 d003      	RCALL __EEPROMWRB
000221 91ef      	POP  R30
000222 9711      	SBIW R26,1
000223 9508      	RET
                 
                 __EEPROMWRB:
000224 9be1      	SBIS EECR,EEWE
000225 c002      	RJMP __EEPROMWRB1
000226 95a8      	WDR
000227 cffc      	RJMP __EEPROMWRB
                 __EEPROMWRB1:
000228 b79f      	IN   R25,SREG
000229 94f8      	CLI
00022a bbae      	OUT  EEARL,R26
00022b bbbf      	OUT  EEARH,R27
00022c 9ae0      	SBI  EECR,EERE
00022d b38d      	IN   R24,EEDR
00022e 17e8      	CP   R30,R24
00022f f019      	BREQ __EEPROMWRB0
000230 bbed      	OUT  EEDR,R30
000231 9ae2      	SBI  EECR,EEMWE
000232 9ae1      	SBI  EECR,EEWE
                 __EEPROMWRB0:
000233 bf9f      	OUT  SREG,R25
000234 9508      	RET
                 
                 __SAVELOCR3:
000235 932a      	ST   -Y,R18
                 __SAVELOCR2:
000236 931a      	ST   -Y,R17
000237 930a      	ST   -Y,R16
000238 9508      	RET
                 
                 __LOADLOCR3:
000239 812a      	LDD  R18,Y+2
                 __LOADLOCR2:
00023a 8119      	LDD  R17,Y+1
00023b 8108      	LD   R16,Y
00023c 9508      	RET
                 
                 ;END OF CODE MARKER
                 __END_OF_CODE:


RESOURCE USE INFORMATION
------------------------

Notice:
The register and instruction counts are symbol table hit counts,
and hence implicitly used resources are not counted, eg, the
'lpm' instruction without operands implicitly uses r0 and z,
none of which are counted.

x,y,z are separate entities in the symbol table and are
counted separately from r26..r31 here.

.dseg memory usage only counts static data declared with .byte

AT90S8535 register use summary:
r0 :  10 r1 :   4 r2 :   0 r3 :   0 r4 :   1 r5 :   0 r6 :   4 r7 :   4 
r8 :   2 r9 :   0 r10:   0 r11:   0 r12:   0 r13:   0 r14:   0 r15:   2 
r16:  13 r17:   7 r18:   4 r19:   0 r20:   0 r21:   0 r22:  14 r23:   4 
r24:  31 r25:  14 r26:  68 r27:  25 r28:  11 r29:   4 r30: 151 r31:  26 
x  :   8 y  :  81 z  :   2 
Registers used: 23 out of 35 (65.7%)

AT90S8535 instruction use summary:
.lds  :   0 .lds.l:   0 .sts  :   0 .sts.l:   0 adc   :   1 add   :   2 
adiw  :  21 and   :   0 andi  :   2 asr   :   0 bclr  :   0 bld   :   0 
brbc  :   0 brbs  :   0 brcc  :   0 brcs  :   0 break :   0 breq  :   6 
brge  :   0 brhc  :   0 brhs  :   0 brid  :   0 brie  :   0 brlo  :   2 
brlt  :   0 brmi  :   0 brne  :  17 brpl  :   1 brsh  :   2 brtc  :   0 
brts  :   1 brvc  :   0 brvs  :   0 bset  :   0 bst   :   0 cbi   :   5 
cbr   :   0 clc   :   0 clh   :   0 cli   :   3 cln   :   0 clr   :   5 
cls   :   0 clt   :   1 clv   :   0 clz   :   0 com   :   2 cp    :   4 
cpc   :   1 cpi   :   8 cpse  :   0 dec   :   5 des   :   0 eor   :   0 
fmul  :   0 fmuls :   0 fmulsu:   0 icall :   0 ijmp  :   0 in    :   8 
inc   :   3 ld    :  31 ldd   :  11 ldi   :  87 lds   :   0 lpm   :  24 
lsl   :   0 lsr   :   0 mov   :  33 movw  :   0 mul   :   0 muls  :   0 
mulsu :   0 neg   :   0 nop   :   0 or    :   1 ori   :   1 out   :  47 
pop   :   2 push  :   2 rcall :  54 ret   :  16 reti  :   1 rjmp  :  36 
rol   :   0 ror   :   0 sbc   :   1 sbci  :   2 sbi   :   9 sbic  :   2 
sbis  :   2 sbiw  :  13 sbr   :   0 sbrc  :   0 sbrs  :   0 sec   :   0 
seh   :   0 sei   :   1 sen   :   0 ser   :   0 ses   :   0 set   :   1 
sev   :   0 sez   :   0 sleep :   0 spm   :   0 st    :  42 std   :   7 
sts   :   2 sub   :   1 subi  :   7 swap  :   2 tst   :   1 wdr   :   2 

Instructions used: 51 out of 114 (44.7%)

AT90S8535 memory use summary [bytes]:
Segment   Begin    End      Code   Data   Used    Size   Use%
---------------------------------------------------------------
[.cseg] 0x000000 0x00047a   1054     92   1146    8192  14.0%
[.dseg] 0x000060 0x0000f8      0     24     24     607   4.0%
[.eseg] 0x000000 0x000002      0      2      2     512   0.4%

Assembly complete, 0 errors, 7 warnings
