
AVRASM ver. 2.1.30  D:\Trial-6\List\Trial-6.asm Wed May 06 00:27:24 2015

D:\Trial-6\List\Trial-6.asm(1028): warning: Register r4 already defined by the .DEF directive
D:\Trial-6\List\Trial-6.asm(1029): warning: Register r6 already defined by the .DEF directive
D:\Trial-6\List\Trial-6.asm(1030): warning: Register r8 already defined by the .DEF directive
D:\Trial-6\List\Trial-6.asm(1031): warning: Register r10 already defined by the .DEF directive
D:\Trial-6\List\Trial-6.asm(1032): warning: Register r11 already defined by the .DEF directive
D:\Trial-6\List\Trial-6.asm(1033): warning: Register r12 already defined by the .DEF directive
D:\Trial-6\List\Trial-6.asm(1034): warning: Register r13 already defined by the .DEF directive
D:\Trial-6\List\Trial-6.asm(1035): warning: Register r14 already defined by the .DEF directive
                 
                 
                 ;CodeVisionAVR C Compiler V2.05.3 Standard
                 ;(C) Copyright 1998-2011 Pavel Haiduc, HP InfoTech s.r.l.
                 ;http://www.hpinfotech.com
                 
                 ;Chip type                : AT90S8535
                 ;Program type             : Application
                 ;Clock frequency          : 8.000000 MHz
                 ;Memory model             : Small
                 ;Optimize for             : Size
                 ;(s)printf features       : int, width
                 ;(s)scanf features        : int, width
                 ;External RAM size        : 0
                 ;Data Stack size          : 128 byte(s)
                 ;Heap size                : 0 byte(s)
                 ;Promote 'char' to 'int'  : Yes
                 ;'char' is unsigned       : Yes
                 ;8 bit enums              : Yes
                 ;Global 'const' stored in FLASH     : No
                 ;Enhanced function parameter passing: Yes
                 ;Smart register allocation          : Off
                 ;Automatic register allocation      : On
                 
                 	#pragma AVRPART ADMIN PART_NAME AT90S8535
                 	#pragma AVRPART MEMORY PROG_FLASH 8192
                 	#pragma AVRPART MEMORY EEPROM 512
                 	#pragma AVRPART MEMORY INT_SRAM SIZE 607
                 	#pragma AVRPART MEMORY INT_SRAM START_ADDR 0x60
                 
                 	.LISTMAC
                 	.EQU UDRE=0x5
                 	.EQU RXC=0x7
                 	.EQU USR=0xB
                 	.EQU UDR=0xC
                 	.EQU SPSR=0xE
                 	.EQU SPDR=0xF
                 	.EQU EERE=0x0
                 	.EQU EEWE=0x1
                 	.EQU EEMWE=0x2
                 	.EQU EECR=0x1C
                 	.EQU EEDR=0x1D
                 	.EQU EEARL=0x1E
                 	.EQU EEARH=0x1F
                 	.EQU WDTCR=0x21
                 	.EQU MCUCR=0x35
                 	.EQU SPL=0x3D
                 	.EQU SPH=0x3E
                 	.EQU SREG=0x3F
                 
                 	.DEF R0X0=R0
                 	.DEF R0X1=R1
                 	.DEF R0X2=R2
                 	.DEF R0X3=R3
                 	.DEF R0X4=R4
                 	.DEF R0X5=R5
                 	.DEF R0X6=R6
                 	.DEF R0X7=R7
                 	.DEF R0X8=R8
                 	.DEF R0X9=R9
                 	.DEF R0XA=R10
                 	.DEF R0XB=R11
                 	.DEF R0XC=R12
                 	.DEF R0XD=R13
                 	.DEF R0XE=R14
                 	.DEF R0XF=R15
                 	.DEF R0X10=R16
                 	.DEF R0X11=R17
                 	.DEF R0X12=R18
                 	.DEF R0X13=R19
                 	.DEF R0X14=R20
                 	.DEF R0X15=R21
                 	.DEF R0X16=R22
                 	.DEF R0X17=R23
                 	.DEF R0X18=R24
                 	.DEF R0X19=R25
                 	.DEF R0X1A=R26
                 	.DEF R0X1B=R27
                 	.DEF R0X1C=R28
                 	.DEF R0X1D=R29
                 	.DEF R0X1E=R30
                 	.DEF R0X1F=R31
                 
                 	.EQU __SRAM_START=0x0060
                 	.EQU __SRAM_END=0x025F
                 	.EQU __DSTACK_SIZE=0x0080
                 	.EQU __HEAP_SIZE=0x0000
                 	.EQU __CLEAR_SRAM_SIZE=__SRAM_END-__SRAM_START+1
                 
                 	.MACRO __CPD1N
                 	CPI  R30,LOW(@0)
                 	LDI  R26,HIGH(@0)
                 	CPC  R31,R26
                 	LDI  R26,BYTE3(@0)
                 	CPC  R22,R26
                 	LDI  R26,BYTE4(@0)
                 	CPC  R23,R26
                 	.ENDM
                 
                 	.MACRO __CPD2N
                 	CPI  R26,LOW(@0)
                 	LDI  R30,HIGH(@0)
                 	CPC  R27,R30
                 	LDI  R30,BYTE3(@0)
                 	CPC  R24,R30
                 	LDI  R30,BYTE4(@0)
                 	CPC  R25,R30
                 	.ENDM
                 
                 	.MACRO __CPWRR
                 	CP   R@0,R@2
                 	CPC  R@1,R@3
                 	.ENDM
                 
                 	.MACRO __CPWRN
                 	CPI  R@0,LOW(@2)
                 	LDI  R30,HIGH(@2)
                 	CPC  R@1,R30
                 	.ENDM
                 
                 	.MACRO __ADDB1MN
                 	SUBI R30,LOW(-@0-(@1))
                 	.ENDM
                 
                 	.MACRO __ADDB2MN
                 	SUBI R26,LOW(-@0-(@1))
                 	.ENDM
                 
                 	.MACRO __ADDW1MN
                 	SUBI R30,LOW(-@0-(@1))
                 	SBCI R31,HIGH(-@0-(@1))
                 	.ENDM
                 
                 	.MACRO __ADDW2MN
                 	SUBI R26,LOW(-@0-(@1))
                 	SBCI R27,HIGH(-@0-(@1))
                 	.ENDM
                 
                 	.MACRO __ADDW1FN
                 	SUBI R30,LOW(-2*@0-(@1))
                 	SBCI R31,HIGH(-2*@0-(@1))
                 	.ENDM
                 
                 	.MACRO __ADDD1FN
                 	SUBI R30,LOW(-2*@0-(@1))
                 	SBCI R31,HIGH(-2*@0-(@1))
                 	SBCI R22,BYTE3(-2*@0-(@1))
                 	.ENDM
                 
                 	.MACRO __ADDD1N
                 	SUBI R30,LOW(-@0)
                 	SBCI R31,HIGH(-@0)
                 	SBCI R22,BYTE3(-@0)
                 	SBCI R23,BYTE4(-@0)
                 	.ENDM
                 
                 	.MACRO __ADDD2N
                 	SUBI R26,LOW(-@0)
                 	SBCI R27,HIGH(-@0)
                 	SBCI R24,BYTE3(-@0)
                 	SBCI R25,BYTE4(-@0)
                 	.ENDM
                 
                 	.MACRO __SUBD1N
                 	SUBI R30,LOW(@0)
                 	SBCI R31,HIGH(@0)
                 	SBCI R22,BYTE3(@0)
                 	SBCI R23,BYTE4(@0)
                 	.ENDM
                 
                 	.MACRO __SUBD2N
                 	SUBI R26,LOW(@0)
                 	SBCI R27,HIGH(@0)
                 	SBCI R24,BYTE3(@0)
                 	SBCI R25,BYTE4(@0)
                 	.ENDM
                 
                 	.MACRO __ANDBMNN
                 	LDS  R30,@0+(@1)
                 	ANDI R30,LOW(@2)
                 	STS  @0+(@1),R30
                 	.ENDM
                 
                 	.MACRO __ANDWMNN
                 	LDS  R30,@0+(@1)
                 	ANDI R30,LOW(@2)
                 	STS  @0+(@1),R30
                 	LDS  R30,@0+(@1)+1
                 	ANDI R30,HIGH(@2)
                 	STS  @0+(@1)+1,R30
                 	.ENDM
                 
                 	.MACRO __ANDD1N
                 	ANDI R30,LOW(@0)
                 	ANDI R31,HIGH(@0)
                 	ANDI R22,BYTE3(@0)
                 	ANDI R23,BYTE4(@0)
                 	.ENDM
                 
                 	.MACRO __ANDD2N
                 	ANDI R26,LOW(@0)
                 	ANDI R27,HIGH(@0)
                 	ANDI R24,BYTE3(@0)
                 	ANDI R25,BYTE4(@0)
                 	.ENDM
                 
                 	.MACRO __ORBMNN
                 	LDS  R30,@0+(@1)
                 	ORI  R30,LOW(@2)
                 	STS  @0+(@1),R30
                 	.ENDM
                 
                 	.MACRO __ORWMNN
                 	LDS  R30,@0+(@1)
                 	ORI  R30,LOW(@2)
                 	STS  @0+(@1),R30
                 	LDS  R30,@0+(@1)+1
                 	ORI  R30,HIGH(@2)
                 	STS  @0+(@1)+1,R30
                 	.ENDM
                 
                 	.MACRO __ORD1N
                 	ORI  R30,LOW(@0)
                 	ORI  R31,HIGH(@0)
                 	ORI  R22,BYTE3(@0)
                 	ORI  R23,BYTE4(@0)
                 	.ENDM
                 
                 	.MACRO __ORD2N
                 	ORI  R26,LOW(@0)
                 	ORI  R27,HIGH(@0)
                 	ORI  R24,BYTE3(@0)
                 	ORI  R25,BYTE4(@0)
                 	.ENDM
                 
                 	.MACRO __DELAY_USB
                 	LDI  R24,LOW(@0)
                 __DELAY_USB_LOOP:
                 	DEC  R24
                 	BRNE __DELAY_USB_LOOP
                 	.ENDM
                 
                 	.MACRO __DELAY_USW
                 	LDI  R24,LOW(@0)
                 	LDI  R25,HIGH(@0)
                 __DELAY_USW_LOOP:
                 	SBIW R24,1
                 	BRNE __DELAY_USW_LOOP
                 	.ENDM
                 
                 	.MACRO __GETD1S
                 	LDD  R30,Y+@0
                 	LDD  R31,Y+@0+1
                 	LDD  R22,Y+@0+2
                 	LDD  R23,Y+@0+3
                 	.ENDM
                 
                 	.MACRO __GETD2S
                 	LDD  R26,Y+@0
                 	LDD  R27,Y+@0+1
                 	LDD  R24,Y+@0+2
                 	LDD  R25,Y+@0+3
                 	.ENDM
                 
                 	.MACRO __PUTD1S
                 	STD  Y+@0,R30
                 	STD  Y+@0+1,R31
                 	STD  Y+@0+2,R22
                 	STD  Y+@0+3,R23
                 	.ENDM
                 
                 	.MACRO __PUTD2S
                 	STD  Y+@0,R26
                 	STD  Y+@0+1,R27
                 	STD  Y+@0+2,R24
                 	STD  Y+@0+3,R25
                 	.ENDM
                 
                 	.MACRO __PUTDZ2
                 	STD  Z+@0,R26
                 	STD  Z+@0+1,R27
                 	STD  Z+@0+2,R24
                 	STD  Z+@0+3,R25
                 	.ENDM
                 
                 	.MACRO __CLRD1S
                 	STD  Y+@0,R30
                 	STD  Y+@0+1,R30
                 	STD  Y+@0+2,R30
                 	STD  Y+@0+3,R30
                 	.ENDM
                 
                 	.MACRO __POINTB1MN
                 	LDI  R30,LOW(@0+(@1))
                 	.ENDM
                 
                 	.MACRO __POINTW1MN
                 	LDI  R30,LOW(@0+(@1))
                 	LDI  R31,HIGH(@0+(@1))
                 	.ENDM
                 
                 	.MACRO __POINTD1M
                 	LDI  R30,LOW(@0)
                 	LDI  R31,HIGH(@0)
                 	LDI  R22,BYTE3(@0)
                 	LDI  R23,BYTE4(@0)
                 	.ENDM
                 
                 	.MACRO __POINTW1FN
                 	LDI  R30,LOW(2*@0+(@1))
                 	LDI  R31,HIGH(2*@0+(@1))
                 	.ENDM
                 
                 	.MACRO __POINTD1FN
                 	LDI  R30,LOW(2*@0+(@1))
                 	LDI  R31,HIGH(2*@0+(@1))
                 	LDI  R22,BYTE3(2*@0+(@1))
                 	LDI  R23,BYTE4(2*@0+(@1))
                 	.ENDM
                 
                 	.MACRO __POINTB2MN
                 	LDI  R26,LOW(@0+(@1))
                 	.ENDM
                 
                 	.MACRO __POINTW2MN
                 	LDI  R26,LOW(@0+(@1))
                 	LDI  R27,HIGH(@0+(@1))
                 	.ENDM
                 
                 	.MACRO __POINTW2FN
                 	LDI  R26,LOW(2*@0+(@1))
                 	LDI  R27,HIGH(2*@0+(@1))
                 	.ENDM
                 
                 	.MACRO __POINTD2FN
                 	LDI  R26,LOW(2*@0+(@1))
                 	LDI  R27,HIGH(2*@0+(@1))
                 	LDI  R24,BYTE3(2*@0+(@1))
                 	LDI  R25,BYTE4(2*@0+(@1))
                 	.ENDM
                 
                 	.MACRO __POINTBRM
                 	LDI  R@0,LOW(@1)
                 	.ENDM
                 
                 	.MACRO __POINTWRM
                 	LDI  R@0,LOW(@2)
                 	LDI  R@1,HIGH(@2)
                 	.ENDM
                 
                 	.MACRO __POINTBRMN
                 	LDI  R@0,LOW(@1+(@2))
                 	.ENDM
                 
                 	.MACRO __POINTWRMN
                 	LDI  R@0,LOW(@2+(@3))
                 	LDI  R@1,HIGH(@2+(@3))
                 	.ENDM
                 
                 	.MACRO __POINTWRFN
                 	LDI  R@0,LOW(@2*2+(@3))
                 	LDI  R@1,HIGH(@2*2+(@3))
                 	.ENDM
                 
                 	.MACRO __GETD1N
                 	LDI  R30,LOW(@0)
                 	LDI  R31,HIGH(@0)
                 	LDI  R22,BYTE3(@0)
                 	LDI  R23,BYTE4(@0)
                 	.ENDM
                 
                 	.MACRO __GETD2N
                 	LDI  R26,LOW(@0)
                 	LDI  R27,HIGH(@0)
                 	LDI  R24,BYTE3(@0)
                 	LDI  R25,BYTE4(@0)
                 	.ENDM
                 
                 	.MACRO __GETB1MN
                 	LDS  R30,@0+(@1)
                 	.ENDM
                 
                 	.MACRO __GETB1HMN
                 	LDS  R31,@0+(@1)
                 	.ENDM
                 
                 	.MACRO __GETW1MN
                 	LDS  R30,@0+(@1)
                 	LDS  R31,@0+(@1)+1
                 	.ENDM
                 
                 	.MACRO __GETD1MN
                 	LDS  R30,@0+(@1)
                 	LDS  R31,@0+(@1)+1
                 	LDS  R22,@0+(@1)+2
                 	LDS  R23,@0+(@1)+3
                 	.ENDM
                 
                 	.MACRO __GETBRMN
                 	LDS  R@0,@1+(@2)
                 	.ENDM
                 
                 	.MACRO __GETWRMN
                 	LDS  R@0,@2+(@3)
                 	LDS  R@1,@2+(@3)+1
                 	.ENDM
                 
                 	.MACRO __GETWRZ
                 	LDD  R@0,Z+@2
                 	LDD  R@1,Z+@2+1
                 	.ENDM
                 
                 	.MACRO __GETD2Z
                 	LDD  R26,Z+@0
                 	LDD  R27,Z+@0+1
                 	LDD  R24,Z+@0+2
                 	LDD  R25,Z+@0+3
                 	.ENDM
                 
                 	.MACRO __GETB2MN
                 	LDS  R26,@0+(@1)
                 	.ENDM
                 
                 	.MACRO __GETW2MN
                 	LDS  R26,@0+(@1)
                 	LDS  R27,@0+(@1)+1
                 	.ENDM
                 
                 	.MACRO __GETD2MN
                 	LDS  R26,@0+(@1)
                 	LDS  R27,@0+(@1)+1
                 	LDS  R24,@0+(@1)+2
                 	LDS  R25,@0+(@1)+3
                 	.ENDM
                 
                 	.MACRO __PUTB1MN
                 	STS  @0+(@1),R30
                 	.ENDM
                 
                 	.MACRO __PUTW1MN
                 	STS  @0+(@1),R30
                 	STS  @0+(@1)+1,R31
                 	.ENDM
                 
                 	.MACRO __PUTD1MN
                 	STS  @0+(@1),R30
                 	STS  @0+(@1)+1,R31
                 	STS  @0+(@1)+2,R22
                 	STS  @0+(@1)+3,R23
                 	.ENDM
                 
                 	.MACRO __PUTB1EN
                 	LDI  R26,LOW(@0+(@1))
                 	LDI  R27,HIGH(@0+(@1))
                 	RCALL __EEPROMWRB
                 	.ENDM
                 
                 	.MACRO __PUTW1EN
                 	LDI  R26,LOW(@0+(@1))
                 	LDI  R27,HIGH(@0+(@1))
                 	RCALL __EEPROMWRW
                 	.ENDM
                 
                 	.MACRO __PUTD1EN
                 	LDI  R26,LOW(@0+(@1))
                 	LDI  R27,HIGH(@0+(@1))
                 	RCALL __EEPROMWRD
                 	.ENDM
                 
                 	.MACRO __PUTBR0MN
                 	STS  @0+(@1),R0
                 	.ENDM
                 
                 	.MACRO __PUTBMRN
                 	STS  @0+(@1),R@2
                 	.ENDM
                 
                 	.MACRO __PUTWMRN
                 	STS  @0+(@1),R@2
                 	STS  @0+(@1)+1,R@3
                 	.ENDM
                 
                 	.MACRO __PUTBZR
                 	STD  Z+@1,R@0
                 	.ENDM
                 
                 	.MACRO __PUTWZR
                 	STD  Z+@2,R@0
                 	STD  Z+@2+1,R@1
                 	.ENDM
                 
                 	.MACRO __GETW1R
                 	MOV  R30,R@0
                 	MOV  R31,R@1
                 	.ENDM
                 
                 	.MACRO __GETW2R
                 	MOV  R26,R@0
                 	MOV  R27,R@1
                 	.ENDM
                 
                 	.MACRO __GETWRN
                 	LDI  R@0,LOW(@2)
                 	LDI  R@1,HIGH(@2)
                 	.ENDM
                 
                 	.MACRO __PUTW1R
                 	MOV  R@0,R30
                 	MOV  R@1,R31
                 	.ENDM
                 
                 	.MACRO __PUTW2R
                 	MOV  R@0,R26
                 	MOV  R@1,R27
                 	.ENDM
                 
                 	.MACRO __ADDWRN
                 	SUBI R@0,LOW(-@2)
                 	SBCI R@1,HIGH(-@2)
                 	.ENDM
                 
                 	.MACRO __ADDWRR
                 	ADD  R@0,R@2
                 	ADC  R@1,R@3
                 	.ENDM
                 
                 	.MACRO __SUBWRN
                 	SUBI R@0,LOW(@2)
                 	SBCI R@1,HIGH(@2)
                 	.ENDM
                 
                 	.MACRO __SUBWRR
                 	SUB  R@0,R@2
                 	SBC  R@1,R@3
                 	.ENDM
                 
                 	.MACRO __ANDWRN
                 	ANDI R@0,LOW(@2)
                 	ANDI R@1,HIGH(@2)
                 	.ENDM
                 
                 	.MACRO __ANDWRR
                 	AND  R@0,R@2
                 	AND  R@1,R@3
                 	.ENDM
                 
                 	.MACRO __ORWRN
                 	ORI  R@0,LOW(@2)
                 	ORI  R@1,HIGH(@2)
                 	.ENDM
                 
                 	.MACRO __ORWRR
                 	OR   R@0,R@2
                 	OR   R@1,R@3
                 	.ENDM
                 
                 	.MACRO __EORWRR
                 	EOR  R@0,R@2
                 	EOR  R@1,R@3
                 	.ENDM
                 
                 	.MACRO __GETWRS
                 	LDD  R@0,Y+@2
                 	LDD  R@1,Y+@2+1
                 	.ENDM
                 
                 	.MACRO __PUTBSR
                 	STD  Y+@1,R@0
                 	.ENDM
                 
                 	.MACRO __PUTWSR
                 	STD  Y+@2,R@0
                 	STD  Y+@2+1,R@1
                 	.ENDM
                 
                 	.MACRO __MOVEWRR
                 	MOV  R@0,R@2
                 	MOV  R@1,R@3
                 	.ENDM
                 
                 	.MACRO __INWR
                 	IN   R@0,@2
                 	IN   R@1,@2+1
                 	.ENDM
                 
                 	.MACRO __OUTWR
                 	OUT  @2+1,R@1
                 	OUT  @2,R@0
                 	.ENDM
                 
                 	.MACRO __CALL1MN
                 	LDS  R30,@0+(@1)
                 	LDS  R31,@0+(@1)+1
                 	ICALL
                 	.ENDM
                 
                 	.MACRO __CALL1FN
                 	LDI  R30,LOW(2*@0+(@1))
                 	LDI  R31,HIGH(2*@0+(@1))
                 	RCALL __GETW1PF
                 	ICALL
                 	.ENDM
                 
                 	.MACRO __CALL2EN
                 	LDI  R26,LOW(@0+(@1))
                 	LDI  R27,HIGH(@0+(@1))
                 	RCALL __EEPROMRDW
                 	ICALL
                 	.ENDM
                 
                 	.MACRO __GETW1STACK
                 	IN   R26,SPL
                 	IN   R27,SPH
                 	ADIW R26,@0+1
                 	LD   R30,X+
                 	LD   R31,X
                 	.ENDM
                 
                 	.MACRO __GETD1STACK
                 	IN   R26,SPL
                 	IN   R27,SPH
                 	ADIW R26,@0+1
                 	LD   R30,X+
                 	LD   R31,X+
                 	LD   R22,X
                 	.ENDM
                 
                 	.MACRO __NBST
                 	BST  R@0,@1
                 	IN   R30,SREG
                 	LDI  R31,0x40
                 	EOR  R30,R31
                 	OUT  SREG,R30
                 	.ENDM
                 
                 
                 	.MACRO __PUTB1SN
                 	LDD  R26,Y+@0
                 	LDD  R27,Y+@0+1
                 	SUBI R26,LOW(-@1)
                 	SBCI R27,HIGH(-@1)
                 	ST   X,R30
                 	.ENDM
                 
                 	.MACRO __PUTW1SN
                 	LDD  R26,Y+@0
                 	LDD  R27,Y+@0+1
                 	SUBI R26,LOW(-@1)
                 	SBCI R27,HIGH(-@1)
                 	ST   X+,R30
                 	ST   X,R31
                 	.ENDM
                 
                 	.MACRO __PUTD1SN
                 	LDD  R26,Y+@0
                 	LDD  R27,Y+@0+1
                 	SUBI R26,LOW(-@1)
                 	SBCI R27,HIGH(-@1)
                 	RCALL __PUTDP1
                 	.ENDM
                 
                 	.MACRO __PUTB1SNS
                 	LDD  R26,Y+@0
                 	LDD  R27,Y+@0+1
                 	ADIW R26,@1
                 	ST   X,R30
                 	.ENDM
                 
                 	.MACRO __PUTW1SNS
                 	LDD  R26,Y+@0
                 	LDD  R27,Y+@0+1
                 	ADIW R26,@1
                 	ST   X+,R30
                 	ST   X,R31
                 	.ENDM
                 
                 	.MACRO __PUTD1SNS
                 	LDD  R26,Y+@0
                 	LDD  R27,Y+@0+1
                 	ADIW R26,@1
                 	RCALL __PUTDP1
                 	.ENDM
                 
                 	.MACRO __PUTB1PMN
                 	LDS  R26,@0
                 	LDS  R27,@0+1
                 	SUBI R26,LOW(-@1)
                 	SBCI R27,HIGH(-@1)
                 	ST   X,R30
                 	.ENDM
                 
                 	.MACRO __PUTW1PMN
                 	LDS  R26,@0
                 	LDS  R27,@0+1
                 	SUBI R26,LOW(-@1)
                 	SBCI R27,HIGH(-@1)
                 	ST   X+,R30
                 	ST   X,R31
                 	.ENDM
                 
                 	.MACRO __PUTD1PMN
                 	LDS  R26,@0
                 	LDS  R27,@0+1
                 	SUBI R26,LOW(-@1)
                 	SBCI R27,HIGH(-@1)
                 	RCALL __PUTDP1
                 	.ENDM
                 
                 	.MACRO __PUTB1PMNS
                 	LDS  R26,@0
                 	LDS  R27,@0+1
                 	ADIW R26,@1
                 	ST   X,R30
                 	.ENDM
                 
                 	.MACRO __PUTW1PMNS
                 	LDS  R26,@0
                 	LDS  R27,@0+1
                 	ADIW R26,@1
                 	ST   X+,R30
                 	ST   X,R31
                 	.ENDM
                 
                 	.MACRO __PUTD1PMNS
                 	LDS  R26,@0
                 	LDS  R27,@0+1
                 	ADIW R26,@1
                 	RCALL __PUTDP1
                 	.ENDM
                 
                 	.MACRO __PUTB1RN
                 	MOV  R26,R@0
                 	MOV  R27,R@1
                 	SUBI R26,LOW(-@2)
                 	SBCI R27,HIGH(-@2)
                 	ST   X,R30
                 	.ENDM
                 
                 	.MACRO __PUTW1RN
                 	MOV  R26,R@0
                 	MOV  R27,R@1
                 	SUBI R26,LOW(-@2)
                 	SBCI R27,HIGH(-@2)
                 	ST   X+,R30
                 	ST   X,R31
                 	.ENDM
                 
                 	.MACRO __PUTD1RN
                 	MOV  R26,R@0
                 	MOV  R27,R@1
                 	SUBI R26,LOW(-@2)
                 	SBCI R27,HIGH(-@2)
                 	RCALL __PUTDP1
                 	.ENDM
                 
                 	.MACRO __PUTB1RNS
                 	MOV  R26,R@0
                 	MOV  R27,R@1
                 	ADIW R26,@2
                 	ST   X,R30
                 	.ENDM
                 
                 	.MACRO __PUTW1RNS
                 	MOV  R26,R@0
                 	MOV  R27,R@1
                 	ADIW R26,@2
                 	ST   X+,R30
                 	ST   X,R31
                 	.ENDM
                 
                 	.MACRO __PUTD1RNS
                 	MOV  R26,R@0
                 	MOV  R27,R@1
                 	ADIW R26,@2
                 	RCALL __PUTDP1
                 	.ENDM
                 
                 
                 	.MACRO __GETB1SX
                 	MOV  R30,R28
                 	MOV  R31,R29
                 	SUBI R30,LOW(-@0)
                 	SBCI R31,HIGH(-@0)
                 	LD   R30,Z
                 	.ENDM
                 
                 	.MACRO __GETB1HSX
                 	MOV  R30,R28
                 	MOV  R31,R29
                 	SUBI R30,LOW(-@0)
                 	SBCI R31,HIGH(-@0)
                 	LD   R31,Z
                 	.ENDM
                 
                 	.MACRO __GETW1SX
                 	MOV  R30,R28
                 	MOV  R31,R29
                 	SUBI R30,LOW(-@0)
                 	SBCI R31,HIGH(-@0)
                 	LD   R0,Z+
                 	LD   R31,Z
                 	MOV  R30,R0
                 	.ENDM
                 
                 	.MACRO __GETD1SX
                 	MOV  R30,R28
                 	MOV  R31,R29
                 	SUBI R30,LOW(-@0)
                 	SBCI R31,HIGH(-@0)
                 	LD   R0,Z+
                 	LD   R1,Z+
                 	LD   R22,Z+
                 	LD   R23,Z
                 	MOV  R30,R0
                 	MOV  R31,R1
                 	.ENDM
                 
                 	.MACRO __GETB2SX
                 	MOV  R26,R28
                 	MOV  R27,R29
                 	SUBI R26,LOW(-@0)
                 	SBCI R27,HIGH(-@0)
                 	LD   R26,X
                 	.ENDM
                 
                 	.MACRO __GETW2SX
                 	MOV  R26,R28
                 	MOV  R27,R29
                 	SUBI R26,LOW(-@0)
                 	SBCI R27,HIGH(-@0)
                 	LD   R0,X+
                 	LD   R27,X
                 	MOV  R26,R0
                 	.ENDM
                 
                 	.MACRO __GETD2SX
                 	MOV  R26,R28
                 	MOV  R27,R29
                 	SUBI R26,LOW(-@0)
                 	SBCI R27,HIGH(-@0)
                 	LD   R0,X+
                 	LD   R1,X+
                 	LD   R24,X+
                 	LD   R25,X
                 	MOV  R26,R0
                 	MOV  R27,R1
                 	.ENDM
                 
                 	.MACRO __GETBRSX
                 	MOV  R30,R28
                 	MOV  R31,R29
                 	SUBI R30,LOW(-@1)
                 	SBCI R31,HIGH(-@1)
                 	LD   R@0,Z
                 	.ENDM
                 
                 	.MACRO __GETWRSX
                 	MOV  R30,R28
                 	MOV  R31,R29
                 	SUBI R30,LOW(-@2)
                 	SBCI R31,HIGH(-@2)
                 	LD   R@0,Z+
                 	LD   R@1,Z
                 	.ENDM
                 
                 	.MACRO __GETBRSX2
                 	MOV  R26,R28
                 	MOV  R27,R29
                 	SUBI R26,LOW(-@1)
                 	SBCI R27,HIGH(-@1)
                 	LD   R@0,X
                 	.ENDM
                 
                 	.MACRO __GETWRSX2
                 	MOV  R26,R28
                 	MOV  R27,R29
                 	SUBI R26,LOW(-@2)
                 	SBCI R27,HIGH(-@2)
                 	LD   R@0,X+
                 	LD   R@1,X
                 	.ENDM
                 
                 	.MACRO __LSLW8SX
                 	MOV  R30,R28
                 	MOV  R31,R29
                 	SUBI R30,LOW(-@0)
                 	SBCI R31,HIGH(-@0)
                 	LD   R31,Z
                 	CLR  R30
                 	.ENDM
                 
                 	.MACRO __PUTB1SX
                 	MOV  R26,R28
                 	MOV  R27,R29
                 	SUBI R26,LOW(-@0)
                 	SBCI R27,HIGH(-@0)
                 	ST   X,R30
                 	.ENDM
                 
                 	.MACRO __PUTW1SX
                 	MOV  R26,R28
                 	MOV  R27,R29
                 	SUBI R26,LOW(-@0)
                 	SBCI R27,HIGH(-@0)
                 	ST   X+,R30
                 	ST   X,R31
                 	.ENDM
                 
                 	.MACRO __PUTD1SX
                 	MOV  R26,R28
                 	MOV  R27,R29
                 	SUBI R26,LOW(-@0)
                 	SBCI R27,HIGH(-@0)
                 	ST   X+,R30
                 	ST   X+,R31
                 	ST   X+,R22
                 	ST   X,R23
                 	.ENDM
                 
                 	.MACRO __CLRW1SX
                 	MOV  R26,R28
                 	MOV  R27,R29
                 	SUBI R26,LOW(-@0)
                 	SBCI R27,HIGH(-@0)
                 	ST   X+,R30
                 	ST   X,R30
                 	.ENDM
                 
                 	.MACRO __CLRD1SX
                 	MOV  R26,R28
                 	MOV  R27,R29
                 	SUBI R26,LOW(-@0)
                 	SBCI R27,HIGH(-@0)
                 	ST   X+,R30
                 	ST   X+,R30
                 	ST   X+,R30
                 	ST   X,R30
                 	.ENDM
                 
                 	.MACRO __PUTB2SX
                 	MOV  R30,R28
                 	MOV  R31,R29
                 	SUBI R30,LOW(-@0)
                 	SBCI R31,HIGH(-@0)
                 	ST   Z,R26
                 	.ENDM
                 
                 	.MACRO __PUTW2SX
                 	MOV  R30,R28
                 	MOV  R31,R29
                 	SUBI R30,LOW(-@0)
                 	SBCI R31,HIGH(-@0)
                 	ST   Z+,R26
                 	ST   Z,R27
                 	.ENDM
                 
                 	.MACRO __PUTD2SX
                 	MOV  R30,R28
                 	MOV  R31,R29
                 	SUBI R30,LOW(-@0)
                 	SBCI R31,HIGH(-@0)
                 	ST   Z+,R26
                 	ST   Z+,R27
                 	ST   Z+,R24
                 	ST   Z,R25
                 	.ENDM
                 
                 	.MACRO __PUTBSRX
                 	MOV  R30,R28
                 	MOV  R31,R29
                 	SUBI R30,LOW(-@1)
                 	SBCI R31,HIGH(-@1)
                 	ST   Z,R@0
                 	.ENDM
                 
                 	.MACRO __PUTWSRX
                 	MOV  R30,R28
                 	MOV  R31,R29
                 	SUBI R30,LOW(-@2)
                 	SBCI R31,HIGH(-@2)
                 	ST   Z+,R@0
                 	ST   Z,R@1
                 	.ENDM
                 
                 	.MACRO __PUTB1SNX
                 	MOV  R26,R28
                 	MOV  R27,R29
                 	SUBI R26,LOW(-@0)
                 	SBCI R27,HIGH(-@0)
                 	LD   R0,X+
                 	LD   R27,X
                 	MOV  R26,R0
                 	SUBI R26,LOW(-@1)
                 	SBCI R27,HIGH(-@1)
                 	ST   X,R30
                 	.ENDM
                 
                 	.MACRO __PUTW1SNX
                 	MOV  R26,R28
                 	MOV  R27,R29
                 	SUBI R26,LOW(-@0)
                 	SBCI R27,HIGH(-@0)
                 	LD   R0,X+
                 	LD   R27,X
                 	MOV  R26,R0
                 	SUBI R26,LOW(-@1)
                 	SBCI R27,HIGH(-@1)
                 	ST   X+,R30
                 	ST   X,R31
                 	.ENDM
                 
                 	.MACRO __PUTD1SNX
                 	MOV  R26,R28
                 	MOV  R27,R29
                 	SUBI R26,LOW(-@0)
                 	SBCI R27,HIGH(-@0)
                 	LD   R0,X+
                 	LD   R27,X
                 	MOV  R26,R0
                 	SUBI R26,LOW(-@1)
                 	SBCI R27,HIGH(-@1)
                 	ST   X+,R30
                 	ST   X+,R31
                 	ST   X+,R22
                 	ST   X,R23
                 	.ENDM
                 
                 ;NAME DEFINITIONS FOR GLOBAL VARIABLES ALLOCATED TO REGISTERS
                 	.DEF _Year=R4
                 	.DEF _microSecond=R6
                 	.DEF _sysclk=R8
                 	.DEF _Month=R10
                 	.DEF _Day=R11
                 	.DEF _Hour=R12
                 	.DEF _Minute=R13
                 	.DEF _Second=R14
                 
                 	.CSEG
                 	.ORG 0x00
                 
                 ;START OF CODE MARKER
                 __START_OF_CODE:
                 
                 ;INTERRUPT VECTORS
000000 c04a      	RJMP __RESET
000001 c084      	RJMP _ext_int0_isr
000002 cffd      	RJMP 0x00
000003 cffc      	RJMP 0x00
000004 cffb      	RJMP 0x00
000005 cffa      	RJMP 0x00
000006 cff9      	RJMP 0x00
000007 cff8      	RJMP 0x00
000008 cff7      	RJMP 0x00
000009 c07d      	RJMP _timer0_ovf_isr
00000a cff5      	RJMP 0x00
00000b cff4      	RJMP 0x00
00000c cff3      	RJMP 0x00
00000d cff2      	RJMP 0x00
00000e cff1      	RJMP 0x00
00000f cff0      	RJMP 0x00
000010 cfef      	RJMP 0x00
                 
                 _0x3:
000011 0000
000012 0002
000013 0007
000014 000a      	.DB  0x0,0x0,0x2,0x0,0x7,0x0,0xA,0x0
000015 0100
000016 0102
000017 0105
000018 0108      	.DB  0x0,0x1,0x2,0x1,0x5,0x1,0x8,0x1
000019 010b      	.DB  0xB,0x1
                 _0x4B:
00001a 07df
00001b 0000
00001c 0000
00001d 1f0c      	.DB  0xDF,0x7,0x0,0x0,0x0,0x0,0xC,0x1F
00001e 3b17
D:\Trial-6\List\Trial-6.asm(1068): warning: .cseg .db misalignment - padding zero byte
00001f 0037      	.DB  0x17,0x3B,0x37
                 _0x0:
000020 6854
000021 7369
000022 6920
000023 2073      	.DB  0x54,0x68,0x69,0x73,0x20,0x69,0x73,0x20
000024 2061
000025 6c63
000026 636f
000027 216b      	.DB  0x61,0x20,0x63,0x6C,0x6F,0x63,0x6B,0x21
000028 5600
000029 7265
00002a 7369
00002b 6e6f      	.DB  0x0,0x56,0x65,0x72,0x69,0x73,0x6F,0x6E
00002c 3020
00002d 312e
00002e 4100
00002f 3144      	.DB  0x20,0x30,0x2E,0x31,0x0,0x41,0x44,0x31
000030 3939
000031 2f39
000032 3231
000033 332f      	.DB  0x39,0x39,0x39,0x2F,0x31,0x32,0x2F,0x33
000034 0031
000035 3030
000036 303a
000037 2730      	.DB  0x31,0x0,0x30,0x30,0x3A,0x30,0x30,0x27
000038 3030
000039 3022
00003a 3030
00003b 0030      	.DB  0x30,0x30,0x22,0x30,0x30,0x30,0x30,0x0
00003c 2020
00003d 0020
00003e 2020
00003f 2020      	.DB  0x20,0x20,0x20,0x0,0x20,0x20,0x20,0x20
000040 0020
000041 4441
D:\Trial-6\List\Trial-6.asm(1078): warning: .cseg .db misalignment - padding zero byte
000042 0000      	.DB  0x20,0x0,0x41,0x44,0x0
                 _0x2000003:
000043 c080      	.DB  0x80,0xC0
                 
                 __GLOBAL_INI_TBL:
000044 000b      	.DW  0x0B
000045 0004      	.DW  0x04
000046 0034      	.DW  _0x4B*2
                 
000047 0002      	.DW  0x02
000048 00e6      	.DW  __base_y_G100
000049 0086      	.DW  _0x2000003*2
                 
                 _0xFFFFFFFF:
00004a 0000      	.DW  0
                 
                 __RESET:
00004b 94f8      	CLI
00004c 27ee      	CLR  R30
00004d bbec      	OUT  EECR,R30
00004e bfe5      	OUT  MCUCR,R30
                 
                 ;DISABLE WATCHDOG
00004f e1f8      	LDI  R31,0x18
000050 bdf1      	OUT  WDTCR,R31
000051 bde1      	OUT  WDTCR,R30
                 
                 ;CLEAR R2-R14
000052 e08d      	LDI  R24,(14-2)+1
000053 e0a2      	LDI  R26,2
000054 27bb      	CLR  R27
                 __CLEAR_REG:
000055 93ed      	ST   X+,R30
000056 958a      	DEC  R24
000057 f7e9      	BRNE __CLEAR_REG
                 
                 ;CLEAR SRAM
000058 e080      	LDI  R24,LOW(__CLEAR_SRAM_SIZE)
000059 e092      	LDI  R25,HIGH(__CLEAR_SRAM_SIZE)
00005a e6a0      	LDI  R26,__SRAM_START
                 __CLEAR_SRAM:
00005b 93ed      	ST   X+,R30
00005c 9701      	SBIW R24,1
00005d f7e9      	BRNE __CLEAR_SRAM
                 
                 ;GLOBAL VARIABLES INITIALIZATION
00005e e8e8      	LDI  R30,LOW(__GLOBAL_INI_TBL*2)
00005f e0f0      	LDI  R31,HIGH(__GLOBAL_INI_TBL*2)
                 __GLOBAL_INI_NEXT:
000060 95c8      	LPM
000061 9631      	ADIW R30,1
000062 2d80      	MOV  R24,R0
000063 95c8      	LPM
000064 9631      	ADIW R30,1
000065 2d90      	MOV  R25,R0
000066 9700      	SBIW R24,0
000067 f0b9      	BREQ __GLOBAL_INI_END
000068 95c8      	LPM
000069 9631      	ADIW R30,1
00006a 2da0      	MOV  R26,R0
00006b 95c8      	LPM
00006c 9631      	ADIW R30,1
00006d 2db0      	MOV  R27,R0
00006e 95c8      	LPM
00006f 9631      	ADIW R30,1
000070 2c10      	MOV  R1,R0
000071 95c8      	LPM
000072 9631      	ADIW R30,1
000073 2f6e      	MOV  R22,R30
000074 2f7f      	MOV  R23,R31
000075 2df0      	MOV  R31,R0
000076 2de1      	MOV  R30,R1
                 __GLOBAL_INI_LOOP:
000077 95c8      	LPM
000078 9631      	ADIW R30,1
000079 920d      	ST   X+,R0
00007a 9701      	SBIW R24,1
00007b f7d9      	BRNE __GLOBAL_INI_LOOP
00007c 2fe6      	MOV  R30,R22
00007d 2ff7      	MOV  R31,R23
00007e cfe1      	RJMP __GLOBAL_INI_NEXT
                 __GLOBAL_INI_END:
                 
                 ;HARDWARE STACK POINTER INITIALIZATION
00007f e5ef      	LDI  R30,LOW(__SRAM_END-__HEAP_SIZE)
000080 bfed      	OUT  SPL,R30
000081 e0e2      	LDI  R30,HIGH(__SRAM_END-__HEAP_SIZE)
000082 bfee      	OUT  SPH,R30
                 
                 ;DATA STACK POINTER INITIALIZATION
000083 eec0      	LDI  R28,LOW(__SRAM_START+__DSTACK_SIZE)
000084 e0d0      	LDI  R29,HIGH(__SRAM_START+__DSTACK_SIZE)
                 
000085 c026      	RJMP _main
                 
                 	.ESEG
                 	.ORG 0
                 
                 	.DSEG
                 	.ORG 0xE0
                 
                 	.CSEG
                 ;    /*****************************************************
                 ;This program was produced by the
                 ;CodeWizardAVR V2.05.3 Standard
                 ;Automatic Program Generator
                 ;© Copyright 1998-2011 Pavel Haiduc, HP InfoTech s.r.l.
                 ;http://www.hpinfotech.com
                 ;
                 ;Project :
                 ;Version :
                 ;Date    : 2015/5/1
                 ;Author  :
                 ;Company :
                 ;Comments:
                 ;
                 ;
                 ;Chip type               : AT90S8535
                 ;AVR Core Clock frequency: 8.000000 MHz
                 ;Memory model            : Small
                 ;External RAM size       : 0
                 ;Data Stack size         : 128
                 ;*****************************************************/
                 ;
                 ;#include <90s8535.h>
                 	#ifndef __SLEEP_DEFINED__
                 	#define __SLEEP_DEFINED__
                 	.EQU __se_bit=0x40
                 	.EQU __sm_mask=0x30
                 	.EQU __sm_powerdown=0x20
                 	.EQU __sm_powersave=0x30
                 	.SET power_ctrl_reg=mcucr
                 	#endif
                 ;
                 ;// Alphanumeric LCD functions
                 ;#include <alcd.h>
                 ;
                 ;#include <delay.h>
                 ;/*TIMER SETTING CONFIG DEFINE*/
                 ;#define STOP 0x00
                 ;#define FOSC1 0x01
                 ;#define FOSC8 0x02
                 ;#define FOSC64 0x03
                 ;#define FOSC256 0x04
                 ;#define FOSC1024 0x05
                 ;/*TIMER0 SET*/
                 ;#define T0SET FOSC8
                 ;
                 ;
                 ;int Year=2015,microSecond=0,sysclk=0;
                 ;unsigned char Month=12,Day=31,Hour=23,Minute=59,Second=55;
                 ;unsigned char lcd_loc[9][2]={{0,0},{2,0},{7,0},{10,0},{0,1},{2,1},{5,1},{8,1},{11,1}};
                 
                 	.DSEG
                 ;unsigned char onum[4],o2num[2];
                 ;
                 ;void output_time();
                 ;void output_day();
                 ;void decoder(unsigned int inum);
                 ;void d2ecoder(unsigned int);
                 ;unsigned char value2char(unsigned char);
                 ;void caculate();
                 ;// External Interrupt 0 service routine
                 ;interrupt [EXT_INT0] void ext_int0_isr(void)
                 ; 0000 0035 {
                 
                 	.CSEG
                 _ext_int0_isr:
                 ; 0000 0036 // Place your code here
                 ; 0000 0037 
                 ; 0000 0038 }
000086 9518      	RETI
                 ;
                 ;// Timer 0 overflow interrupt service routine
                 ;#define ADDIV 38
                 ;interrupt [TIM0_OVF] void timer0_ovf_isr(void)
                 ; 0000 003D {
                 _timer0_ovf_isr:
000087 920a      	ST   -Y,R0
000088 921a      	ST   -Y,R1
000089 939a      	ST   -Y,R25
00008a 93aa      	ST   -Y,R26
00008b 93ba      	ST   -Y,R27
00008c 93ea      	ST   -Y,R30
00008d 93fa      	ST   -Y,R31
00008e b7ef      	IN   R30,SREG
00008f 93ea      	ST   -Y,R30
                 ; 0000 003E     sysclk++;
000090 e0e1      	LDI  R30,LOW(1)
000091 e0f0      	LDI  R31,HIGH(1)
                +
000092 0e8e     +ADD R8 , R30
000093 1e9f     +ADC R9 , R31
                 	__ADDWRR 8,9,30,31
                 ; 0000 003F     microSecond=sysclk/ADDIV;
000094 d25d      	RCALL SUBOPT_0x0
000095 d2ce      	RCALL __DIVW21
                +
000096 2e6e     +MOV R6 , R30
000097 2e7f     +MOV R7 , R31
                 	__PUTW1R 6,7
                 ; 0000 0040     //Second=sysclk/ADDIV;
                 ; 0000 0041     //Second++;
                 ; 0000 0042     if(sysclk%ADDIV==0)
000098 d259      	RCALL SUBOPT_0x0
000099 d2d3      	RCALL __MODW21
00009a 9730      	SBIW R30,0
00009b f421      	BRNE _0x4
                 ; 0000 0043     {
                 ; 0000 0044         PORTA=0x01;
00009c e0e1      	LDI  R30,LOW(1)
00009d bbeb      	OUT  0x1B,R30
                 ; 0000 0045         PORTA=0x00;
00009e e0e0      	LDI  R30,LOW(0)
00009f bbeb      	OUT  0x1B,R30
                 ; 0000 0046 
                 ; 0000 0047     }
                 ; 0000 0048     TCNT0=0x44;
                 _0x4:
0000a0 e4e4      	LDI  R30,LOW(68)
0000a1 bfe2      	OUT  0x32,R30
                 ; 0000 0049     //caculate();
                 ; 0000 004A }
0000a2 91e9      	LD   R30,Y+
0000a3 bfef      	OUT  SREG,R30
0000a4 91f9      	LD   R31,Y+
0000a5 91e9      	LD   R30,Y+
0000a6 91b9      	LD   R27,Y+
0000a7 91a9      	LD   R26,Y+
0000a8 9199      	LD   R25,Y+
0000a9 9019      	LD   R1,Y+
0000aa 9009      	LD   R0,Y+
0000ab 9518      	RETI
                 ;
                 ;
                 ;// Declare your global variables here
                 ;
                 ;void main(void)
                 ; 0000 0050 {
                 _main:
                 ; 0000 0051 // Declare your local variables here
                 ; 0000 0052 
                 ; 0000 0053 
                 ; 0000 0054 // Input/Output Ports initialization
                 ; 0000 0055 // Port A initialization
                 ; 0000 0056 // Func7=In Func6=In Func5=In Func4=In Func3=In Func2=In Func1=In Func0=In
                 ; 0000 0057 // State7=T State6=T State5=T State4=T State3=T State2=T State1=T State0=T
                 ; 0000 0058 PORTA=0x00;
0000ac e0e0      	LDI  R30,LOW(0)
0000ad bbeb      	OUT  0x1B,R30
                 ; 0000 0059 DDRA=0x01;
0000ae e0e1      	LDI  R30,LOW(1)
0000af bbea      	OUT  0x1A,R30
                 ; 0000 005A 
                 ; 0000 005B // Port B initialization
                 ; 0000 005C // Func7=In Func6=In Func5=In Func4=In Func3=In Func2=In Func1=In Func0=In
                 ; 0000 005D // State7=T State6=T State5=T State4=T State3=T State2=T State1=T State0=T
                 ; 0000 005E PORTB=0x00;
0000b0 e0e0      	LDI  R30,LOW(0)
0000b1 bbe8      	OUT  0x18,R30
                 ; 0000 005F DDRB=0xFF;
0000b2 efef      	LDI  R30,LOW(255)
0000b3 bbe7      	OUT  0x17,R30
                 ; 0000 0060 
                 ; 0000 0061 // Port C initialization
                 ; 0000 0062 // Func7=In Func6=In Func5=In Func4=In Func3=In Func2=In Func1=In Func0=In
                 ; 0000 0063 // State7=T State6=T State5=T State4=T State3=T State2=T State1=T State0=T
                 ; 0000 0064 PORTC=0x00;
0000b4 e0e0      	LDI  R30,LOW(0)
0000b5 bbe5      	OUT  0x15,R30
                 ; 0000 0065 DDRC=0x00;
0000b6 bbe4      	OUT  0x14,R30
                 ; 0000 0066 
                 ; 0000 0067 // Port D initialization
                 ; 0000 0068 // Func7=In Func6=In Func5=In Func4=In Func3=In Func2=In Func1=In Func0=In
                 ; 0000 0069 // State7=T State6=T State5=T State4=T State3=T State2=T State1=T State0=T
                 ; 0000 006A PORTD=0x40;
0000b7 e4e0      	LDI  R30,LOW(64)
0000b8 bbe2      	OUT  0x12,R30
                 ; 0000 006B DDRD=0x40;
0000b9 bbe1      	OUT  0x11,R30
                 ; 0000 006C 
                 ; 0000 006D // Timer/Counter 0 initialization
                 ; 0000 006E // Clock source: System Clock
                 ; 0000 006F // Clock value: 1000.000 kHz
                 ; 0000 0070 TCCR0=STOP;
0000ba e0e0      	LDI  R30,LOW(0)
0000bb bfe3      	OUT  0x33,R30
                 ; 0000 0071 TCNT0=0x00;
0000bc bfe2      	OUT  0x32,R30
                 ; 0000 0072 
                 ; 0000 0073 // Timer/Counter 1 initialization
                 ; 0000 0074 // Clock source: System Clock
                 ; 0000 0075 // Clock value: Timer1 Stopped
                 ; 0000 0076 // Mode: Normal top=0xFFFF
                 ; 0000 0077 // OC1A output: Discon.
                 ; 0000 0078 // OC1B output: Discon.
                 ; 0000 0079 // Noise Canceler: Off
                 ; 0000 007A // Input Capture on Falling Edge
                 ; 0000 007B // Timer1 Overflow Interrupt: Off
                 ; 0000 007C // Input Capture Interrupt: Off
                 ; 0000 007D // Compare A Match Interrupt: Off
                 ; 0000 007E // Compare B Match Interrupt: Off
                 ; 0000 007F TCCR1A=0x00;
0000bd bdef      	OUT  0x2F,R30
                 ; 0000 0080 TCCR1B=0x00;
0000be bdee      	OUT  0x2E,R30
                 ; 0000 0081 TCNT1H=0x00;
0000bf bded      	OUT  0x2D,R30
                 ; 0000 0082 TCNT1L=0x00;
0000c0 bdec      	OUT  0x2C,R30
                 ; 0000 0083 OCR1AH=0x00;
0000c1 bdeb      	OUT  0x2B,R30
                 ; 0000 0084 OCR1AL=0x00;
0000c2 bdea      	OUT  0x2A,R30
                 ; 0000 0085 OCR1BH=0x00;
0000c3 bde9      	OUT  0x29,R30
                 ; 0000 0086 OCR1BL=0x00;
0000c4 bde8      	OUT  0x28,R30
                 ; 0000 0087 
                 ; 0000 0088 // Timer/Counter 2 initialization
                 ; 0000 0089 // Clock source: System Clock
                 ; 0000 008A // Clock value: Timer2 Stopped
                 ; 0000 008B // Mode: Normal top=0xFF
                 ; 0000 008C // OC2 output: Disconnected
                 ; 0000 008D ASSR=0x00;
0000c5 bde2      	OUT  0x22,R30
                 ; 0000 008E TCCR2=0x00;
0000c6 bde5      	OUT  0x25,R30
                 ; 0000 008F TCNT2=0x00;
0000c7 bde4      	OUT  0x24,R30
                 ; 0000 0090 OCR2=0x00;
0000c8 bde3      	OUT  0x23,R30
                 ; 0000 0091 
                 ; 0000 0092 // External Interrupt(s) initialization
                 ; 0000 0093 // INT0: On
                 ; 0000 0094 // INT0 Mode: Rising Edge
                 ; 0000 0095 // INT1: Off
                 ; 0000 0096 GIMSK=0x40;
0000c9 e4e0      	LDI  R30,LOW(64)
0000ca bfeb      	OUT  0x3B,R30
                 ; 0000 0097 MCUCR=0x03;
0000cb e0e3      	LDI  R30,LOW(3)
0000cc bfe5      	OUT  0x35,R30
                 ; 0000 0098 GIFR=0x40;
0000cd e4e0      	LDI  R30,LOW(64)
0000ce bfea      	OUT  0x3A,R30
                 ; 0000 0099 
                 ; 0000 009A // Timer(s)/Counter(s) Interrupt(s) initialization
                 ; 0000 009B TIMSK=0x01;
0000cf e0e1      	LDI  R30,LOW(1)
0000d0 bfe9      	OUT  0x39,R30
                 ; 0000 009C 
                 ; 0000 009D // UART initialization
                 ; 0000 009E // UART disabled
                 ; 0000 009F UCR=0x00;
0000d1 e0e0      	LDI  R30,LOW(0)
0000d2 b9ea      	OUT  0xA,R30
                 ; 0000 00A0 
                 ; 0000 00A1 // Analog Comparator initialization
                 ; 0000 00A2 // Analog Comparator: Off
                 ; 0000 00A3 // Analog Comparator Input Capture by Timer/Counter 1: Off
                 ; 0000 00A4 ACSR=0x80;
0000d3 e8e0      	LDI  R30,LOW(128)
0000d4 b9e8      	OUT  0x8,R30
                 ; 0000 00A5 
                 ; 0000 00A6 // ADC initialization
                 ; 0000 00A7 // ADC disabled
                 ; 0000 00A8 ADCSR=0x00;
0000d5 e0e0      	LDI  R30,LOW(0)
0000d6 b9e6      	OUT  0x6,R30
                 ; 0000 00A9 
                 ; 0000 00AA // SPI initialization
                 ; 0000 00AB // SPI disabled
                 ; 0000 00AC SPCR=0x00;
0000d7 b9ed      	OUT  0xD,R30
                 ; 0000 00AD 
                 ; 0000 00AE // Alphanumeric LCD initialization
                 ; 0000 00AF // Connections are specified in the
                 ; 0000 00B0 // Project|Configure|C Compiler|Libraries|Alphanumeric LCD menu:
                 ; 0000 00B1 // RS - PORTD Bit 5
                 ; 0000 00B2 // RD - PORTD Bit 4
                 ; 0000 00B3 // EN - PORTD Bit 0
                 ; 0000 00B4 // D4 - PORTB Bit 4
                 ; 0000 00B5 // D5 - PORTB Bit 5
                 ; 0000 00B6 // D6 - PORTB Bit 6
                 ; 0000 00B7 // D7 - PORTB Bit 7
                 ; 0000 00B8 // Characters/line: 16
                 ; 0000 00B9 lcd_init(16);
0000d8 e1a0      	LDI  R26,LOW(16)
0000d9 d1ee      	RCALL _lcd_init
                 ; 0000 00BA 
                 ; 0000 00BB // Global enable interrupts
                 ; 0000 00BC #asm("sei")
0000da 9478      	sei
                 ; 0000 00BD 
                 ; 0000 00BE     lcd_gotoxy(0,0);
0000db d21b      	RCALL SUBOPT_0x1
                 ; 0000 00BF     lcd_putsf("This is a clock!");
                +
0000dc e4a0     +LDI R26 , LOW ( 2 * _0x0 + ( 0 ) )
0000dd e0b0     +LDI R27 , HIGH ( 2 * _0x0 + ( 0 ) )
                 	__POINTW2FN _0x0,0
0000de d21c      	RCALL SUBOPT_0x2
                 ; 0000 00C0     lcd_gotoxy(3,1);
                 ; 0000 00C1     lcd_putsf("Verison 0.1");
                +
0000df e5a1     +LDI R26 , LOW ( 2 * _0x0 + ( 17 ) )
0000e0 e0b0     +LDI R27 , HIGH ( 2 * _0x0 + ( 17 ) )
                 	__POINTW2FN _0x0,17
0000e1 d1d2      	RCALL _lcd_putsf
                 ; 0000 00C2     delay_ms(3000);
0000e2 eba8      	LDI  R26,LOW(3000)
0000e3 e0bb      	LDI  R27,HIGH(3000)
0000e4 d25c      	RCALL _delay_ms
                 ; 0000 00C3     lcd_clear();
0000e5 d190      	RCALL _lcd_clear
                 ; 0000 00C4     delay_ms(1000);
0000e6 eea8      	LDI  R26,LOW(1000)
0000e7 e0b3      	LDI  R27,HIGH(1000)
0000e8 d258      	RCALL _delay_ms
                 ; 0000 00C5     lcd_gotoxy(0,0);
0000e9 d20d      	RCALL SUBOPT_0x1
                 ; 0000 00C6     lcd_putsf("AD1999/12/31");
                +
0000ea e5ad     +LDI R26 , LOW ( 2 * _0x0 + ( 29 ) )
0000eb e0b0     +LDI R27 , HIGH ( 2 * _0x0 + ( 29 ) )
                 	__POINTW2FN _0x0,29
0000ec d20e      	RCALL SUBOPT_0x2
                 ; 0000 00C7     lcd_gotoxy(3,1);
                 ; 0000 00C8     lcd_putsf("00:00\'00\"0000");
                +
0000ed e6aa     +LDI R26 , LOW ( 2 * _0x0 + ( 42 ) )
0000ee e0b0     +LDI R27 , HIGH ( 2 * _0x0 + ( 42 ) )
                 	__POINTW2FN _0x0,42
0000ef d1c4      	RCALL _lcd_putsf
                 ; 0000 00C9     output_day();
0000f0 d026      	RCALL _output_day
                 ; 0000 00CA     TCCR0=T0SET;
0000f1 e0e2      	LDI  R30,LOW(2)
0000f2 bfe3      	OUT  0x33,R30
                 ; 0000 00CB       while (1)
                 _0x5:
                 ; 0000 00CC       {
                 ; 0000 00CD       // Place your code here
                 ; 0000 00CE          delay_ms(8);
0000f3 e0a8      	LDI  R26,LOW(8)
0000f4 d20b      	RCALL SUBOPT_0x3
                 ; 0000 00CF          caculate();
0000f5 d0e8      	RCALL _caculate
                 ; 0000 00D0          //output_time();
                 ; 0000 00D1       }
0000f6 cffc      	RJMP _0x5
                 ; 0000 00D2 }
                 _0x8:
0000f7 cfff      	RJMP _0x8
                 ;
                 ;void output_time()
                 ; 0000 00D5 {
                 _output_time:
                 ; 0000 00D6     unsigned char i;
                 ; 0000 00D7     lcd_gotoxy(0,1);
0000f8 930a      	ST   -Y,R16
                 ;	i -> R16
0000f9 e0e0      	LDI  R30,LOW(0)
0000fa d207      	RCALL SUBOPT_0x4
                 ; 0000 00D8     lcd_putsf("   ");
                +
0000fb e7a8     +LDI R26 , LOW ( 2 * _0x0 + ( 56 ) )
0000fc e0b0     +LDI R27 , HIGH ( 2 * _0x0 + ( 56 ) )
                 	__POINTW2FN _0x0,56
0000fd d1fd      	RCALL SUBOPT_0x2
                 ; 0000 00D9     lcd_gotoxy(3,1); //hour
                 ; 0000 00DA     d2ecoder(Hour);
0000fe 2dac      	MOV  R26,R12
0000ff d205      	RCALL SUBOPT_0x5
                 ; 0000 00DB     lcd_puts(o2num);
                 ; 0000 00DC     lcd_gotoxy(5,1);
000100 e0e5      	LDI  R30,LOW(5)
000101 d200      	RCALL SUBOPT_0x4
                 ; 0000 00DD     lcd_putchar(':');
000102 e3aa      	LDI  R26,LOW(58)
000103 d182      	RCALL _lcd_putchar
                 ; 0000 00DE     lcd_gotoxy(6,1); //minute
000104 e0e6      	LDI  R30,LOW(6)
000105 d1fc      	RCALL SUBOPT_0x4
                 ; 0000 00DF     d2ecoder(Minute);
000106 2dad      	MOV  R26,R13
000107 d1fd      	RCALL SUBOPT_0x5
                 ; 0000 00E0     lcd_puts(o2num);
                 ; 0000 00E1     lcd_gotoxy(8,1);
000108 e0e8      	LDI  R30,LOW(8)
000109 d1f8      	RCALL SUBOPT_0x4
                 ; 0000 00E2     lcd_putchar('\'');
00010a e2a7      	LDI  R26,LOW(39)
00010b d17a      	RCALL _lcd_putchar
                 ; 0000 00E3     lcd_gotoxy(9,1); //second
00010c e0e9      	LDI  R30,LOW(9)
00010d d1f4      	RCALL SUBOPT_0x4
                 ; 0000 00E4     d2ecoder(Second);
00010e 2dae      	MOV  R26,R14
00010f d1f5      	RCALL SUBOPT_0x5
                 ; 0000 00E5     lcd_puts(o2num);
                 ; 0000 00E6     lcd_gotoxy(11,1);
000110 e0eb      	LDI  R30,LOW(11)
000111 d1f0      	RCALL SUBOPT_0x4
                 ; 0000 00E7     lcd_putsf("     ");
                +
000112 e7ac     +LDI R26 , LOW ( 2 * _0x0 + ( 60 ) )
000113 e0b0     +LDI R27 , HIGH ( 2 * _0x0 + ( 60 ) )
                 	__POINTW2FN _0x0,60
000114 d19f      	RCALL _lcd_putsf
                 ; 0000 00E8 
                 ; 0000 00E9     /*
                 ; 0000 00EA     lcd_putchar('\"');
                 ; 0000 00EB     lcd_gotoxy(12,1); //microsecond
                 ; 0000 00EC     d2ecoder(microSecond);
                 ; 0000 00ED     lcd_puts(o2num);
                 ; 0000 00EE       */
                 ; 0000 00EF 
                 ; 0000 00F0 
                 ; 0000 00F1 }
000115 9109      	LD   R16,Y+
000116 9508      	RET
                 ;
                 ;void output_day()
                 ; 0000 00F4 {
                 _output_day:
                 ; 0000 00F5     lcd_gotoxy(0,0);
000117 d1df      	RCALL SUBOPT_0x1
                 ; 0000 00F6     lcd_putsf("AD");
                +
000118 e8a2     +LDI R26 , LOW ( 2 * _0x0 + ( 66 ) )
000119 e0b0     +LDI R27 , HIGH ( 2 * _0x0 + ( 66 ) )
                 	__POINTW2FN _0x0,66
00011a d199      	RCALL _lcd_putsf
                 ; 0000 00F7     lcd_gotoxy(2,0); //Year
00011b e0e2      	LDI  R30,LOW(2)
00011c d1ed      	RCALL SUBOPT_0x6
                 ; 0000 00F8     decoder(Year);
                +
00011d 2da4     +MOV R26 , R4
00011e 2db5     +MOV R27 , R5
                 	__GETW2R 4,5
00011f d019      	RCALL _decoder
                 ; 0000 00F9     lcd_puts(onum);
000120 eea0      	LDI  R26,LOW(_onum)
000121 e0b0      	LDI  R27,HIGH(_onum)
000122 d183      	RCALL _lcd_puts
                 ; 0000 00FA     lcd_gotoxy(6,0);
000123 e0e6      	LDI  R30,LOW(6)
000124 d1e5      	RCALL SUBOPT_0x6
                 ; 0000 00FB     lcd_putchar('//');
000125 e2af      	LDI  R26,LOW(47)
000126 d15f      	RCALL _lcd_putchar
                 ; 0000 00FC     lcd_gotoxy(7,0); //Month
000127 e0e7      	LDI  R30,LOW(7)
000128 d1e1      	RCALL SUBOPT_0x6
                 ; 0000 00FD     d2ecoder(Month);
000129 2daa      	MOV  R26,R10
00012a d1da      	RCALL SUBOPT_0x5
                 ; 0000 00FE     lcd_puts(o2num);
                 ; 0000 00FF     lcd_gotoxy(9,0);
00012b e0e9      	LDI  R30,LOW(9)
00012c d1dd      	RCALL SUBOPT_0x6
                 ; 0000 0100     lcd_putchar('//');
00012d e2af      	LDI  R26,LOW(47)
00012e d157      	RCALL _lcd_putchar
                 ; 0000 0101     lcd_gotoxy(10,0); //Day
00012f e0ea      	LDI  R30,LOW(10)
000130 d1d9      	RCALL SUBOPT_0x6
                 ; 0000 0102     d2ecoder(Day);
000131 2dab      	MOV  R26,R11
000132 d1d2      	RCALL SUBOPT_0x5
                 ; 0000 0103     lcd_puts(o2num);
                 ; 0000 0104     lcd_gotoxy(12,0);
000133 e0ec      	LDI  R30,LOW(12)
000134 d1d5      	RCALL SUBOPT_0x6
                 ; 0000 0105     lcd_putsf("    ");
                +
000135 e7ad     +LDI R26 , LOW ( 2 * _0x0 + ( 61 ) )
000136 e0b0     +LDI R27 , HIGH ( 2 * _0x0 + ( 61 ) )
                 	__POINTW2FN _0x0,61
000137 d17c      	RCALL _lcd_putsf
                 ; 0000 0106 }
000138 9508      	RET
                 ;
                 ;void decoder(unsigned int inum)
                 ; 0000 0109 {
                 _decoder:
                 ; 0000 010A     unsigned char i;
                 ; 0000 010B     if(inum<10)
000139 d1d3      	RCALL SUBOPT_0x7
                 ;	inum -> Y+1
                 ;	i -> R16
00013a f428      	BRSH _0x9
                 ; 0000 010C     {
                 ; 0000 010D         onum[3]=inum;
00013b 81e9      	LDD  R30,Y+1
00013c d1d7      	RCALL SUBOPT_0x8
                 ; 0000 010E         onum[2]=0x00;
00013d e0e0      	LDI  R30,LOW(0)
00013e d1d8      	RCALL SUBOPT_0x9
                 ; 0000 010F         onum[1]=0x00;
                 ; 0000 0110         onum[0]=0x00;
00013f c033      	RJMP _0x48
                 ; 0000 0111     }
                 ; 0000 0112     else if(inum<100 && inum>=10)
                 _0x9:
000140 d1dc      	RCALL SUBOPT_0xA
000141 d1de      	RCALL SUBOPT_0xB
000142 f418      	BRSH _0xC
000143 d1d9      	RCALL SUBOPT_0xA
000144 971a      	SBIW R26,10
000145 f408      	BRSH _0xD
                 _0xC:
000146 c006      	RJMP _0xB
                 _0xD:
                 ; 0000 0113     {
                 ; 0000 0114         onum[3]=inum%10;
000147 d1dc      	RCALL SUBOPT_0xC
000148 d1cb      	RCALL SUBOPT_0x8
                 ; 0000 0115         inum=(inum-inum%10)/10;
000149 d1da      	RCALL SUBOPT_0xC
00014a d1de      	RCALL SUBOPT_0xD
                 ; 0000 0116         onum[2]=inum%10;
00014b d1cb      	RCALL SUBOPT_0x9
                 ; 0000 0117         onum[1]=0x00;
                 ; 0000 0118         onum[0]=0x00;
00014c c026      	RJMP _0x48
                 ; 0000 0119     }
                 ; 0000 011A     else if(inum<1000 && inum>=100)
                 _0xB:
00014d d1e4      	RCALL SUBOPT_0xE
00014e f418      	BRSH _0x10
00014f d1cd      	RCALL SUBOPT_0xA
000150 d1cf      	RCALL SUBOPT_0xB
000151 f408      	BRSH _0x11
                 _0x10:
000152 c00c      	RJMP _0xF
                 _0x11:
                 ; 0000 011B     {
                 ; 0000 011C         onum[3]=inum%10;
000153 d1d0      	RCALL SUBOPT_0xC
000154 d1bf      	RCALL SUBOPT_0x8
                 ; 0000 011D         inum=(inum-inum%10)/10;
000155 d1ce      	RCALL SUBOPT_0xC
000156 d1d2      	RCALL SUBOPT_0xD
                 ; 0000 011E         onum[2]=inum%10;
                +
000157 93e0 00e2+STS _onum + ( 2 ) , R30
                 	__PUTB1MN _onum,2
                 ; 0000 011F         inum=(inum-inum%10)/10;
000159 d1ca      	RCALL SUBOPT_0xC
00015a d1ce      	RCALL SUBOPT_0xD
                 ; 0000 0120         onum[1]=inum%10;
                +
00015b 93e0 00e1+STS _onum + ( 1 ) , R30
                 	__PUTB1MN _onum,1
                 ; 0000 0121         onum[0]=0x00;
00015d e0e0      	LDI  R30,LOW(0)
00015e c014      	RJMP _0x48
                 ; 0000 0122     }
                 ; 0000 0123     else if(inum<10000 && inum>=1000)
                 _0xF:
00015f d1bd      	RCALL SUBOPT_0xA
000160 31a0      	CPI  R26,LOW(0x2710)
000161 e2e7      	LDI  R30,HIGH(0x2710)
000162 07be      	CPC  R27,R30
000163 f410      	BRSH _0x14
000164 d1cd      	RCALL SUBOPT_0xE
000165 f408      	BRSH _0x15
                 _0x14:
000166 c00e      	RJMP _0x13
                 _0x15:
                 ; 0000 0124     {
                 ; 0000 0125         onum[3]=inum%10;
000167 d1bc      	RCALL SUBOPT_0xC
000168 d1ab      	RCALL SUBOPT_0x8
                 ; 0000 0126         inum=(inum-inum%10)/10;
000169 d1ba      	RCALL SUBOPT_0xC
00016a d1be      	RCALL SUBOPT_0xD
                 ; 0000 0127         onum[2]=inum%10;
                +
00016b 93e0 00e2+STS _onum + ( 2 ) , R30
                 	__PUTB1MN _onum,2
                 ; 0000 0128         inum=(inum-inum%10)/10;
00016d d1b6      	RCALL SUBOPT_0xC
00016e d1ba      	RCALL SUBOPT_0xD
                 ; 0000 0129         onum[1]=inum%10;
                +
00016f 93e0 00e1+STS _onum + ( 1 ) , R30
                 	__PUTB1MN _onum,1
                 ; 0000 012A         inum=(inum-inum%10)/10;
000171 d1b2      	RCALL SUBOPT_0xC
000172 d1b6      	RCALL SUBOPT_0xD
                 ; 0000 012B         onum[0]=inum%10;
                 _0x48:
000173 93e0 00e0 	STS  _onum,R30
                 ; 0000 012C     }
                 ; 0000 012D     for(i=0;i<4;i++)
                 _0x13:
000175 e000      	LDI  R16,LOW(0)
                 _0x17:
000176 3004      	CPI  R16,4
000177 f460      	BRSH _0x18
                 ; 0000 012E     {
                 ; 0000 012F         onum[i]=value2char(onum[i]);
000178 d1be      	RCALL SUBOPT_0xF
000179 52e0      	SUBI R30,LOW(-_onum)
00017a 4fff      	SBCI R31,HIGH(-_onum)
00017b 93ff      	PUSH R31
00017c 93ef      	PUSH R30
00017d 81a0      	LD   R26,Z
00017e d02b      	RCALL _value2char
00017f 91af      	POP  R26
000180 91bf      	POP  R27
000181 93ec      	ST   X,R30
                 ; 0000 0130     }
000182 5f0f      	SUBI R16,-1
000183 cff2      	RJMP _0x17
                 _0x18:
                 ; 0000 0131     return;
000184 c140      	RJMP _0x2020002
                 ; 0000 0132 }
                 ;
                 ;void d2ecoder(unsigned int inum)
                 ; 0000 0135 {
                 _d2ecoder:
                 ; 0000 0136     unsigned char i;
                 ; 0000 0137     if(inum<10)
000185 d187      	RCALL SUBOPT_0x7
                 ;	inum -> Y+1
                 ;	i -> R16
000186 f428      	BRSH _0x19
                 ; 0000 0138     {
                 ; 0000 0139         o2num[1]=inum;
000187 81e9      	LDD  R30,Y+1
                +
000188 93e0 00e5+STS _o2num + ( 1 ) , R30
                 	__PUTB1MN _o2num,1
                 ; 0000 013A         o2num[0]=0x00;
00018a e0e0      	LDI  R30,LOW(0)
00018b c00c      	RJMP _0x49
                 ; 0000 013B 
                 ; 0000 013C     }
                 ; 0000 013D     else if(inum<100 && inum>=10)
                 _0x19:
00018c d190      	RCALL SUBOPT_0xA
00018d d192      	RCALL SUBOPT_0xB
00018e f418      	BRSH _0x1C
00018f d18d      	RCALL SUBOPT_0xA
000190 971a      	SBIW R26,10
000191 f408      	BRSH _0x1D
                 _0x1C:
000192 c007      	RJMP _0x1B
                 _0x1D:
                 ; 0000 013E     {
                 ; 0000 013F         o2num[1]=inum%10;
000193 d190      	RCALL SUBOPT_0xC
                +
000194 93e0 00e5+STS _o2num + ( 1 ) , R30
                 	__PUTB1MN _o2num,1
                 ; 0000 0140         inum=(inum-inum%10)/10;
000196 d18d      	RCALL SUBOPT_0xC
000197 d191      	RCALL SUBOPT_0xD
                 ; 0000 0141         o2num[0]=inum%10;
                 _0x49:
000198 93e0 00e4 	STS  _o2num,R30
                 ; 0000 0142     }
                 ; 0000 0143     for(i=0;i<2;i++)
                 _0x1B:
00019a e000      	LDI  R16,LOW(0)
                 _0x1F:
00019b 3002      	CPI  R16,2
00019c f460      	BRSH _0x20
                 ; 0000 0144     {
                 ; 0000 0145         o2num[i]=value2char(o2num[i]);
00019d d199      	RCALL SUBOPT_0xF
00019e 51ec      	SUBI R30,LOW(-_o2num)
00019f 4fff      	SBCI R31,HIGH(-_o2num)
0001a0 93ff      	PUSH R31
0001a1 93ef      	PUSH R30
0001a2 81a0      	LD   R26,Z
0001a3 d006      	RCALL _value2char
0001a4 91af      	POP  R26
0001a5 91bf      	POP  R27
0001a6 93ec      	ST   X,R30
                 ; 0000 0146     }
0001a7 5f0f      	SUBI R16,-1
0001a8 cff2      	RJMP _0x1F
                 _0x20:
                 ; 0000 0147     return;
0001a9 c11b      	RJMP _0x2020002
                 ; 0000 0148 }
                 ;
                 ;unsigned char value2char(unsigned char value)
                 ; 0000 014B {
                 _value2char:
                 ; 0000 014C     if(value==0)
0001aa 93aa      	ST   -Y,R26
                 ;	value -> Y+0
0001ab 81e8      	LD   R30,Y
0001ac 30e0      	CPI  R30,0
0001ad f411      	BRNE _0x21
                 ; 0000 014D     {
                 ; 0000 014E         return '0';
0001ae e3e0      	LDI  R30,LOW(48)
0001af c140      	RJMP _0x2020001
                 ; 0000 014F     }
                 ; 0000 0150     else if(value ==1)
                 _0x21:
0001b0 81a8      	LD   R26,Y
0001b1 30a1      	CPI  R26,LOW(0x1)
0001b2 f411      	BRNE _0x23
                 ; 0000 0151     {
                 ; 0000 0152         return '1';
0001b3 e3e1      	LDI  R30,LOW(49)
0001b4 c13b      	RJMP _0x2020001
                 ; 0000 0153     }
                 ; 0000 0154     else if(value == 2)
                 _0x23:
0001b5 81a8      	LD   R26,Y
0001b6 30a2      	CPI  R26,LOW(0x2)
0001b7 f411      	BRNE _0x25
                 ; 0000 0155     {
                 ; 0000 0156         return '2';
0001b8 e3e2      	LDI  R30,LOW(50)
0001b9 c136      	RJMP _0x2020001
                 ; 0000 0157     }
                 ; 0000 0158     else if(value == 3)
                 _0x25:
0001ba 81a8      	LD   R26,Y
0001bb 30a3      	CPI  R26,LOW(0x3)
0001bc f411      	BRNE _0x27
                 ; 0000 0159     {
                 ; 0000 015A         return '3';
0001bd e3e3      	LDI  R30,LOW(51)
0001be c131      	RJMP _0x2020001
                 ; 0000 015B     }
                 ; 0000 015C     else if(value == 4)
                 _0x27:
0001bf 81a8      	LD   R26,Y
0001c0 30a4      	CPI  R26,LOW(0x4)
0001c1 f411      	BRNE _0x29
                 ; 0000 015D     {
                 ; 0000 015E         return '4';
0001c2 e3e4      	LDI  R30,LOW(52)
0001c3 c12c      	RJMP _0x2020001
                 ; 0000 015F     }
                 ; 0000 0160     else if(value == 5)
                 _0x29:
0001c4 81a8      	LD   R26,Y
0001c5 30a5      	CPI  R26,LOW(0x5)
0001c6 f411      	BRNE _0x2B
                 ; 0000 0161     {
                 ; 0000 0162         return '5';
0001c7 e3e5      	LDI  R30,LOW(53)
0001c8 c127      	RJMP _0x2020001
                 ; 0000 0163     }
                 ; 0000 0164     else if(value == 6)
                 _0x2B:
0001c9 81a8      	LD   R26,Y
0001ca 30a6      	CPI  R26,LOW(0x6)
0001cb f411      	BRNE _0x2D
                 ; 0000 0165     {
                 ; 0000 0166         return '6';
0001cc e3e6      	LDI  R30,LOW(54)
0001cd c122      	RJMP _0x2020001
                 ; 0000 0167     }
                 ; 0000 0168     else if(value == 7)
                 _0x2D:
0001ce 81a8      	LD   R26,Y
0001cf 30a7      	CPI  R26,LOW(0x7)
0001d0 f411      	BRNE _0x2F
                 ; 0000 0169     {
                 ; 0000 016A         return '7';
0001d1 e3e7      	LDI  R30,LOW(55)
0001d2 c11d      	RJMP _0x2020001
                 ; 0000 016B     }
                 ; 0000 016C     else if(value == 8)
                 _0x2F:
0001d3 81a8      	LD   R26,Y
0001d4 30a8      	CPI  R26,LOW(0x8)
0001d5 f411      	BRNE _0x31
                 ; 0000 016D     {
                 ; 0000 016E         return '8';
0001d6 e3e8      	LDI  R30,LOW(56)
0001d7 c118      	RJMP _0x2020001
                 ; 0000 016F     }
                 ; 0000 0170     else if(value == 9)
                 _0x31:
0001d8 81a8      	LD   R26,Y
0001d9 30a9      	CPI  R26,LOW(0x9)
0001da f411      	BRNE _0x33
                 ; 0000 0171     {
                 ; 0000 0172         return '9';
0001db e3e9      	LDI  R30,LOW(57)
0001dc c113      	RJMP _0x2020001
                 ; 0000 0173     }
                 ; 0000 0174 }
                 _0x33:
0001dd c112      	RJMP _0x2020001
                 ;
                 ;void caculate()
                 ; 0000 0177 {
                 _caculate:
                 ; 0000 0178     unsigned char eod=0,prt=0;
                 ; 0000 0179     if(microSecond>100)
0001de d1ab      	RCALL __SAVELOCR2
                 ;	eod -> R16
                 ;	prt -> R17
0001df e000      	LDI  R16,0
0001e0 e010      	LDI  R17,0
0001e1 e6e4      	LDI  R30,LOW(100)
0001e2 e0f0      	LDI  R31,HIGH(100)
0001e3 15e6      	CP   R30,R6
0001e4 05f7      	CPC  R31,R7
0001e5 f434      	BRGE _0x34
                 ; 0000 017A     {
                 ; 0000 017B         Second++;
0001e6 94e3      	INC  R14
                 ; 0000 017C         microSecond = 0;
0001e7 2466      	CLR  R6
0001e8 2477      	CLR  R7
                 ; 0000 017D         sysclk=0;
0001e9 2488      	CLR  R8
0001ea 2499      	CLR  R9
                 ; 0000 017E         prt=1;
0001eb e011      	LDI  R17,LOW(1)
                 ; 0000 017F 
                 ; 0000 0180     }
                 ; 0000 0181     if(Second==60)
                 _0x34:
0001ec e3ec      	LDI  R30,LOW(60)
0001ed 15ee      	CP   R30,R14
0001ee f421      	BRNE _0x35
                 ; 0000 0182     {
                 ; 0000 0183         Minute++;
0001ef 94d3      	INC  R13
                 ; 0000 0184         Second =0;
0001f0 24ee      	CLR  R14
                 ; 0000 0185         sysclk=0;
0001f1 2488      	CLR  R8
0001f2 2499      	CLR  R9
                 ; 0000 0186 
                 ; 0000 0187     }
                 ; 0000 0188     if(Minute==60)
                 _0x35:
0001f3 e3ec      	LDI  R30,LOW(60)
0001f4 15ed      	CP   R30,R13
0001f5 f411      	BRNE _0x36
                 ; 0000 0189     {
                 ; 0000 018A         Hour++;
0001f6 94c3      	INC  R12
                 ; 0000 018B         Minute = 0;
0001f7 24dd      	CLR  R13
                 ; 0000 018C     }
                 ; 0000 018D     if(Hour==24)
                 _0x36:
0001f8 e1e8      	LDI  R30,LOW(24)
0001f9 15ec      	CP   R30,R12
0001fa f419      	BRNE _0x37
                 ; 0000 018E     {
                 ; 0000 018F         Day++;
0001fb 94b3      	INC  R11
                 ; 0000 0190         Hour = 0;
0001fc 24cc      	CLR  R12
                 ; 0000 0191         eod=1;
0001fd e001      	LDI  R16,LOW(1)
                 ; 0000 0192     }
                 ; 0000 0193     if(Month==1 || Month==3 || Month==5 || Month==7 || Month==8 || Month==10 || Month ==12)
                 _0x37:
0001fe e0e1      	LDI  R30,LOW(1)
0001ff 15ea      	CP   R30,R10
000200 f091      	BREQ _0x39
000201 e0e3      	LDI  R30,LOW(3)
000202 15ea      	CP   R30,R10
000203 f079      	BREQ _0x39
000204 e0e5      	LDI  R30,LOW(5)
000205 15ea      	CP   R30,R10
000206 f061      	BREQ _0x39
000207 e0e7      	LDI  R30,LOW(7)
000208 15ea      	CP   R30,R10
000209 f049      	BREQ _0x39
00020a e0e8      	LDI  R30,LOW(8)
00020b 15ea      	CP   R30,R10
00020c f031      	BREQ _0x39
00020d e0ea      	LDI  R30,LOW(10)
00020e 15ea      	CP   R30,R10
00020f f019      	BREQ _0x39
000210 e0ec      	LDI  R30,LOW(12)
000211 15ea      	CP   R30,R10
000212 f439      	BRNE _0x38
                 _0x39:
                 ; 0000 0194     {
                 ; 0000 0195         if(Day==32)
000213 e2e0      	LDI  R30,LOW(32)
000214 15eb      	CP   R30,R11
000215 f419      	BRNE _0x3B
                 ; 0000 0196         {
                 ; 0000 0197             Month++;
000216 94a3      	INC  R10
                 ; 0000 0198             Day = 1;
000217 e0e1      	LDI  R30,LOW(1)
000218 2ebe      	MOV  R11,R30
                 ; 0000 0199         }
                 ; 0000 019A     }
                 _0x3B:
                 ; 0000 019B     else
000219 c01b      	RJMP _0x3C
                 _0x38:
                 ; 0000 019C     {
                 ; 0000 019D         if(Month == 2 && Year%4!=0)
00021a e0e2      	LDI  R30,LOW(2)
00021b 15ea      	CP   R30,R10
00021c f439      	BRNE _0x3E
                +
00021d 2da4     +MOV R26 , R4
00021e 2db5     +MOV R27 , R5
                 	__GETW2R 4,5
00021f e0e4      	LDI  R30,LOW(4)
000220 e0f0      	LDI  R31,HIGH(4)
000221 d14b      	RCALL __MODW21
000222 9730      	SBIW R30,0
000223 f409      	BRNE _0x3F
                 _0x3E:
000224 c00a      	RJMP _0x3D
                 _0x3F:
                 ; 0000 019E         {
                 ; 0000 019F             if(Day==29)
000225 e1ed      	LDI  R30,LOW(29)
000226 15eb      	CP   R30,R11
000227 f019      	BREQ _0x4A
                 ; 0000 01A0             {
                 ; 0000 01A1                 Month++;
                 ; 0000 01A2                 Day = 1;
                 ; 0000 01A3             }
                 ; 0000 01A4             else if(Day == 30)
000228 e1ee      	LDI  R30,LOW(30)
000229 15eb      	CP   R30,R11
00022a f419      	BRNE _0x42
                 ; 0000 01A5             {
                 ; 0000 01A6                 Month++;
                 _0x4A:
00022b 94a3      	INC  R10
                 ; 0000 01A7                 Day =1;
00022c e0e1      	LDI  R30,LOW(1)
00022d 2ebe      	MOV  R11,R30
                 ; 0000 01A8             }
                 ; 0000 01A9         }
                 _0x42:
                 ; 0000 01AA         else
00022e c006      	RJMP _0x43
                 _0x3D:
                 ; 0000 01AB         {
                 ; 0000 01AC             if(Day==31)
00022f e1ef      	LDI  R30,LOW(31)
000230 15eb      	CP   R30,R11
000231 f419      	BRNE _0x44
                 ; 0000 01AD             {
                 ; 0000 01AE                 Month++;
000232 94a3      	INC  R10
                 ; 0000 01AF                 Day = 1;
000233 e0e1      	LDI  R30,LOW(1)
000234 2ebe      	MOV  R11,R30
                 ; 0000 01B0             }
                 ; 0000 01B1         }
                 _0x44:
                 _0x43:
                 ; 0000 01B2     }
                 _0x3C:
                 ; 0000 01B3     if(Month==13)
000235 e0ed      	LDI  R30,LOW(13)
000236 15ea      	CP   R30,R10
000237 f429      	BRNE _0x45
                 ; 0000 01B4     {
                 ; 0000 01B5         Year++;
000238 e0e1      	LDI  R30,LOW(1)
000239 e0f0      	LDI  R31,HIGH(1)
                +
00023a 0e4e     +ADD R4 , R30
00023b 1e5f     +ADC R5 , R31
                 	__ADDWRR 4,5,30,31
                 ; 0000 01B6         Month=1;
00023c 2eae      	MOV  R10,R30
                 ; 0000 01B7     }
                 ; 0000 01B8     if(prt==1)
                 _0x45:
00023d 3011      	CPI  R17,1
00023e f409      	BRNE _0x46
                 ; 0000 01B9     {
                 ; 0000 01BA        output_time();
00023f deb8      	RCALL _output_time
                 ; 0000 01BB     }
                 ; 0000 01BC     if(eod==1)
                 _0x46:
000240 3001      	CPI  R16,1
000241 f409      	BRNE _0x47
                 ; 0000 01BD     {
                 ; 0000 01BE         output_day();
000242 ded4      	RCALL _output_day
                 ; 0000 01BF     }
                 ; 0000 01C0 }
                 _0x47:
000243 d149      	RCALL __LOADLOCR2P
000244 9508      	RET
                 	#ifndef __SLEEP_DEFINED__
                 	#endif
                 
                 	.DSEG
                 
                 	.CSEG
                 __lcd_write_nibble_G100:
000245 93aa      	ST   -Y,R26
000246 b3e8      	IN   R30,0x18
000247 70ef      	ANDI R30,LOW(0xF)
000248 2fae      	MOV  R26,R30
000249 81e8      	LD   R30,Y
00024a 7fe0      	ANDI R30,LOW(0xF0)
00024b 2bea      	OR   R30,R26
00024c bbe8      	OUT  0x18,R30
                +
00024d e085     +LDI R24 , LOW ( 5 )
                +__DELAY_USB_LOOP :
00024e 958a     +DEC R24
00024f f7f1     +BRNE __DELAY_USB_LOOP
                 	__DELAY_USB 5
000250 9a90      	SBI  0x12,0
                +
000251 e08d     +LDI R24 , LOW ( 13 )
                +__DELAY_USB_LOOP :
000252 958a     +DEC R24
000253 f7f1     +BRNE __DELAY_USB_LOOP
                 	__DELAY_USB 13
000254 9890      	CBI  0x12,0
                +
000255 e08d     +LDI R24 , LOW ( 13 )
                +__DELAY_USB_LOOP :
000256 958a     +DEC R24
000257 f7f1     +BRNE __DELAY_USB_LOOP
                 	__DELAY_USB 13
000258 c097      	RJMP _0x2020001
                 __lcd_write_data:
000259 93aa      	ST   -Y,R26
00025a 81a8      	LD   R26,Y
00025b dfe9      	RCALL __lcd_write_nibble_G100
00025c 81e8          ld    r30,y
00025d 95e2          swap  r30
00025e 83e8          st    y,r30
00025f 81a8      	LD   R26,Y
000260 dfe4      	RCALL __lcd_write_nibble_G100
                +
000261 e885     +LDI R24 , LOW ( 133 )
                +__DELAY_USB_LOOP :
000262 958a     +DEC R24
000263 f7f1     +BRNE __DELAY_USB_LOOP
                 	__DELAY_USB 133
000264 c08b      	RJMP _0x2020001
                 _lcd_gotoxy:
000265 93aa      	ST   -Y,R26
000266 81e8      	LD   R30,Y
000267 e0f0      	LDI  R31,0
000268 51ea      	SUBI R30,LOW(-__base_y_G100)
000269 4fff      	SBCI R31,HIGH(-__base_y_G100)
00026a 81e0      	LD   R30,Z
00026b 81a9      	LDD  R26,Y+1
00026c 0fae      	ADD  R26,R30
00026d dfeb      	RCALL __lcd_write_data
00026e 81e9      	LDD  R30,Y+1
00026f 93e0 00ea 	STS  __lcd_x,R30
000271 81e8      	LD   R30,Y
000272 93e0 00eb 	STS  __lcd_y,R30
000274 9622      	ADIW R28,2
000275 9508      	RET
                 _lcd_clear:
000276 e0a2      	LDI  R26,LOW(2)
000277 dfe1      	RCALL __lcd_write_data
000278 e0a3      	LDI  R26,LOW(3)
000279 d086      	RCALL SUBOPT_0x3
00027a e0ac      	LDI  R26,LOW(12)
00027b dfdd      	RCALL __lcd_write_data
00027c e0a1      	LDI  R26,LOW(1)
00027d dfdb      	RCALL __lcd_write_data
00027e e0a3      	LDI  R26,LOW(3)
00027f d080      	RCALL SUBOPT_0x3
000280 e0e0      	LDI  R30,LOW(0)
000281 93e0 00eb 	STS  __lcd_y,R30
000283 93e0 00ea 	STS  __lcd_x,R30
000285 9508      	RET
                 _lcd_putchar:
000286 93aa      	ST   -Y,R26
000287 81a8      	LD   R26,Y
000288 30aa      	CPI  R26,LOW(0xA)
000289 f031      	BREQ _0x2000005
00028a 91e0 00ec 	LDS  R30,__lcd_maxx
00028c 91a0 00ea 	LDS  R26,__lcd_x
00028e 17ae      	CP   R26,R30
00028f f060      	BRLO _0x2000004
                 _0x2000005:
000290 e0e0      	LDI  R30,LOW(0)
000291 93ea      	ST   -Y,R30
000292 91a0 00eb 	LDS  R26,__lcd_y
000294 5faf      	SUBI R26,-LOW(1)
000295 93a0 00eb 	STS  __lcd_y,R26
000297 dfcd      	RCALL _lcd_gotoxy
000298 81a8      	LD   R26,Y
000299 30aa      	CPI  R26,LOW(0xA)
00029a f409      	BRNE _0x2000007
00029b c054      	RJMP _0x2020001
                 _0x2000007:
                 _0x2000004:
00029c 91e0 00ea 	LDS  R30,__lcd_x
00029e 5fef      	SUBI R30,-LOW(1)
00029f 93e0 00ea 	STS  __lcd_x,R30
0002a1 9a95      	SBI  0x12,5
0002a2 81a8      	LD   R26,Y
0002a3 dfb5      	RCALL __lcd_write_data
0002a4 9895      	CBI  0x12,5
0002a5 c04a      	RJMP _0x2020001
                 _lcd_puts:
0002a6 93ba      	ST   -Y,R27
0002a7 93aa      	ST   -Y,R26
0002a8 930a      	ST   -Y,R16
                 _0x2000008:
0002a9 d073      	RCALL SUBOPT_0xA
0002aa 91ed      	LD   R30,X+
0002ab 83a9      	STD  Y+1,R26
0002ac 83ba      	STD  Y+1+1,R27
0002ad 2f0e      	MOV  R16,R30
0002ae 30e0      	CPI  R30,0
0002af f019      	BREQ _0x200000A
0002b0 2fa0      	MOV  R26,R16
0002b1 dfd4      	RCALL _lcd_putchar
0002b2 cff6      	RJMP _0x2000008
                 _0x200000A:
0002b3 c011      	RJMP _0x2020002
                 _lcd_putsf:
0002b4 93ba      	ST   -Y,R27
0002b5 93aa      	ST   -Y,R26
0002b6 930a      	ST   -Y,R16
                 _0x200000B:
0002b7 81e9      	LDD  R30,Y+1
0002b8 81fa      	LDD  R31,Y+1+1
0002b9 9631      	ADIW R30,1
0002ba 83e9      	STD  Y+1,R30
0002bb 83fa      	STD  Y+1+1,R31
0002bc 9731      	SBIW R30,1
0002bd 95c8      	LPM
0002be 2de0      	MOV  R30,R0
0002bf 2f0e      	MOV  R16,R30
0002c0 30e0      	CPI  R30,0
0002c1 f019      	BREQ _0x200000D
0002c2 2fa0      	MOV  R26,R16
0002c3 dfc2      	RCALL _lcd_putchar
0002c4 cff2      	RJMP _0x200000B
                 _0x200000D:
                 _0x2020002:
0002c5 8108      	LDD  R16,Y+0
0002c6 9623      	ADIW R28,3
0002c7 9508      	RET
                 _lcd_init:
0002c8 93aa      	ST   -Y,R26
0002c9 b3e7      	IN   R30,0x17
0002ca 6fe0      	ORI  R30,LOW(0xF0)
0002cb bbe7      	OUT  0x17,R30
0002cc 9a88      	SBI  0x11,0
0002cd 9a8d      	SBI  0x11,5
0002ce 9a8c      	SBI  0x11,4
0002cf 9890      	CBI  0x12,0
0002d0 9895      	CBI  0x12,5
0002d1 9894      	CBI  0x12,4
0002d2 81e8      	LD   R30,Y
0002d3 93e0 00ec 	STS  __lcd_maxx,R30
0002d5 58e0      	SUBI R30,-LOW(128)
                +
0002d6 93e0 00e8+STS __base_y_G100 + ( 2 ) , R30
                 	__PUTB1MN __base_y_G100,2
0002d8 81e8      	LD   R30,Y
0002d9 54e0      	SUBI R30,-LOW(192)
                +
0002da 93e0 00e9+STS __base_y_G100 + ( 3 ) , R30
                 	__PUTB1MN __base_y_G100,3
0002dc e1a4      	LDI  R26,LOW(20)
0002dd d022      	RCALL SUBOPT_0x3
0002de d05b      	RCALL SUBOPT_0x10
0002df d05a      	RCALL SUBOPT_0x10
0002e0 d059      	RCALL SUBOPT_0x10
0002e1 e2a0      	LDI  R26,LOW(32)
0002e2 df62      	RCALL __lcd_write_nibble_G100
                +
0002e3 ec88     +LDI R24 , LOW ( 200 )
0002e4 e090     +LDI R25 , HIGH ( 200 )
                +__DELAY_USW_LOOP :
0002e5 9701     +SBIW R24 , 1
0002e6 f7f1     +BRNE __DELAY_USW_LOOP
                 	__DELAY_USW 200
0002e7 e2a8      	LDI  R26,LOW(40)
0002e8 df70      	RCALL __lcd_write_data
0002e9 e0a4      	LDI  R26,LOW(4)
0002ea df6e      	RCALL __lcd_write_data
0002eb e8a5      	LDI  R26,LOW(133)
0002ec df6c      	RCALL __lcd_write_data
0002ed e0a6      	LDI  R26,LOW(6)
0002ee df6a      	RCALL __lcd_write_data
0002ef df86      	RCALL _lcd_clear
                 _0x2020001:
0002f0 9621      	ADIW R28,1
0002f1 9508      	RET
                 
                 	.DSEG
                 _onum:
0000e0           	.BYTE 0x4
                 _o2num:
0000e4           	.BYTE 0x2
                 __base_y_G100:
0000e6           	.BYTE 0x4
                 __lcd_x:
0000ea           	.BYTE 0x1
                 __lcd_y:
0000eb           	.BYTE 0x1
                 __lcd_maxx:
0000ec           	.BYTE 0x1
                 
                 	.CSEG
                 ;OPTIMIZER ADDED SUBROUTINE, CALLED 2 TIMES, CODE SIZE REDUCTION:1 WORDS
                 SUBOPT_0x0:
                +
0002f2 2da8     +MOV R26 , R8
0002f3 2db9     +MOV R27 , R9
                 	__GETW2R 8,9
0002f4 e2e6      	LDI  R30,LOW(38)
0002f5 e0f0      	LDI  R31,HIGH(38)
0002f6 9508      	RET
                 
                 ;OPTIMIZER ADDED SUBROUTINE, CALLED 3 TIMES, CODE SIZE REDUCTION:4 WORDS
                 SUBOPT_0x1:
0002f7 e0e0      	LDI  R30,LOW(0)
0002f8 93ea      	ST   -Y,R30
0002f9 e0a0      	LDI  R26,LOW(0)
0002fa cf6a      	RJMP _lcd_gotoxy
                 
                 ;OPTIMIZER ADDED SUBROUTINE, CALLED 3 TIMES, CODE SIZE REDUCTION:6 WORDS
                 SUBOPT_0x2:
0002fb dfb8      	RCALL _lcd_putsf
0002fc e0e3      	LDI  R30,LOW(3)
0002fd 93ea      	ST   -Y,R30
0002fe e0a1      	LDI  R26,LOW(1)
0002ff cf65      	RJMP _lcd_gotoxy
                 
                 ;OPTIMIZER ADDED SUBROUTINE, CALLED 4 TIMES, CODE SIZE REDUCTION:7 WORDS
                 SUBOPT_0x3:
000300 e0b0      	LDI  R27,0
000301 c03f      	RJMP _delay_ms
                 
                 ;OPTIMIZER ADDED SUBROUTINE, CALLED 6 TIMES, CODE SIZE REDUCTION:8 WORDS
                 SUBOPT_0x4:
000302 93ea      	ST   -Y,R30
000303 e0a1      	LDI  R26,LOW(1)
000304 cf60      	RJMP _lcd_gotoxy
                 
                 ;OPTIMIZER ADDED SUBROUTINE, CALLED 5 TIMES, CODE SIZE REDUCTION:14 WORDS
                 SUBOPT_0x5:
000305 27bb      	CLR  R27
000306 de7e      	RCALL _d2ecoder
000307 eea4      	LDI  R26,LOW(_o2num)
000308 e0b0      	LDI  R27,HIGH(_o2num)
000309 cf9c      	RJMP _lcd_puts
                 
                 ;OPTIMIZER ADDED SUBROUTINE, CALLED 6 TIMES, CODE SIZE REDUCTION:8 WORDS
                 SUBOPT_0x6:
00030a 93ea      	ST   -Y,R30
00030b e0a0      	LDI  R26,LOW(0)
00030c cf58      	RJMP _lcd_gotoxy
                 
                 ;OPTIMIZER ADDED SUBROUTINE, CALLED 2 TIMES, CODE SIZE REDUCTION:3 WORDS
                 SUBOPT_0x7:
00030d 93ba      	ST   -Y,R27
00030e 93aa      	ST   -Y,R26
00030f 930a      	ST   -Y,R16
000310 81a9      	LDD  R26,Y+1
000311 81ba      	LDD  R27,Y+1+1
000312 971a      	SBIW R26,10
000313 9508      	RET
                 
                 ;OPTIMIZER ADDED SUBROUTINE, CALLED 4 TIMES, CODE SIZE REDUCTION:1 WORDS
                 SUBOPT_0x8:
                +
000314 93e0 00e3+STS _onum + ( 3 ) , R30
                 	__PUTB1MN _onum,3
000316 9508      	RET
                 
                 ;OPTIMIZER ADDED SUBROUTINE, CALLED 2 TIMES, CODE SIZE REDUCTION:3 WORDS
                 SUBOPT_0x9:
                +
000317 93e0 00e2+STS _onum + ( 2 ) , R30
                 	__PUTB1MN _onum,2
000319 e0e0      	LDI  R30,LOW(0)
                +
00031a 93e0 00e1+STS _onum + ( 1 ) , R30
                 	__PUTB1MN _onum,1
00031c 9508      	RET
                 
                 ;OPTIMIZER ADDED SUBROUTINE, CALLED 34 TIMES, CODE SIZE REDUCTION:31 WORDS
                 SUBOPT_0xA:
00031d 81a9      	LDD  R26,Y+1
00031e 81ba      	LDD  R27,Y+1+1
00031f 9508      	RET
                 
                 ;OPTIMIZER ADDED SUBROUTINE, CALLED 3 TIMES, CODE SIZE REDUCTION:2 WORDS
                 SUBOPT_0xB:
000320 36a4      	CPI  R26,LOW(0x64)
000321 e0e0      	LDI  R30,HIGH(0x64)
000322 07be      	CPC  R27,R30
000323 9508      	RET
                 
                 ;OPTIMIZER ADDED SUBROUTINE, CALLED 18 TIMES, CODE SIZE REDUCTION:49 WORDS
                 SUBOPT_0xC:
000324 dff8      	RCALL SUBOPT_0xA
000325 e0ea      	LDI  R30,LOW(10)
000326 e0f0      	LDI  R31,HIGH(10)
000327 d041      	RCALL __MODW21U
000328 9508      	RET
                 
                 ;OPTIMIZER ADDED SUBROUTINE, CALLED 7 TIMES, CODE SIZE REDUCTION:46 WORDS
                 SUBOPT_0xD:
000329 dff3      	RCALL SUBOPT_0xA
00032a 1bae      	SUB  R26,R30
00032b 0bbf      	SBC  R27,R31
00032c e0ea      	LDI  R30,LOW(10)
00032d e0f0      	LDI  R31,HIGH(10)
00032e d020      	RCALL __DIVW21U
00032f 83e9      	STD  Y+1,R30
000330 83fa      	STD  Y+1+1,R31
000331 cff2      	RJMP SUBOPT_0xC
                 
                 ;OPTIMIZER ADDED SUBROUTINE, CALLED 2 TIMES, CODE SIZE REDUCTION:1 WORDS
                 SUBOPT_0xE:
000332 dfea      	RCALL SUBOPT_0xA
000333 3ea8      	CPI  R26,LOW(0x3E8)
000334 e0e3      	LDI  R30,HIGH(0x3E8)
000335 07be      	CPC  R27,R30
000336 9508      	RET
                 
                 ;OPTIMIZER ADDED SUBROUTINE, CALLED 2 TIMES, CODE SIZE REDUCTION:1 WORDS
                 SUBOPT_0xF:
000337 2fe0      	MOV  R30,R16
000338 e0f0      	LDI  R31,0
000339 9508      	RET
                 
                 ;OPTIMIZER ADDED SUBROUTINE, CALLED 3 TIMES, CODE SIZE REDUCTION:8 WORDS
                 SUBOPT_0x10:
00033a e3a0      	LDI  R26,LOW(48)
00033b df09      	RCALL __lcd_write_nibble_G100
                +
00033c ec88     +LDI R24 , LOW ( 200 )
00033d e090     +LDI R25 , HIGH ( 200 )
                +__DELAY_USW_LOOP :
00033e 9701     +SBIW R24 , 1
00033f f7f1     +BRNE __DELAY_USW_LOOP
                 	__DELAY_USW 200
000340 9508      	RET
                 
                 
                 	.CSEG
                 _delay_ms:
000341 9610      	adiw r26,0
000342 f039      	breq __delay_ms1
                 __delay_ms0:
                +
000343 ed80     +LDI R24 , LOW ( 0x7D0 )
000344 e097     +LDI R25 , HIGH ( 0x7D0 )
                +__DELAY_USW_LOOP :
000345 9701     +SBIW R24 , 1
000346 f7f1     +BRNE __DELAY_USW_LOOP
                 	__DELAY_USW 0x7D0
000347 95a8      	wdr
000348 9711      	sbiw r26,1
000349 f7c9      	brne __delay_ms0
                 __delay_ms1:
00034a 9508      	ret
                 
                 __ANEGW1:
00034b 95f1      	NEG  R31
00034c 95e1      	NEG  R30
00034d 40f0      	SBCI R31,0
00034e 9508      	RET
                 
                 __DIVW21U:
00034f 2400      	CLR  R0
000350 2411      	CLR  R1
000351 e190      	LDI  R25,16
                 __DIVW21U1:
000352 0faa      	LSL  R26
000353 1fbb      	ROL  R27
000354 1c00      	ROL  R0
000355 1c11      	ROL  R1
000356 1a0e      	SUB  R0,R30
000357 0a1f      	SBC  R1,R31
000358 f418      	BRCC __DIVW21U2
000359 0e0e      	ADD  R0,R30
00035a 1e1f      	ADC  R1,R31
00035b c001      	RJMP __DIVW21U3
                 __DIVW21U2:
00035c 60a1      	SBR  R26,1
                 __DIVW21U3:
00035d 959a      	DEC  R25
00035e f799      	BRNE __DIVW21U1
00035f 2fea      	MOV  R30,R26
000360 2ffb      	MOV  R31,R27
000361 2da0      	MOV  R26,R0
000362 2db1      	MOV  R27,R1
000363 9508      	RET
                 
                 __DIVW21:
000364 d017      	RCALL __CHKSIGNW
000365 dfe9      	RCALL __DIVW21U
000366 f40e      	BRTC __DIVW211
000367 dfe3      	RCALL __ANEGW1
                 __DIVW211:
000368 9508      	RET
                 
                 __MODW21U:
000369 dfe5      	RCALL __DIVW21U
00036a 2fea      	MOV  R30,R26
00036b 2ffb      	MOV  R31,R27
00036c 9508      	RET
                 
                 __MODW21:
00036d 94e8      	CLT
00036e ffb7      	SBRS R27,7
00036f c004      	RJMP __MODW211
000370 95a0      	COM  R26
000371 95b0      	COM  R27
000372 9611      	ADIW R26,1
000373 9468      	SET
                 __MODW211:
000374 fdf7      	SBRC R31,7
000375 dfd5      	RCALL __ANEGW1
000376 dfd8      	RCALL __DIVW21U
000377 2fea      	MOV  R30,R26
000378 2ffb      	MOV  R31,R27
000379 f40e      	BRTC __MODW212
00037a dfd0      	RCALL __ANEGW1
                 __MODW212:
00037b 9508      	RET
                 
                 __CHKSIGNW:
00037c 94e8      	CLT
00037d fff7      	SBRS R31,7
00037e c002      	RJMP __CHKSW1
00037f dfcb      	RCALL __ANEGW1
000380 9468      	SET
                 __CHKSW1:
000381 ffb7      	SBRS R27,7
000382 c006      	RJMP __CHKSW2
000383 95a0      	COM  R26
000384 95b0      	COM  R27
000385 9611      	ADIW R26,1
000386 f800      	BLD  R0,0
000387 9403      	INC  R0
000388 fa00      	BST  R0,0
                 __CHKSW2:
000389 9508      	RET
                 
                 __SAVELOCR2:
00038a 931a      	ST   -Y,R17
00038b 930a      	ST   -Y,R16
00038c 9508      	RET
                 
                 __LOADLOCR2P:
00038d 9109      	LD   R16,Y+
00038e 9119      	LD   R17,Y+
00038f 9508      	RET
                 
                 ;END OF CODE MARKER
                 __END_OF_CODE:


RESOURCE USE INFORMATION
------------------------

Notice:
The register and instruction counts are symbol table hit counts,
and hence implicitly used resources are not counted, eg, the
'lpm' instruction without operands implicitly uses r0 and z,
none of which are counted.

x,y,z are separate entities in the symbol table and are
counted separately from r26..r31 here.

.dseg memory usage only counts static data declared with .byte

AT90S8535 register use summary:
r0 :  18 r1 :   9 r2 :   0 r3 :   0 r4 :   3 r5 :   3 r6 :   3 r7 :   3 
r8 :   4 r9 :   4 r10:  14 r11:   9 r12:   4 r13:   4 r14:   4 r15:   0 
r16:  22 r17:   5 r18:   0 r19:   0 r20:   0 r21:   0 r22:   2 r23:   2 
r24:  21 r25:   9 r26: 118 r27:  42 r28:   4 r29:   1 r30: 247 r31:  39 
x  :   6 y  :  81 z  :   3 
Registers used: 28 out of 35 (80.0%)

AT90S8535 instruction use summary:
.lds  :   0 .lds.l:   0 .sts  :   0 .sts.l:   0 adc   :   3 add   :   4 
adiw  :  14 and   :   0 andi  :   2 asr   :   0 bclr  :   0 bld   :   1 
brbc  :   0 brbs  :   0 brcc  :   1 brcs  :   0 break :   0 breq  :  12 
brge  :   1 brhc  :   0 brhs  :   0 brid  :   0 brie  :   0 brlo  :   1 
brlt  :   0 brmi  :   0 brne  :  36 brpl  :   0 brsh  :  12 brtc  :   2 
brts  :   0 brvc  :   0 brvs  :   0 bset  :   0 bst   :   1 cbi   :   5 
cbr   :   0 clc   :   0 clh   :   0 cli   :   1 cln   :   0 clr   :  14 
cls   :   0 clt   :   2 clv   :   0 clz   :   0 com   :   4 cp    :  18 
cpc   :   4 cpi   :  21 cpse  :   0 dec   :   6 des   :   0 eor   :   0 
fmul  :   0 fmuls :   0 fmulsu:   0 icall :   0 ijmp  :   0 in    :   3 
inc   :   8 ld    :  36 ldd   :  11 ldi   : 162 lds   :   4 lpm   :  24 
lsl   :   1 lsr   :   0 mov   :  43 movw  :   0 mul   :   0 muls  :   0 
mulsu :   0 neg   :   2 nop   :   0 or    :   1 ori   :   1 out   :  43 
pop   :   4 push  :   4 rcall : 130 ret   :  26 reti  :   2 rjmp  :  65 
rol   :   3 ror   :   0 sbc   :   2 sbci  :   4 sbi   :   5 sbic  :   0 
sbis  :   0 sbiw  :  13 sbr   :   1 sbrc  :   1 sbrs  :   3 sec   :   0 
seh   :   0 sei   :   1 sen   :   0 ser   :   0 ses   :   0 set   :   2 
sev   :   0 sez   :   0 sleep :   0 spm   :   0 st    :  37 std   :   6 
sts   :  20 sub   :   2 subi  :   9 swap  :   1 tst   :   0 wdr   :   1 

Instructions used: 58 out of 114 (50.9%)

AT90S8535 memory use summary [bytes]:
Segment   Begin    End      Code   Data   Used    Size   Use%
---------------------------------------------------------------
[.cseg] 0x000000 0x000720   1708    116   1824    8192  22.3%
[.dseg] 0x000060 0x0000ed      0     13     13     607   2.1%
[.eseg] 0x000000 0x000000      0      0      0     512   0.0%

Assembly complete, 0 errors, 10 warnings
