
AVRASM ver. 2.1.30  D:\Trial-4\List\Trial-4.asm Fri May 01 16:12:59 2015

D:\Trial-4\List\Trial-4.asm(1028): warning: Register r4 already defined by the .DEF directive
D:\Trial-4\List\Trial-4.asm(1029): warning: Register r6 already defined by the .DEF directive
D:\Trial-4\List\Trial-4.asm(1030): warning: Register r8 already defined by the .DEF directive
                 
                 
                 ;CodeVisionAVR C Compiler V2.05.3 Standard
                 ;(C) Copyright 1998-2011 Pavel Haiduc, HP InfoTech s.r.l.
                 ;http://www.hpinfotech.com
                 
                 ;Chip type                : AT90S8535
                 ;Program type             : Application
                 ;Clock frequency          : 8.000000 MHz
                 ;Memory model             : Small
                 ;Optimize for             : Size
                 ;(s)printf features       : int, width
                 ;(s)scanf features        : int, width
                 ;External RAM size        : 0
                 ;Data Stack size          : 128 byte(s)
                 ;Heap size                : 0 byte(s)
                 ;Promote 'char' to 'int'  : Yes
                 ;'char' is unsigned       : Yes
                 ;8 bit enums              : Yes
                 ;Global 'const' stored in FLASH     : No
                 ;Enhanced function parameter passing: Yes
                 ;Smart register allocation          : Off
                 ;Automatic register allocation      : On
                 
                 	#pragma AVRPART ADMIN PART_NAME AT90S8535
                 	#pragma AVRPART MEMORY PROG_FLASH 8192
                 	#pragma AVRPART MEMORY EEPROM 512
                 	#pragma AVRPART MEMORY INT_SRAM SIZE 607
                 	#pragma AVRPART MEMORY INT_SRAM START_ADDR 0x60
                 
                 	.LISTMAC
                 	.EQU UDRE=0x5
                 	.EQU RXC=0x7
                 	.EQU USR=0xB
                 	.EQU UDR=0xC
                 	.EQU SPSR=0xE
                 	.EQU SPDR=0xF
                 	.EQU EERE=0x0
                 	.EQU EEWE=0x1
                 	.EQU EEMWE=0x2
                 	.EQU EECR=0x1C
                 	.EQU EEDR=0x1D
                 	.EQU EEARL=0x1E
                 	.EQU EEARH=0x1F
                 	.EQU WDTCR=0x21
                 	.EQU MCUCR=0x35
                 	.EQU SPL=0x3D
                 	.EQU SPH=0x3E
                 	.EQU SREG=0x3F
                 
                 	.DEF R0X0=R0
                 	.DEF R0X1=R1
                 	.DEF R0X2=R2
                 	.DEF R0X3=R3
                 	.DEF R0X4=R4
                 	.DEF R0X5=R5
                 	.DEF R0X6=R6
                 	.DEF R0X7=R7
                 	.DEF R0X8=R8
                 	.DEF R0X9=R9
                 	.DEF R0XA=R10
                 	.DEF R0XB=R11
                 	.DEF R0XC=R12
                 	.DEF R0XD=R13
                 	.DEF R0XE=R14
                 	.DEF R0XF=R15
                 	.DEF R0X10=R16
                 	.DEF R0X11=R17
                 	.DEF R0X12=R18
                 	.DEF R0X13=R19
                 	.DEF R0X14=R20
                 	.DEF R0X15=R21
                 	.DEF R0X16=R22
                 	.DEF R0X17=R23
                 	.DEF R0X18=R24
                 	.DEF R0X19=R25
                 	.DEF R0X1A=R26
                 	.DEF R0X1B=R27
                 	.DEF R0X1C=R28
                 	.DEF R0X1D=R29
                 	.DEF R0X1E=R30
                 	.DEF R0X1F=R31
                 
                 	.EQU __SRAM_START=0x0060
                 	.EQU __SRAM_END=0x025F
                 	.EQU __DSTACK_SIZE=0x0080
                 	.EQU __HEAP_SIZE=0x0000
                 	.EQU __CLEAR_SRAM_SIZE=__SRAM_END-__SRAM_START+1
                 
                 	.MACRO __CPD1N
                 	CPI  R30,LOW(@0)
                 	LDI  R26,HIGH(@0)
                 	CPC  R31,R26
                 	LDI  R26,BYTE3(@0)
                 	CPC  R22,R26
                 	LDI  R26,BYTE4(@0)
                 	CPC  R23,R26
                 	.ENDM
                 
                 	.MACRO __CPD2N
                 	CPI  R26,LOW(@0)
                 	LDI  R30,HIGH(@0)
                 	CPC  R27,R30
                 	LDI  R30,BYTE3(@0)
                 	CPC  R24,R30
                 	LDI  R30,BYTE4(@0)
                 	CPC  R25,R30
                 	.ENDM
                 
                 	.MACRO __CPWRR
                 	CP   R@0,R@2
                 	CPC  R@1,R@3
                 	.ENDM
                 
                 	.MACRO __CPWRN
                 	CPI  R@0,LOW(@2)
                 	LDI  R30,HIGH(@2)
                 	CPC  R@1,R30
                 	.ENDM
                 
                 	.MACRO __ADDB1MN
                 	SUBI R30,LOW(-@0-(@1))
                 	.ENDM
                 
                 	.MACRO __ADDB2MN
                 	SUBI R26,LOW(-@0-(@1))
                 	.ENDM
                 
                 	.MACRO __ADDW1MN
                 	SUBI R30,LOW(-@0-(@1))
                 	SBCI R31,HIGH(-@0-(@1))
                 	.ENDM
                 
                 	.MACRO __ADDW2MN
                 	SUBI R26,LOW(-@0-(@1))
                 	SBCI R27,HIGH(-@0-(@1))
                 	.ENDM
                 
                 	.MACRO __ADDW1FN
                 	SUBI R30,LOW(-2*@0-(@1))
                 	SBCI R31,HIGH(-2*@0-(@1))
                 	.ENDM
                 
                 	.MACRO __ADDD1FN
                 	SUBI R30,LOW(-2*@0-(@1))
                 	SBCI R31,HIGH(-2*@0-(@1))
                 	SBCI R22,BYTE3(-2*@0-(@1))
                 	.ENDM
                 
                 	.MACRO __ADDD1N
                 	SUBI R30,LOW(-@0)
                 	SBCI R31,HIGH(-@0)
                 	SBCI R22,BYTE3(-@0)
                 	SBCI R23,BYTE4(-@0)
                 	.ENDM
                 
                 	.MACRO __ADDD2N
                 	SUBI R26,LOW(-@0)
                 	SBCI R27,HIGH(-@0)
                 	SBCI R24,BYTE3(-@0)
                 	SBCI R25,BYTE4(-@0)
                 	.ENDM
                 
                 	.MACRO __SUBD1N
                 	SUBI R30,LOW(@0)
                 	SBCI R31,HIGH(@0)
                 	SBCI R22,BYTE3(@0)
                 	SBCI R23,BYTE4(@0)
                 	.ENDM
                 
                 	.MACRO __SUBD2N
                 	SUBI R26,LOW(@0)
                 	SBCI R27,HIGH(@0)
                 	SBCI R24,BYTE3(@0)
                 	SBCI R25,BYTE4(@0)
                 	.ENDM
                 
                 	.MACRO __ANDBMNN
                 	LDS  R30,@0+(@1)
                 	ANDI R30,LOW(@2)
                 	STS  @0+(@1),R30
                 	.ENDM
                 
                 	.MACRO __ANDWMNN
                 	LDS  R30,@0+(@1)
                 	ANDI R30,LOW(@2)
                 	STS  @0+(@1),R30
                 	LDS  R30,@0+(@1)+1
                 	ANDI R30,HIGH(@2)
                 	STS  @0+(@1)+1,R30
                 	.ENDM
                 
                 	.MACRO __ANDD1N
                 	ANDI R30,LOW(@0)
                 	ANDI R31,HIGH(@0)
                 	ANDI R22,BYTE3(@0)
                 	ANDI R23,BYTE4(@0)
                 	.ENDM
                 
                 	.MACRO __ANDD2N
                 	ANDI R26,LOW(@0)
                 	ANDI R27,HIGH(@0)
                 	ANDI R24,BYTE3(@0)
                 	ANDI R25,BYTE4(@0)
                 	.ENDM
                 
                 	.MACRO __ORBMNN
                 	LDS  R30,@0+(@1)
                 	ORI  R30,LOW(@2)
                 	STS  @0+(@1),R30
                 	.ENDM
                 
                 	.MACRO __ORWMNN
                 	LDS  R30,@0+(@1)
                 	ORI  R30,LOW(@2)
                 	STS  @0+(@1),R30
                 	LDS  R30,@0+(@1)+1
                 	ORI  R30,HIGH(@2)
                 	STS  @0+(@1)+1,R30
                 	.ENDM
                 
                 	.MACRO __ORD1N
                 	ORI  R30,LOW(@0)
                 	ORI  R31,HIGH(@0)
                 	ORI  R22,BYTE3(@0)
                 	ORI  R23,BYTE4(@0)
                 	.ENDM
                 
                 	.MACRO __ORD2N
                 	ORI  R26,LOW(@0)
                 	ORI  R27,HIGH(@0)
                 	ORI  R24,BYTE3(@0)
                 	ORI  R25,BYTE4(@0)
                 	.ENDM
                 
                 	.MACRO __DELAY_USB
                 	LDI  R24,LOW(@0)
                 __DELAY_USB_LOOP:
                 	DEC  R24
                 	BRNE __DELAY_USB_LOOP
                 	.ENDM
                 
                 	.MACRO __DELAY_USW
                 	LDI  R24,LOW(@0)
                 	LDI  R25,HIGH(@0)
                 __DELAY_USW_LOOP:
                 	SBIW R24,1
                 	BRNE __DELAY_USW_LOOP
                 	.ENDM
                 
                 	.MACRO __GETD1S
                 	LDD  R30,Y+@0
                 	LDD  R31,Y+@0+1
                 	LDD  R22,Y+@0+2
                 	LDD  R23,Y+@0+3
                 	.ENDM
                 
                 	.MACRO __GETD2S
                 	LDD  R26,Y+@0
                 	LDD  R27,Y+@0+1
                 	LDD  R24,Y+@0+2
                 	LDD  R25,Y+@0+3
                 	.ENDM
                 
                 	.MACRO __PUTD1S
                 	STD  Y+@0,R30
                 	STD  Y+@0+1,R31
                 	STD  Y+@0+2,R22
                 	STD  Y+@0+3,R23
                 	.ENDM
                 
                 	.MACRO __PUTD2S
                 	STD  Y+@0,R26
                 	STD  Y+@0+1,R27
                 	STD  Y+@0+2,R24
                 	STD  Y+@0+3,R25
                 	.ENDM
                 
                 	.MACRO __PUTDZ2
                 	STD  Z+@0,R26
                 	STD  Z+@0+1,R27
                 	STD  Z+@0+2,R24
                 	STD  Z+@0+3,R25
                 	.ENDM
                 
                 	.MACRO __CLRD1S
                 	STD  Y+@0,R30
                 	STD  Y+@0+1,R30
                 	STD  Y+@0+2,R30
                 	STD  Y+@0+3,R30
                 	.ENDM
                 
                 	.MACRO __POINTB1MN
                 	LDI  R30,LOW(@0+(@1))
                 	.ENDM
                 
                 	.MACRO __POINTW1MN
                 	LDI  R30,LOW(@0+(@1))
                 	LDI  R31,HIGH(@0+(@1))
                 	.ENDM
                 
                 	.MACRO __POINTD1M
                 	LDI  R30,LOW(@0)
                 	LDI  R31,HIGH(@0)
                 	LDI  R22,BYTE3(@0)
                 	LDI  R23,BYTE4(@0)
                 	.ENDM
                 
                 	.MACRO __POINTW1FN
                 	LDI  R30,LOW(2*@0+(@1))
                 	LDI  R31,HIGH(2*@0+(@1))
                 	.ENDM
                 
                 	.MACRO __POINTD1FN
                 	LDI  R30,LOW(2*@0+(@1))
                 	LDI  R31,HIGH(2*@0+(@1))
                 	LDI  R22,BYTE3(2*@0+(@1))
                 	LDI  R23,BYTE4(2*@0+(@1))
                 	.ENDM
                 
                 	.MACRO __POINTB2MN
                 	LDI  R26,LOW(@0+(@1))
                 	.ENDM
                 
                 	.MACRO __POINTW2MN
                 	LDI  R26,LOW(@0+(@1))
                 	LDI  R27,HIGH(@0+(@1))
                 	.ENDM
                 
                 	.MACRO __POINTW2FN
                 	LDI  R26,LOW(2*@0+(@1))
                 	LDI  R27,HIGH(2*@0+(@1))
                 	.ENDM
                 
                 	.MACRO __POINTD2FN
                 	LDI  R26,LOW(2*@0+(@1))
                 	LDI  R27,HIGH(2*@0+(@1))
                 	LDI  R24,BYTE3(2*@0+(@1))
                 	LDI  R25,BYTE4(2*@0+(@1))
                 	.ENDM
                 
                 	.MACRO __POINTBRM
                 	LDI  R@0,LOW(@1)
                 	.ENDM
                 
                 	.MACRO __POINTWRM
                 	LDI  R@0,LOW(@2)
                 	LDI  R@1,HIGH(@2)
                 	.ENDM
                 
                 	.MACRO __POINTBRMN
                 	LDI  R@0,LOW(@1+(@2))
                 	.ENDM
                 
                 	.MACRO __POINTWRMN
                 	LDI  R@0,LOW(@2+(@3))
                 	LDI  R@1,HIGH(@2+(@3))
                 	.ENDM
                 
                 	.MACRO __POINTWRFN
                 	LDI  R@0,LOW(@2*2+(@3))
                 	LDI  R@1,HIGH(@2*2+(@3))
                 	.ENDM
                 
                 	.MACRO __GETD1N
                 	LDI  R30,LOW(@0)
                 	LDI  R31,HIGH(@0)
                 	LDI  R22,BYTE3(@0)
                 	LDI  R23,BYTE4(@0)
                 	.ENDM
                 
                 	.MACRO __GETD2N
                 	LDI  R26,LOW(@0)
                 	LDI  R27,HIGH(@0)
                 	LDI  R24,BYTE3(@0)
                 	LDI  R25,BYTE4(@0)
                 	.ENDM
                 
                 	.MACRO __GETB1MN
                 	LDS  R30,@0+(@1)
                 	.ENDM
                 
                 	.MACRO __GETB1HMN
                 	LDS  R31,@0+(@1)
                 	.ENDM
                 
                 	.MACRO __GETW1MN
                 	LDS  R30,@0+(@1)
                 	LDS  R31,@0+(@1)+1
                 	.ENDM
                 
                 	.MACRO __GETD1MN
                 	LDS  R30,@0+(@1)
                 	LDS  R31,@0+(@1)+1
                 	LDS  R22,@0+(@1)+2
                 	LDS  R23,@0+(@1)+3
                 	.ENDM
                 
                 	.MACRO __GETBRMN
                 	LDS  R@0,@1+(@2)
                 	.ENDM
                 
                 	.MACRO __GETWRMN
                 	LDS  R@0,@2+(@3)
                 	LDS  R@1,@2+(@3)+1
                 	.ENDM
                 
                 	.MACRO __GETWRZ
                 	LDD  R@0,Z+@2
                 	LDD  R@1,Z+@2+1
                 	.ENDM
                 
                 	.MACRO __GETD2Z
                 	LDD  R26,Z+@0
                 	LDD  R27,Z+@0+1
                 	LDD  R24,Z+@0+2
                 	LDD  R25,Z+@0+3
                 	.ENDM
                 
                 	.MACRO __GETB2MN
                 	LDS  R26,@0+(@1)
                 	.ENDM
                 
                 	.MACRO __GETW2MN
                 	LDS  R26,@0+(@1)
                 	LDS  R27,@0+(@1)+1
                 	.ENDM
                 
                 	.MACRO __GETD2MN
                 	LDS  R26,@0+(@1)
                 	LDS  R27,@0+(@1)+1
                 	LDS  R24,@0+(@1)+2
                 	LDS  R25,@0+(@1)+3
                 	.ENDM
                 
                 	.MACRO __PUTB1MN
                 	STS  @0+(@1),R30
                 	.ENDM
                 
                 	.MACRO __PUTW1MN
                 	STS  @0+(@1),R30
                 	STS  @0+(@1)+1,R31
                 	.ENDM
                 
                 	.MACRO __PUTD1MN
                 	STS  @0+(@1),R30
                 	STS  @0+(@1)+1,R31
                 	STS  @0+(@1)+2,R22
                 	STS  @0+(@1)+3,R23
                 	.ENDM
                 
                 	.MACRO __PUTB1EN
                 	LDI  R26,LOW(@0+(@1))
                 	LDI  R27,HIGH(@0+(@1))
                 	RCALL __EEPROMWRB
                 	.ENDM
                 
                 	.MACRO __PUTW1EN
                 	LDI  R26,LOW(@0+(@1))
                 	LDI  R27,HIGH(@0+(@1))
                 	RCALL __EEPROMWRW
                 	.ENDM
                 
                 	.MACRO __PUTD1EN
                 	LDI  R26,LOW(@0+(@1))
                 	LDI  R27,HIGH(@0+(@1))
                 	RCALL __EEPROMWRD
                 	.ENDM
                 
                 	.MACRO __PUTBR0MN
                 	STS  @0+(@1),R0
                 	.ENDM
                 
                 	.MACRO __PUTBMRN
                 	STS  @0+(@1),R@2
                 	.ENDM
                 
                 	.MACRO __PUTWMRN
                 	STS  @0+(@1),R@2
                 	STS  @0+(@1)+1,R@3
                 	.ENDM
                 
                 	.MACRO __PUTBZR
                 	STD  Z+@1,R@0
                 	.ENDM
                 
                 	.MACRO __PUTWZR
                 	STD  Z+@2,R@0
                 	STD  Z+@2+1,R@1
                 	.ENDM
                 
                 	.MACRO __GETW1R
                 	MOV  R30,R@0
                 	MOV  R31,R@1
                 	.ENDM
                 
                 	.MACRO __GETW2R
                 	MOV  R26,R@0
                 	MOV  R27,R@1
                 	.ENDM
                 
                 	.MACRO __GETWRN
                 	LDI  R@0,LOW(@2)
                 	LDI  R@1,HIGH(@2)
                 	.ENDM
                 
                 	.MACRO __PUTW1R
                 	MOV  R@0,R30
                 	MOV  R@1,R31
                 	.ENDM
                 
                 	.MACRO __PUTW2R
                 	MOV  R@0,R26
                 	MOV  R@1,R27
                 	.ENDM
                 
                 	.MACRO __ADDWRN
                 	SUBI R@0,LOW(-@2)
                 	SBCI R@1,HIGH(-@2)
                 	.ENDM
                 
                 	.MACRO __ADDWRR
                 	ADD  R@0,R@2
                 	ADC  R@1,R@3
                 	.ENDM
                 
                 	.MACRO __SUBWRN
                 	SUBI R@0,LOW(@2)
                 	SBCI R@1,HIGH(@2)
                 	.ENDM
                 
                 	.MACRO __SUBWRR
                 	SUB  R@0,R@2
                 	SBC  R@1,R@3
                 	.ENDM
                 
                 	.MACRO __ANDWRN
                 	ANDI R@0,LOW(@2)
                 	ANDI R@1,HIGH(@2)
                 	.ENDM
                 
                 	.MACRO __ANDWRR
                 	AND  R@0,R@2
                 	AND  R@1,R@3
                 	.ENDM
                 
                 	.MACRO __ORWRN
                 	ORI  R@0,LOW(@2)
                 	ORI  R@1,HIGH(@2)
                 	.ENDM
                 
                 	.MACRO __ORWRR
                 	OR   R@0,R@2
                 	OR   R@1,R@3
                 	.ENDM
                 
                 	.MACRO __EORWRR
                 	EOR  R@0,R@2
                 	EOR  R@1,R@3
                 	.ENDM
                 
                 	.MACRO __GETWRS
                 	LDD  R@0,Y+@2
                 	LDD  R@1,Y+@2+1
                 	.ENDM
                 
                 	.MACRO __PUTBSR
                 	STD  Y+@1,R@0
                 	.ENDM
                 
                 	.MACRO __PUTWSR
                 	STD  Y+@2,R@0
                 	STD  Y+@2+1,R@1
                 	.ENDM
                 
                 	.MACRO __MOVEWRR
                 	MOV  R@0,R@2
                 	MOV  R@1,R@3
                 	.ENDM
                 
                 	.MACRO __INWR
                 	IN   R@0,@2
                 	IN   R@1,@2+1
                 	.ENDM
                 
                 	.MACRO __OUTWR
                 	OUT  @2+1,R@1
                 	OUT  @2,R@0
                 	.ENDM
                 
                 	.MACRO __CALL1MN
                 	LDS  R30,@0+(@1)
                 	LDS  R31,@0+(@1)+1
                 	ICALL
                 	.ENDM
                 
                 	.MACRO __CALL1FN
                 	LDI  R30,LOW(2*@0+(@1))
                 	LDI  R31,HIGH(2*@0+(@1))
                 	RCALL __GETW1PF
                 	ICALL
                 	.ENDM
                 
                 	.MACRO __CALL2EN
                 	LDI  R26,LOW(@0+(@1))
                 	LDI  R27,HIGH(@0+(@1))
                 	RCALL __EEPROMRDW
                 	ICALL
                 	.ENDM
                 
                 	.MACRO __GETW1STACK
                 	IN   R26,SPL
                 	IN   R27,SPH
                 	ADIW R26,@0+1
                 	LD   R30,X+
                 	LD   R31,X
                 	.ENDM
                 
                 	.MACRO __GETD1STACK
                 	IN   R26,SPL
                 	IN   R27,SPH
                 	ADIW R26,@0+1
                 	LD   R30,X+
                 	LD   R31,X+
                 	LD   R22,X
                 	.ENDM
                 
                 	.MACRO __NBST
                 	BST  R@0,@1
                 	IN   R30,SREG
                 	LDI  R31,0x40
                 	EOR  R30,R31
                 	OUT  SREG,R30
                 	.ENDM
                 
                 
                 	.MACRO __PUTB1SN
                 	LDD  R26,Y+@0
                 	LDD  R27,Y+@0+1
                 	SUBI R26,LOW(-@1)
                 	SBCI R27,HIGH(-@1)
                 	ST   X,R30
                 	.ENDM
                 
                 	.MACRO __PUTW1SN
                 	LDD  R26,Y+@0
                 	LDD  R27,Y+@0+1
                 	SUBI R26,LOW(-@1)
                 	SBCI R27,HIGH(-@1)
                 	ST   X+,R30
                 	ST   X,R31
                 	.ENDM
                 
                 	.MACRO __PUTD1SN
                 	LDD  R26,Y+@0
                 	LDD  R27,Y+@0+1
                 	SUBI R26,LOW(-@1)
                 	SBCI R27,HIGH(-@1)
                 	RCALL __PUTDP1
                 	.ENDM
                 
                 	.MACRO __PUTB1SNS
                 	LDD  R26,Y+@0
                 	LDD  R27,Y+@0+1
                 	ADIW R26,@1
                 	ST   X,R30
                 	.ENDM
                 
                 	.MACRO __PUTW1SNS
                 	LDD  R26,Y+@0
                 	LDD  R27,Y+@0+1
                 	ADIW R26,@1
                 	ST   X+,R30
                 	ST   X,R31
                 	.ENDM
                 
                 	.MACRO __PUTD1SNS
                 	LDD  R26,Y+@0
                 	LDD  R27,Y+@0+1
                 	ADIW R26,@1
                 	RCALL __PUTDP1
                 	.ENDM
                 
                 	.MACRO __PUTB1PMN
                 	LDS  R26,@0
                 	LDS  R27,@0+1
                 	SUBI R26,LOW(-@1)
                 	SBCI R27,HIGH(-@1)
                 	ST   X,R30
                 	.ENDM
                 
                 	.MACRO __PUTW1PMN
                 	LDS  R26,@0
                 	LDS  R27,@0+1
                 	SUBI R26,LOW(-@1)
                 	SBCI R27,HIGH(-@1)
                 	ST   X+,R30
                 	ST   X,R31
                 	.ENDM
                 
                 	.MACRO __PUTD1PMN
                 	LDS  R26,@0
                 	LDS  R27,@0+1
                 	SUBI R26,LOW(-@1)
                 	SBCI R27,HIGH(-@1)
                 	RCALL __PUTDP1
                 	.ENDM
                 
                 	.MACRO __PUTB1PMNS
                 	LDS  R26,@0
                 	LDS  R27,@0+1
                 	ADIW R26,@1
                 	ST   X,R30
                 	.ENDM
                 
                 	.MACRO __PUTW1PMNS
                 	LDS  R26,@0
                 	LDS  R27,@0+1
                 	ADIW R26,@1
                 	ST   X+,R30
                 	ST   X,R31
                 	.ENDM
                 
                 	.MACRO __PUTD1PMNS
                 	LDS  R26,@0
                 	LDS  R27,@0+1
                 	ADIW R26,@1
                 	RCALL __PUTDP1
                 	.ENDM
                 
                 	.MACRO __PUTB1RN
                 	MOV  R26,R@0
                 	MOV  R27,R@1
                 	SUBI R26,LOW(-@2)
                 	SBCI R27,HIGH(-@2)
                 	ST   X,R30
                 	.ENDM
                 
                 	.MACRO __PUTW1RN
                 	MOV  R26,R@0
                 	MOV  R27,R@1
                 	SUBI R26,LOW(-@2)
                 	SBCI R27,HIGH(-@2)
                 	ST   X+,R30
                 	ST   X,R31
                 	.ENDM
                 
                 	.MACRO __PUTD1RN
                 	MOV  R26,R@0
                 	MOV  R27,R@1
                 	SUBI R26,LOW(-@2)
                 	SBCI R27,HIGH(-@2)
                 	RCALL __PUTDP1
                 	.ENDM
                 
                 	.MACRO __PUTB1RNS
                 	MOV  R26,R@0
                 	MOV  R27,R@1
                 	ADIW R26,@2
                 	ST   X,R30
                 	.ENDM
                 
                 	.MACRO __PUTW1RNS
                 	MOV  R26,R@0
                 	MOV  R27,R@1
                 	ADIW R26,@2
                 	ST   X+,R30
                 	ST   X,R31
                 	.ENDM
                 
                 	.MACRO __PUTD1RNS
                 	MOV  R26,R@0
                 	MOV  R27,R@1
                 	ADIW R26,@2
                 	RCALL __PUTDP1
                 	.ENDM
                 
                 
                 	.MACRO __GETB1SX
                 	MOV  R30,R28
                 	MOV  R31,R29
                 	SUBI R30,LOW(-@0)
                 	SBCI R31,HIGH(-@0)
                 	LD   R30,Z
                 	.ENDM
                 
                 	.MACRO __GETB1HSX
                 	MOV  R30,R28
                 	MOV  R31,R29
                 	SUBI R30,LOW(-@0)
                 	SBCI R31,HIGH(-@0)
                 	LD   R31,Z
                 	.ENDM
                 
                 	.MACRO __GETW1SX
                 	MOV  R30,R28
                 	MOV  R31,R29
                 	SUBI R30,LOW(-@0)
                 	SBCI R31,HIGH(-@0)
                 	LD   R0,Z+
                 	LD   R31,Z
                 	MOV  R30,R0
                 	.ENDM
                 
                 	.MACRO __GETD1SX
                 	MOV  R30,R28
                 	MOV  R31,R29
                 	SUBI R30,LOW(-@0)
                 	SBCI R31,HIGH(-@0)
                 	LD   R0,Z+
                 	LD   R1,Z+
                 	LD   R22,Z+
                 	LD   R23,Z
                 	MOV  R30,R0
                 	MOV  R31,R1
                 	.ENDM
                 
                 	.MACRO __GETB2SX
                 	MOV  R26,R28
                 	MOV  R27,R29
                 	SUBI R26,LOW(-@0)
                 	SBCI R27,HIGH(-@0)
                 	LD   R26,X
                 	.ENDM
                 
                 	.MACRO __GETW2SX
                 	MOV  R26,R28
                 	MOV  R27,R29
                 	SUBI R26,LOW(-@0)
                 	SBCI R27,HIGH(-@0)
                 	LD   R0,X+
                 	LD   R27,X
                 	MOV  R26,R0
                 	.ENDM
                 
                 	.MACRO __GETD2SX
                 	MOV  R26,R28
                 	MOV  R27,R29
                 	SUBI R26,LOW(-@0)
                 	SBCI R27,HIGH(-@0)
                 	LD   R0,X+
                 	LD   R1,X+
                 	LD   R24,X+
                 	LD   R25,X
                 	MOV  R26,R0
                 	MOV  R27,R1
                 	.ENDM
                 
                 	.MACRO __GETBRSX
                 	MOV  R30,R28
                 	MOV  R31,R29
                 	SUBI R30,LOW(-@1)
                 	SBCI R31,HIGH(-@1)
                 	LD   R@0,Z
                 	.ENDM
                 
                 	.MACRO __GETWRSX
                 	MOV  R30,R28
                 	MOV  R31,R29
                 	SUBI R30,LOW(-@2)
                 	SBCI R31,HIGH(-@2)
                 	LD   R@0,Z+
                 	LD   R@1,Z
                 	.ENDM
                 
                 	.MACRO __GETBRSX2
                 	MOV  R26,R28
                 	MOV  R27,R29
                 	SUBI R26,LOW(-@1)
                 	SBCI R27,HIGH(-@1)
                 	LD   R@0,X
                 	.ENDM
                 
                 	.MACRO __GETWRSX2
                 	MOV  R26,R28
                 	MOV  R27,R29
                 	SUBI R26,LOW(-@2)
                 	SBCI R27,HIGH(-@2)
                 	LD   R@0,X+
                 	LD   R@1,X
                 	.ENDM
                 
                 	.MACRO __LSLW8SX
                 	MOV  R30,R28
                 	MOV  R31,R29
                 	SUBI R30,LOW(-@0)
                 	SBCI R31,HIGH(-@0)
                 	LD   R31,Z
                 	CLR  R30
                 	.ENDM
                 
                 	.MACRO __PUTB1SX
                 	MOV  R26,R28
                 	MOV  R27,R29
                 	SUBI R26,LOW(-@0)
                 	SBCI R27,HIGH(-@0)
                 	ST   X,R30
                 	.ENDM
                 
                 	.MACRO __PUTW1SX
                 	MOV  R26,R28
                 	MOV  R27,R29
                 	SUBI R26,LOW(-@0)
                 	SBCI R27,HIGH(-@0)
                 	ST   X+,R30
                 	ST   X,R31
                 	.ENDM
                 
                 	.MACRO __PUTD1SX
                 	MOV  R26,R28
                 	MOV  R27,R29
                 	SUBI R26,LOW(-@0)
                 	SBCI R27,HIGH(-@0)
                 	ST   X+,R30
                 	ST   X+,R31
                 	ST   X+,R22
                 	ST   X,R23
                 	.ENDM
                 
                 	.MACRO __CLRW1SX
                 	MOV  R26,R28
                 	MOV  R27,R29
                 	SUBI R26,LOW(-@0)
                 	SBCI R27,HIGH(-@0)
                 	ST   X+,R30
                 	ST   X,R30
                 	.ENDM
                 
                 	.MACRO __CLRD1SX
                 	MOV  R26,R28
                 	MOV  R27,R29
                 	SUBI R26,LOW(-@0)
                 	SBCI R27,HIGH(-@0)
                 	ST   X+,R30
                 	ST   X+,R30
                 	ST   X+,R30
                 	ST   X,R30
                 	.ENDM
                 
                 	.MACRO __PUTB2SX
                 	MOV  R30,R28
                 	MOV  R31,R29
                 	SUBI R30,LOW(-@0)
                 	SBCI R31,HIGH(-@0)
                 	ST   Z,R26
                 	.ENDM
                 
                 	.MACRO __PUTW2SX
                 	MOV  R30,R28
                 	MOV  R31,R29
                 	SUBI R30,LOW(-@0)
                 	SBCI R31,HIGH(-@0)
                 	ST   Z+,R26
                 	ST   Z,R27
                 	.ENDM
                 
                 	.MACRO __PUTD2SX
                 	MOV  R30,R28
                 	MOV  R31,R29
                 	SUBI R30,LOW(-@0)
                 	SBCI R31,HIGH(-@0)
                 	ST   Z+,R26
                 	ST   Z+,R27
                 	ST   Z+,R24
                 	ST   Z,R25
                 	.ENDM
                 
                 	.MACRO __PUTBSRX
                 	MOV  R30,R28
                 	MOV  R31,R29
                 	SUBI R30,LOW(-@1)
                 	SBCI R31,HIGH(-@1)
                 	ST   Z,R@0
                 	.ENDM
                 
                 	.MACRO __PUTWSRX
                 	MOV  R30,R28
                 	MOV  R31,R29
                 	SUBI R30,LOW(-@2)
                 	SBCI R31,HIGH(-@2)
                 	ST   Z+,R@0
                 	ST   Z,R@1
                 	.ENDM
                 
                 	.MACRO __PUTB1SNX
                 	MOV  R26,R28
                 	MOV  R27,R29
                 	SUBI R26,LOW(-@0)
                 	SBCI R27,HIGH(-@0)
                 	LD   R0,X+
                 	LD   R27,X
                 	MOV  R26,R0
                 	SUBI R26,LOW(-@1)
                 	SBCI R27,HIGH(-@1)
                 	ST   X,R30
                 	.ENDM
                 
                 	.MACRO __PUTW1SNX
                 	MOV  R26,R28
                 	MOV  R27,R29
                 	SUBI R26,LOW(-@0)
                 	SBCI R27,HIGH(-@0)
                 	LD   R0,X+
                 	LD   R27,X
                 	MOV  R26,R0
                 	SUBI R26,LOW(-@1)
                 	SBCI R27,HIGH(-@1)
                 	ST   X+,R30
                 	ST   X,R31
                 	.ENDM
                 
                 	.MACRO __PUTD1SNX
                 	MOV  R26,R28
                 	MOV  R27,R29
                 	SUBI R26,LOW(-@0)
                 	SBCI R27,HIGH(-@0)
                 	LD   R0,X+
                 	LD   R27,X
                 	MOV  R26,R0
                 	SUBI R26,LOW(-@1)
                 	SBCI R27,HIGH(-@1)
                 	ST   X+,R30
                 	ST   X+,R31
                 	ST   X+,R22
                 	ST   X,R23
                 	.ENDM
                 
                 ;NAME DEFINITIONS FOR GLOBAL VARIABLES ALLOCATED TO REGISTERS
                 	.DEF _num=R4
                 	.DEF _go=R6
                 	.DEF _pressed=R8
                 
                 	.CSEG
                 	.ORG 0x00
                 
                 ;START OF CODE MARKER
                 __START_OF_CODE:
                 
                 ;INTERRUPT VECTORS
000000 c032      	RJMP __RESET
000001 cffe      	RJMP 0x00
000002 cffd      	RJMP 0x00
000003 cffc      	RJMP 0x00
000004 cffb      	RJMP 0x00
000005 cffa      	RJMP 0x00
000006 cff9      	RJMP 0x00
000007 cff8      	RJMP 0x00
000008 cff7      	RJMP 0x00
000009 c064      	RJMP _timer0_ovf_isr
00000a cff5      	RJMP 0x00
00000b cff4      	RJMP 0x00
00000c cff3      	RJMP 0x00
00000d cff2      	RJMP 0x00
00000e cff1      	RJMP 0x00
00000f cff0      	RJMP 0x00
000010 cfef      	RJMP 0x00
                 
                 _0x3:
000011 0e0f
000012 0b0d
D:\Trial-4\List\Trial-4.asm(1058): warning: .cseg .db misalignment - padding zero byte
000013 0007      	.DB  0xF,0xE,0xD,0xB,0x7
                 _0x4:
000014 0c7e
000015 9eb6
000016 dacc
000017 0efa      	.DB  0x7E,0xC,0xB6,0x9E,0xCC,0xDA,0xFA,0xE
000018 defe
000019 f8ee
00001a bc72
00001b e2f2      	.DB  0xFE,0xDE,0xEE,0xF8,0x72,0xBC,0xF2,0xE2
                 _0x5:
00001c edee
00001d e7eb
00001e ddde
00001f d7db      	.DB  0xEE,0xED,0xEB,0xE7,0xDE,0xDD,0xDB,0xD7
000020 bdbe
000021 b7bb
000022 7d7e
000023 777b      	.DB  0xBE,0xBD,0xBB,0xB7,0x7E,0x7D,0x7B,0x77
                 _0x2B:
000024 0000
000025 0000      	.DB  0x0,0x0,0x0,0x0
                 
                 __GLOBAL_INI_TBL:
000026 0005      	.DW  0x05
000027 00e0      	.DW  _eLED
000028 0022      	.DW  _0x3*2
                 
000029 0010      	.DW  0x10
00002a 00e5      	.DW  _LED
00002b 0028      	.DW  _0x4*2
                 
00002c 0010      	.DW  0x10
00002d 00f5      	.DW  _Keypad
00002e 0038      	.DW  _0x5*2
                 
00002f 0004      	.DW  0x04
000030 0004      	.DW  0x04
000031 0048      	.DW  _0x2B*2
                 
                 _0xFFFFFFFF:
000032 0000      	.DW  0
                 
                 __RESET:
000033 94f8      	CLI
000034 27ee      	CLR  R30
000035 bbec      	OUT  EECR,R30
000036 bfe5      	OUT  MCUCR,R30
                 
                 ;DISABLE WATCHDOG
000037 e1f8      	LDI  R31,0x18
000038 bdf1      	OUT  WDTCR,R31
000039 bde1      	OUT  WDTCR,R30
                 
                 ;CLEAR R2-R14
00003a e08d      	LDI  R24,(14-2)+1
00003b e0a2      	LDI  R26,2
00003c 27bb      	CLR  R27
                 __CLEAR_REG:
00003d 93ed      	ST   X+,R30
00003e 958a      	DEC  R24
00003f f7e9      	BRNE __CLEAR_REG
                 
                 ;CLEAR SRAM
000040 e080      	LDI  R24,LOW(__CLEAR_SRAM_SIZE)
000041 e092      	LDI  R25,HIGH(__CLEAR_SRAM_SIZE)
000042 e6a0      	LDI  R26,__SRAM_START
                 __CLEAR_SRAM:
000043 93ed      	ST   X+,R30
000044 9701      	SBIW R24,1
000045 f7e9      	BRNE __CLEAR_SRAM
                 
                 ;GLOBAL VARIABLES INITIALIZATION
000046 e4ec      	LDI  R30,LOW(__GLOBAL_INI_TBL*2)
000047 e0f0      	LDI  R31,HIGH(__GLOBAL_INI_TBL*2)
                 __GLOBAL_INI_NEXT:
000048 95c8      	LPM
000049 9631      	ADIW R30,1
00004a 2d80      	MOV  R24,R0
00004b 95c8      	LPM
00004c 9631      	ADIW R30,1
00004d 2d90      	MOV  R25,R0
00004e 9700      	SBIW R24,0
00004f f0b9      	BREQ __GLOBAL_INI_END
000050 95c8      	LPM
000051 9631      	ADIW R30,1
000052 2da0      	MOV  R26,R0
000053 95c8      	LPM
000054 9631      	ADIW R30,1
000055 2db0      	MOV  R27,R0
000056 95c8      	LPM
000057 9631      	ADIW R30,1
000058 2c10      	MOV  R1,R0
000059 95c8      	LPM
00005a 9631      	ADIW R30,1
00005b 2f6e      	MOV  R22,R30
00005c 2f7f      	MOV  R23,R31
00005d 2df0      	MOV  R31,R0
00005e 2de1      	MOV  R30,R1
                 __GLOBAL_INI_LOOP:
00005f 95c8      	LPM
000060 9631      	ADIW R30,1
000061 920d      	ST   X+,R0
000062 9701      	SBIW R24,1
000063 f7d9      	BRNE __GLOBAL_INI_LOOP
000064 2fe6      	MOV  R30,R22
000065 2ff7      	MOV  R31,R23
000066 cfe1      	RJMP __GLOBAL_INI_NEXT
                 __GLOBAL_INI_END:
                 
                 ;HARDWARE STACK POINTER INITIALIZATION
000067 e5ef      	LDI  R30,LOW(__SRAM_END-__HEAP_SIZE)
000068 bfed      	OUT  SPL,R30
000069 e0e2      	LDI  R30,HIGH(__SRAM_END-__HEAP_SIZE)
00006a bfee      	OUT  SPH,R30
                 
                 ;DATA STACK POINTER INITIALIZATION
00006b eec0      	LDI  R28,LOW(__SRAM_START+__DSTACK_SIZE)
00006c e0d0      	LDI  R29,HIGH(__SRAM_START+__DSTACK_SIZE)
                 
00006d c0b6      	RJMP _main
                 
                 	.ESEG
                 	.ORG 0
                 
                 	.DSEG
                 	.ORG 0xE0
                 
                 	.CSEG
                 ;/*****************************************************
                 ;This program was produced by the
                 ;CodeWizardAVR V2.05.3 Standard
                 ;Automatic Program Generator
                 ;© Copyright 1998-2011 Pavel Haiduc, HP InfoTech s.r.l.
                 ;http://www.hpinfotech.com
                 ;
                 ;Project :
                 ;Version :
                 ;Date    : 2015/4/30
                 ;Author  : PerTic@n
                 ;Company : If You Like This Software,Buy It
                 ;Comments:
                 ;
                 ;
                 ;Chip type               : AT90S8535
                 ;AVR Core Clock frequency: 8.000000 MHz
                 ;Memory model            : Small
                 ;External RAM size       : 0
                 ;Data Stack size         : 128
                 ;*****************************************************/
                 ;
                 ;#include <90s8535.h>
                 	#ifndef __SLEEP_DEFINED__
                 	#define __SLEEP_DEFINED__
                 	.EQU __se_bit=0x40
                 	.EQU __sm_mask=0x30
                 	.EQU __sm_powerdown=0x20
                 	.EQU __sm_powersave=0x30
                 	.SET power_ctrl_reg=mcucr
                 	#endif
                 ;#include <delay.h>
                 ;
                 ;#define true 1
                 ;#define false 0
                 ;/*TIMER SETTING CONFIG DEFINE*/
                 ;#define STOP 0x00
                 ;#define FOSC1 0x01
                 ;#define FOSC8 0x02
                 ;#define FOSC64 0x03
                 ;#define FOSC256 0x04
                 ;#define FOSC1024 0x05
                 ;/*TIMER0 SET*/
                 ;#define T0SET FOSC1024
                 ;
                 ;/*DATA*/
                 ;unsigned char eLED[5]={0b00001111,0b00001110,0b00001101,0b00001011,0b00000111};
                 
                 	.DSEG
                 ;unsigned char LED[16]={0b01111110,0b00001100,0b10110110,0b10011110,
                 ;                       0b11001100,0b11011010,0b11111010,0b00001110,
                 ;                       0b11111110,0b11011110,0b11101110,0b11111000,
                 ;                       0b01110010,0b10111100,0b11110010,0b11100010};
                 ;unsigned char Keypad[16]={0xEE,0xED,0xEB,0xE7,
                 ;                          0xDE,0xDD,0xDB,0xD7,
                 ;                          0xBE,0xBD,0xBB,0xB7,
                 ;                          0x7E,0x7D,0x7B,0x77};
                 ;unsigned int num=0x0000,go=0;
                 ;unsigned char pressed;
                 ;/**/
                 ;void output(unsigned char[]);
                 ;void pop(unsigned char);
                 ;void decoder(unsigned int);
                 ;// Timer 0 overflow interrupt service routine
                 ;interrupt [TIM0_OVF] void timer0_ovf_isr(void)
                 ; 0000 0038 {
                 
                 	.CSEG
                 _timer0_ovf_isr:
00006e 920a      	ST   -Y,R0
00006f 921a      	ST   -Y,R1
000070 92fa      	ST   -Y,R15
000071 936a      	ST   -Y,R22
000072 937a      	ST   -Y,R23
000073 938a      	ST   -Y,R24
000074 939a      	ST   -Y,R25
000075 93aa      	ST   -Y,R26
000076 93ba      	ST   -Y,R27
000077 93ea      	ST   -Y,R30
000078 93fa      	ST   -Y,R31
000079 b7ef      	IN   R30,SREG
00007a 93ea      	ST   -Y,R30
                 ; 0000 0039     unsigned char i,j,k=0;
                 ; 0000 003A     unsigned char kbsw[4]={0xF7,0xFB,0xFD,0xFE};
                 ; 0000 003B     for(i=0;i<=3;i++)
00007b 9724      	SBIW R28,4
00007c efe7      	LDI  R30,LOW(247)
00007d 83e8      	ST   Y,R30
00007e efeb      	LDI  R30,LOW(251)
00007f 83e9      	STD  Y+1,R30
000080 efed      	LDI  R30,LOW(253)
000081 83ea      	STD  Y+2,R30
000082 efee      	LDI  R30,LOW(254)
000083 83eb      	STD  Y+3,R30
000084 d12c      	RCALL __SAVELOCR3
                 ;	i -> R16
                 ;	j -> R17
                 ;	k -> R18
                 ;	kbsw -> Y+3
000085 e020      	LDI  R18,0
000086 e000      	LDI  R16,LOW(0)
                 _0x7:
000087 3004      	CPI  R16,4
000088 f540      	BRSH _0x8
                 ; 0000 003C     {
                 ; 0000 003D         PORTA=kbsw[i];
000089 d0d6      	RCALL SUBOPT_0x0
00008a 2fac      	MOV  R26,R28
00008b 2fbd      	MOV  R27,R29
00008c 9613      	ADIW R26,3
00008d 0fae      	ADD  R26,R30
00008e 1fbf      	ADC  R27,R31
00008f 91ec      	LD   R30,X
000090 bbeb      	OUT  0x1B,R30
                 ; 0000 003E         /*if(PINA==kbsw[i])
                 ; 0000 003F         {
                 ; 0000 0040             pressed == true;
                 ; 0000 0041         } */
                 ; 0000 0042         for(j=0;j<16;j++)
000091 e010      	LDI  R17,LOW(0)
                 _0xA:
000092 3110      	CPI  R17,16
000093 f4d8      	BRSH _0xB
                 ; 0000 0043         {
                 ; 0000 0044             if(PINA==Keypad[j])
000094 b3e9      	IN   R30,0x19
000095 2fae      	MOV  R26,R30
000096 d0cc      	RCALL SUBOPT_0x1
000097 50eb      	SUBI R30,LOW(-_Keypad)
000098 4fff      	SBCI R31,HIGH(-_Keypad)
000099 81e0      	LD   R30,Z
00009a 17ea      	CP   R30,R26
00009b f489      	BRNE _0xC
                 ; 0000 0045             {
                 ; 0000 0046                 if((num&0x000F)!=j)
00009c d0c9      	RCALL SUBOPT_0x2
00009d 17ea      	CP   R30,R26
00009e 07fb      	CPC  R31,R27
00009f f011      	BREQ _0xD
                 ; 0000 0047                 {
                 ; 0000 0048                     pop(j);
0000a0 d0cc      	RCALL SUBOPT_0x3
                 ; 0000 0049                     pressed=j;
                 ; 0000 004A                     k=1;
                 ; 0000 004B                     //delay_ms(10);
                 ; 0000 004C                     return;
0000a1 c013      	RJMP _0x2A
                 ; 0000 004D                 }
                 ; 0000 004E                 else if((num&0x000F)==j && (pressed == 0xFF))
                 _0xD:
0000a2 d0c3      	RCALL SUBOPT_0x2
0000a3 17ea      	CP   R30,R26
0000a4 07fb      	CPC  R31,R27
0000a5 f419      	BRNE _0x10
0000a6 efef      	LDI  R30,LOW(255)
0000a7 15e8      	CP   R30,R8
0000a8 f009      	BREQ _0x11
                 _0x10:
0000a9 c002      	RJMP _0xF
                 _0x11:
                 ; 0000 004F                 {
                 ; 0000 0050                     pop(j);
0000aa d0c2      	RCALL SUBOPT_0x3
                 ; 0000 0051                     pressed=j;
                 ; 0000 0052                     k=1;
                 ; 0000 0053                     return;
0000ab c009      	RJMP _0x2A
                 ; 0000 0054                     delay_ms(10);
                 ; 0000 0055                 }
                 ; 0000 0056                 else
                 _0xF:
                 ; 0000 0057                 {
                 ; 0000 0058                     k=1;
0000ac e021      	LDI  R18,LOW(1)
                 ; 0000 0059                 }
                 ; 0000 005A             }
                 ; 0000 005B         }
                 _0xC:
0000ad 5f1f      	SUBI R17,-1
0000ae cfe3      	RJMP _0xA
                 _0xB:
                 ; 0000 005C     }
0000af 5f0f      	SUBI R16,-1
0000b0 cfd6      	RJMP _0x7
                 _0x8:
                 ; 0000 005D     if(k==0)
0000b1 3020      	CPI  R18,0
0000b2 f411      	BRNE _0x13
                 ; 0000 005E     {
                 ; 0000 005F         pressed=0xFF;
0000b3 efef      	LDI  R30,LOW(255)
0000b4 2e8e      	MOV  R8,R30
                 ; 0000 0060     }
                 ; 0000 0061     else
                 _0x13:
                 ; 0000 0062     {
                 ; 0000 0063         return;
                 ; 0000 0064     }
                 ; 0000 0065 }
                 _0x2A:
0000b5 d0ff      	RCALL __LOADLOCR3
0000b6 9627      	ADIW R28,7
0000b7 91e9      	LD   R30,Y+
0000b8 bfef      	OUT  SREG,R30
0000b9 91f9      	LD   R31,Y+
0000ba 91e9      	LD   R30,Y+
0000bb 91b9      	LD   R27,Y+
0000bc 91a9      	LD   R26,Y+
0000bd 9199      	LD   R25,Y+
0000be 9189      	LD   R24,Y+
0000bf 9179      	LD   R23,Y+
0000c0 9169      	LD   R22,Y+
0000c1 90f9      	LD   R15,Y+
0000c2 9019      	LD   R1,Y+
0000c3 9009      	LD   R0,Y+
0000c4 9518      	RETI
                 ;
                 ;
                 ;/*7LED*/
                 ;void decoder(unsigned int inum)
                 ; 0000 006A {
                 _decoder:
                 ; 0000 006B     unsigned char onum[4];
                 ; 0000 006C     if(inum<0x0010)
0000c5 93ba      	ST   -Y,R27
0000c6 93aa      	ST   -Y,R26
0000c7 9724      	SBIW R28,4
                 ;	inum -> Y+4
                 ;	onum -> Y+0
0000c8 d0a9      	RCALL SUBOPT_0x4
0000c9 9750      	SBIW R26,16
0000ca f428      	BRSH _0x15
                 ; 0000 006D     {
                 ; 0000 006E         onum[0]=(unsigned char)inum;
0000cb 81ec      	LDD  R30,Y+4
0000cc 83e8      	ST   Y,R30
                 ; 0000 006F         onum[1]=0x00;
0000cd e0e0      	LDI  R30,LOW(0)
0000ce d0a6      	RCALL SUBOPT_0x5
                 ; 0000 0070         onum[2]=0x00;
                 ; 0000 0071         onum[3]=0x00;
0000cf c02e      	RJMP _0x29
                 ; 0000 0072     }
                 ; 0000 0073     else if(inum<0x0100 && inum>=0x0010)
                 _0x15:
0000d0 d0a8      	RCALL SUBOPT_0x6
0000d1 f418      	BRSH _0x18
0000d2 d09f      	RCALL SUBOPT_0x4
0000d3 9750      	SBIW R26,16
0000d4 f408      	BRSH _0x19
                 _0x18:
0000d5 c004      	RJMP _0x17
                 _0x19:
                 ; 0000 0074     {
                 ; 0000 0075         onum[0]=(unsigned char)inum%0x0010;
0000d6 d0a7      	RCALL SUBOPT_0x7
0000d7 d0a9      	RCALL SUBOPT_0x8
                 ; 0000 0076         inum=(inum-inum%0x0010)/0x0010;
                 ; 0000 0077         onum[1]=(unsigned char)inum%0x0010;
0000d8 d09c      	RCALL SUBOPT_0x5
                 ; 0000 0078         onum[2]=0x00;
                 ; 0000 0079         onum[3]=0x00;
0000d9 c024      	RJMP _0x29
                 ; 0000 007A     }
                 ; 0000 007B     else if(inum<0x1000 && inum>=0x0100)
                 _0x17:
0000da d0b4      	RCALL SUBOPT_0x9
0000db f410      	BRSH _0x1C
0000dc d09c      	RCALL SUBOPT_0x6
0000dd f408      	BRSH _0x1D
                 _0x1C:
0000de c009      	RJMP _0x1B
                 _0x1D:
                 ; 0000 007C     {
                 ; 0000 007D         onum[0]=(unsigned char)inum%0x0010;
0000df d09e      	RCALL SUBOPT_0x7
0000e0 d0a0      	RCALL SUBOPT_0x8
                 ; 0000 007E         inum=(inum-inum%0x0010)/0x0010;
                 ; 0000 007F         onum[1]=(unsigned char)inum%0x0010;
0000e1 83e9      	STD  Y+1,R30
                 ; 0000 0080         inum=(inum-inum%0x0010)/0x0010;
0000e2 81ec      	LDD  R30,Y+4
0000e3 81fd      	LDD  R31,Y+4+1
0000e4 d0af      	RCALL SUBOPT_0xA
                 ; 0000 0081         onum[2]=(unsigned char)inum%0x0010;
0000e5 83ea      	STD  Y+2,R30
                 ; 0000 0082         onum[3]=0x00;
0000e6 e0e0      	LDI  R30,LOW(0)
0000e7 c016      	RJMP _0x29
                 ; 0000 0083     }
                 ; 0000 0084     else if(inum<=0xFFFF && inum>=0x1000)
                 _0x1B:
0000e8 d089      	RCALL SUBOPT_0x4
0000e9 efef      	LDI  R30,LOW(65535)
0000ea efff      	LDI  R31,HIGH(65535)
0000eb 17ea      	CP   R30,R26
0000ec 07fb      	CPC  R31,R27
0000ed f010      	BRLO _0x20
0000ee d0a0      	RCALL SUBOPT_0x9
0000ef f408      	BRSH _0x21
                 _0x20:
0000f0 c00e      	RJMP _0x1F
                 _0x21:
                 ; 0000 0085     {
                 ; 0000 0086         onum[0]=(unsigned char)inum%0x0010;
0000f1 d08c      	RCALL SUBOPT_0x7
0000f2 d08e      	RCALL SUBOPT_0x8
                 ; 0000 0087         inum=(inum-inum%0x0010)/0x0010;
                 ; 0000 0088         onum[1]=(unsigned char)inum%0x0010;
0000f3 83e9      	STD  Y+1,R30
                 ; 0000 0089         inum=(inum)/0x0010;
0000f4 81ec      	LDD  R30,Y+4
0000f5 81fd      	LDD  R31,Y+4+1
0000f6 d0b1      	RCALL __LSRW4
0000f7 83ec      	STD  Y+4,R30
0000f8 83fd      	STD  Y+4+1,R31
                 ; 0000 008A         onum[2]=(unsigned char)inum%0x0010;
0000f9 d084      	RCALL SUBOPT_0x7
0000fa 83ea      	STD  Y+2,R30
                 ; 0000 008B         inum=(inum-inum%0x0010)/0x0010;
0000fb 81ec      	LDD  R30,Y+4
0000fc 81fd      	LDD  R31,Y+4+1
0000fd d096      	RCALL SUBOPT_0xA
                 ; 0000 008C         onum[3]=(unsigned char)inum%0x0010;
                 _0x29:
0000fe 83eb      	STD  Y+3,R30
                 ; 0000 008D     }
                 ; 0000 008E     output(onum);
                 _0x1F:
0000ff 2fac      	MOV  R26,R28
000100 2fbd      	MOV  R27,R29
000101 d002      	RCALL _output
                 ; 0000 008F }
000102 9626      	ADIW R28,6
000103 9508      	RET
                 ;
                 ;void output(unsigned char in[4])
                 ; 0000 0092 {
                 _output:
                 ; 0000 0093     unsigned char i;
                 ; 0000 0094     for(i=1;i<5;i++)
000104 93ba      	ST   -Y,R27
000105 93aa      	ST   -Y,R26
000106 930a      	ST   -Y,R16
                 ;	in -> Y+1
                 ;	i -> R16
000107 e001      	LDI  R16,LOW(1)
                 _0x23:
000108 3005      	CPI  R16,5
000109 f4b8      	BRSH _0x24
                 ; 0000 0095     {
                 ; 0000 0096         PORTC = eLED[i];//eLED[i];
00010a d055      	RCALL SUBOPT_0x0
00010b 52e0      	SUBI R30,LOW(-_eLED)
00010c 4fff      	SBCI R31,HIGH(-_eLED)
00010d 81e0      	LD   R30,Z
00010e bbe5      	OUT  0x15,R30
                 ; 0000 0097         PORTB = LED[in[i-1]];//LED[in[i-1]];
00010f d050      	RCALL SUBOPT_0x0
000110 9731      	SBIW R30,1
000111 81a9      	LDD  R26,Y+1
000112 81ba      	LDD  R27,Y+1+1
000113 0fae      	ADD  R26,R30
000114 1fbf      	ADC  R27,R31
000115 91ec      	LD   R30,X
000116 e0f0      	LDI  R31,0
000117 51eb      	SUBI R30,LOW(-_LED)
000118 4fff      	SBCI R31,HIGH(-_LED)
000119 81e0      	LD   R30,Z
00011a bbe8      	OUT  0x18,R30
                 ; 0000 0098         delay_us(800);
                +
00011b e480     +LDI R24 , LOW ( 1600 )
00011c e096     +LDI R25 , HIGH ( 1600 )
                +__DELAY_USW_LOOP :
00011d 9701     +SBIW R24 , 1
00011e f7f1     +BRNE __DELAY_USW_LOOP
                 	__DELAY_USW 1600
                 ; 0000 0099     }
00011f 5f0f      	SUBI R16,-1
000120 cfe7      	RJMP _0x23
                 _0x24:
                 ; 0000 009A }
000121 8108      	LDD  R16,Y+0
000122 9623      	ADIW R28,3
000123 9508      	RET
                 ;
                 ;/**/
                 ;
                 ;// Declare your global variables here
                 ;
                 ;void main(void)
                 ; 0000 00A1 {
                 _main:
                 ; 0000 00A2 // Declare your local variables here
                 ; 0000 00A3 
                 ; 0000 00A4 
                 ; 0000 00A5 // Input/Output Ports initialization
                 ; 0000 00A6 // Port A initialization
                 ; 0000 00A7 // Func7=In Func6=In Func5=In Func4=In Func3=Out Func2=Out Func1=Out Func0=Out
                 ; 0000 00A8 // State7=T State6=T State5=T State4=T State3=0 State2=0 State1=0 State0=0
                 ; 0000 00A9 PORTA=0xF0;
000124 efe0      	LDI  R30,LOW(240)
000125 bbeb      	OUT  0x1B,R30
                 ; 0000 00AA DDRA=0x0F;
000126 e0ef      	LDI  R30,LOW(15)
000127 bbea      	OUT  0x1A,R30
                 ; 0000 00AB 
                 ; 0000 00AC // Port B initialization
                 ; 0000 00AD // Func7=Out Func6=Out Func5=Out Func4=Out Func3=Out Func2=Out Func1=Out Func0=Out
                 ; 0000 00AE // State7=0 State6=0 State5=0 State4=0 State3=0 State2=0 State1=0 State0=0
                 ; 0000 00AF PORTB=0x00;
000128 e0e0      	LDI  R30,LOW(0)
000129 bbe8      	OUT  0x18,R30
                 ; 0000 00B0 DDRB=0xFF;
00012a efef      	LDI  R30,LOW(255)
00012b bbe7      	OUT  0x17,R30
                 ; 0000 00B1 
                 ; 0000 00B2 // Port C initialization
                 ; 0000 00B3 // Func7=In Func6=In Func5=In Func4=In Func3=Out Func2=Out Func1=Out Func0=Out
                 ; 0000 00B4 // State7=T State6=T State5=T State4=T State3=0 State2=0 State1=0 State0=0
                 ; 0000 00B5 PORTC=0x00;
00012c e0e0      	LDI  R30,LOW(0)
00012d bbe5      	OUT  0x15,R30
                 ; 0000 00B6 DDRC=0x0F;
00012e e0ef      	LDI  R30,LOW(15)
00012f bbe4      	OUT  0x14,R30
                 ; 0000 00B7 
                 ; 0000 00B8 // Port D initialization
                 ; 0000 00B9 // Func7=In Func6=In Func5=In Func4=In Func3=In Func2=In Func1=In Func0=In
                 ; 0000 00BA // State7=T State6=T State5=T State4=T State3=T State2=T State1=T State0=T
                 ; 0000 00BB PORTD=0x00;
000130 e0e0      	LDI  R30,LOW(0)
000131 bbe2      	OUT  0x12,R30
                 ; 0000 00BC DDRD=0x00;
000132 bbe1      	OUT  0x11,R30
                 ; 0000 00BD 
                 ; 0000 00BE // Timer/Counter 0 initialization
                 ; 0000 00BF // Clock source: System Clock
                 ; 0000 00C0 // Clock value: Timer 0 Stopped
                 ; 0000 00C1 TCCR0=0x00;
000133 bfe3      	OUT  0x33,R30
                 ; 0000 00C2 TCNT0=0x00;
000134 bfe2      	OUT  0x32,R30
                 ; 0000 00C3 
                 ; 0000 00C4 // Timer/Counter 1 initialization
                 ; 0000 00C5 // Clock source: System Clock
                 ; 0000 00C6 // Clock value: Timer1 Stopped
                 ; 0000 00C7 // Mode: Normal top=0xFFFF
                 ; 0000 00C8 // OC1A output: Discon.
                 ; 0000 00C9 // OC1B output: Discon.
                 ; 0000 00CA // Noise Canceler: Off
                 ; 0000 00CB // Input Capture on Falling Edge
                 ; 0000 00CC // Timer1 Overflow Interrupt: Off
                 ; 0000 00CD // Input Capture Interrupt: Off
                 ; 0000 00CE // Compare A Match Interrupt: Off
                 ; 0000 00CF // Compare B Match Interrupt: Off
                 ; 0000 00D0 TCCR1A=0x00;
000135 bdef      	OUT  0x2F,R30
                 ; 0000 00D1 TCCR1B=0x00;
000136 bdee      	OUT  0x2E,R30
                 ; 0000 00D2 TCNT1H=0x00;
000137 bded      	OUT  0x2D,R30
                 ; 0000 00D3 TCNT1L=0x00;
000138 bdec      	OUT  0x2C,R30
                 ; 0000 00D4 OCR1AH=0x00;
000139 bdeb      	OUT  0x2B,R30
                 ; 0000 00D5 OCR1AL=0x00;
00013a bdea      	OUT  0x2A,R30
                 ; 0000 00D6 OCR1BH=0x00;
00013b bde9      	OUT  0x29,R30
                 ; 0000 00D7 OCR1BL=0x00;
00013c bde8      	OUT  0x28,R30
                 ; 0000 00D8 
                 ; 0000 00D9 // Timer/Counter 2 initialization
                 ; 0000 00DA // Clock source: System Clock
                 ; 0000 00DB // Clock value: Timer2 Stopped
                 ; 0000 00DC // Mode: Normal top=0xFF
                 ; 0000 00DD // OC2 output: Disconnected
                 ; 0000 00DE ASSR=0x00;
00013d bde2      	OUT  0x22,R30
                 ; 0000 00DF TCCR2=0x00;
00013e bde5      	OUT  0x25,R30
                 ; 0000 00E0 TCNT2=0x00;
00013f bde4      	OUT  0x24,R30
                 ; 0000 00E1 OCR2=0x00;
000140 bde3      	OUT  0x23,R30
                 ; 0000 00E2 
                 ; 0000 00E3 // External Interrupt(s) initialization
                 ; 0000 00E4 // INT0: Off
                 ; 0000 00E5 // INT1: Off
                 ; 0000 00E6 GIMSK=0x00;
000141 bfeb      	OUT  0x3B,R30
                 ; 0000 00E7 MCUCR=0x00;
000142 bfe5      	OUT  0x35,R30
                 ; 0000 00E8 
                 ; 0000 00E9 // Timer(s)/Counter(s) Interrupt(s) initialization
                 ; 0000 00EA TIMSK=0x01;
000143 e0e1      	LDI  R30,LOW(1)
000144 bfe9      	OUT  0x39,R30
                 ; 0000 00EB 
                 ; 0000 00EC // UART initialization
                 ; 0000 00ED // UART disabled
                 ; 0000 00EE UCR=0x00;
000145 e0e0      	LDI  R30,LOW(0)
000146 b9ea      	OUT  0xA,R30
                 ; 0000 00EF 
                 ; 0000 00F0 // Analog Comparator initialization
                 ; 0000 00F1 // Analog Comparator: Off
                 ; 0000 00F2 // Analog Comparator Input Capture by Timer/Counter 1: Off
                 ; 0000 00F3 ACSR=0x80;
000147 e8e0      	LDI  R30,LOW(128)
000148 b9e8      	OUT  0x8,R30
                 ; 0000 00F4 
                 ; 0000 00F5 // ADC initialization
                 ; 0000 00F6 // ADC disabled
                 ; 0000 00F7 ADCSR=0x00;
000149 e0e0      	LDI  R30,LOW(0)
00014a b9e6      	OUT  0x6,R30
                 ; 0000 00F8 
                 ; 0000 00F9 // SPI initialization
                 ; 0000 00FA // SPI disabled
                 ; 0000 00FB SPCR=0x00;
00014b b9ed      	OUT  0xD,R30
                 ; 0000 00FC 
                 ; 0000 00FD // Global enable interrupts
                 ; 0000 00FE #asm("sei")
00014c 9478      	sei
                 ; 0000 00FF 
                 ; 0000 0100 TCCR0=T0SET;
00014d e0e5      	LDI  R30,LOW(5)
00014e bfe3      	OUT  0x33,R30
                 ; 0000 0101 while (1)
                 _0x25:
                 ; 0000 0102       {
                 ; 0000 0103       /*
                 ; 0000 0104             for(i=0;i<4;i++)
                 ; 0000 0105             {
                 ; 0000 0106                 PORTA=PORTA|kbsw[i];
                 ; 0000 0107                 for(j=0;j<16;j++)
                 ; 0000 0108                 {
                 ; 0000 0109                     if(PORTA==Keypad[j])
                 ; 0000 010A                     {
                 ; 0000 010B                         pop(j);
                 ; 0000 010C                     }
                 ; 0000 010D                 }
                 ; 0000 010E             }
                 ; 0000 010F                          */
                 ; 0000 0110             decoder(num);
                +
00014f 2da4     +MOV R26 , R4
000150 2db5     +MOV R27 , R5
                 	__GETW2R 4,5
000151 df73      	RCALL _decoder
                 ; 0000 0111             //decoder(pressed);
                 ; 0000 0112       }
000152 cffc      	RJMP _0x25
                 ; 0000 0113 }
                 _0x28:
000153 cfff      	RJMP _0x28
                 ;
                 ;void pop(unsigned char keyin)
                 ; 0000 0116 {
                 _pop:
                 ; 0000 0117         num=num<<4;
000154 93aa      	ST   -Y,R26
                 ;	keyin -> Y+0
                +
000155 2de4     +MOV R30 , R4
000156 2df5     +MOV R31 , R5
                 	__GETW1R 4,5
000157 d047      	RCALL __LSLW4
                +
000158 2e4e     +MOV R4 , R30
000159 2e5f     +MOV R5 , R31
                 	__PUTW1R 4,5
                 ; 0000 0118         num+=keyin;
00015a 81e8      	LD   R30,Y
00015b e0f0      	LDI  R31,0
                +
00015c 0e4e     +ADD R4 , R30
00015d 1e5f     +ADC R5 , R31
                 	__ADDWRR 4,5,30,31
                 ; 0000 0119         return;
00015e 9621      	ADIW R28,1
00015f 9508      	RET
                 ; 0000 011A }
                 
                 	.DSEG
                 _eLED:
0000e0           	.BYTE 0x5
                 _LED:
0000e5           	.BYTE 0x10
                 _Keypad:
0000f5           	.BYTE 0x10
                 
                 	.CSEG
                 ;OPTIMIZER ADDED SUBROUTINE, CALLED 3 TIMES, CODE SIZE REDUCTION:4 WORDS
                 SUBOPT_0x0:
000160 2fe0      	MOV  R30,R16
000161 e0f0      	LDI  R31,0
000162 9508      	RET
                 
                 ;OPTIMIZER ADDED SUBROUTINE, CALLED 3 TIMES, CODE SIZE REDUCTION:4 WORDS
                 SUBOPT_0x1:
000163 2fe1      	MOV  R30,R17
000164 e0f0      	LDI  R31,0
000165 9508      	RET
                 
                 ;OPTIMIZER ADDED SUBROUTINE, CALLED 2 TIMES, CODE SIZE REDUCTION:4 WORDS
                 SUBOPT_0x2:
                +
000166 2de4     +MOV R30 , R4
000167 2df5     +MOV R31 , R5
                 	__GETW1R 4,5
000168 70ef      	ANDI R30,LOW(0xF)
000169 70f0      	ANDI R31,HIGH(0xF)
00016a 2fae      	MOV  R26,R30
00016b 2fbf      	MOV  R27,R31
00016c cff6      	RJMP SUBOPT_0x1
                 
                 ;OPTIMIZER ADDED SUBROUTINE, CALLED 2 TIMES, CODE SIZE REDUCTION:1 WORDS
                 SUBOPT_0x3:
00016d 2fa1      	MOV  R26,R17
00016e dfe5      	RCALL _pop
00016f 2e81      	MOV  R8,R17
000170 e021      	LDI  R18,LOW(1)
000171 9508      	RET
                 
                 ;OPTIMIZER ADDED SUBROUTINE, CALLED 12 TIMES, CODE SIZE REDUCTION:9 WORDS
                 SUBOPT_0x4:
000172 81ac      	LDD  R26,Y+4
000173 81bd      	LDD  R27,Y+4+1
000174 9508      	RET
                 
                 ;OPTIMIZER ADDED SUBROUTINE, CALLED 2 TIMES, CODE SIZE REDUCTION:1 WORDS
                 SUBOPT_0x5:
000175 83e9      	STD  Y+1,R30
000176 e0e0      	LDI  R30,LOW(0)
000177 83ea      	STD  Y+2,R30
000178 9508      	RET
                 
                 ;OPTIMIZER ADDED SUBROUTINE, CALLED 2 TIMES, CODE SIZE REDUCTION:1 WORDS
                 SUBOPT_0x6:
000179 dff8      	RCALL SUBOPT_0x4
00017a 30a0      	CPI  R26,LOW(0x100)
00017b e0e1      	LDI  R30,HIGH(0x100)
00017c 07be      	CPC  R27,R30
00017d 9508      	RET
                 
                 ;OPTIMIZER ADDED SUBROUTINE, CALLED 9 TIMES, CODE SIZE REDUCTION:6 WORDS
                 SUBOPT_0x7:
00017e 81ec      	LDD  R30,Y+4
00017f 70ef      	ANDI R30,LOW(0xF)
000180 9508      	RET
                 
                 ;OPTIMIZER ADDED SUBROUTINE, CALLED 3 TIMES, CODE SIZE REDUCTION:24 WORDS
                 SUBOPT_0x8:
000181 83e8      	ST   Y,R30
000182 81ec      	LDD  R30,Y+4
000183 81fd      	LDD  R31,Y+4+1
000184 70ef      	ANDI R30,LOW(0xF)
000185 70f0      	ANDI R31,HIGH(0xF)
000186 dfeb      	RCALL SUBOPT_0x4
000187 1bae      	SUB  R26,R30
000188 0bbf      	SBC  R27,R31
000189 2fea      	MOV  R30,R26
00018a 2ffb      	MOV  R31,R27
00018b d01c      	RCALL __LSRW4
00018c 83ec      	STD  Y+4,R30
00018d 83fd      	STD  Y+4+1,R31
00018e cfef      	RJMP SUBOPT_0x7
                 
                 ;OPTIMIZER ADDED SUBROUTINE, CALLED 2 TIMES, CODE SIZE REDUCTION:1 WORDS
                 SUBOPT_0x9:
00018f dfe2      	RCALL SUBOPT_0x4
000190 30a0      	CPI  R26,LOW(0x1000)
000191 e1e0      	LDI  R30,HIGH(0x1000)
000192 07be      	CPC  R27,R30
000193 9508      	RET
                 
                 ;OPTIMIZER ADDED SUBROUTINE, CALLED 2 TIMES, CODE SIZE REDUCTION:8 WORDS
                 SUBOPT_0xA:
000194 70ef      	ANDI R30,LOW(0xF)
000195 70f0      	ANDI R31,HIGH(0xF)
000196 dfdb      	RCALL SUBOPT_0x4
000197 1bae      	SUB  R26,R30
000198 0bbf      	SBC  R27,R31
000199 2fea      	MOV  R30,R26
00019a 2ffb      	MOV  R31,R27
00019b d00c      	RCALL __LSRW4
00019c 83ec      	STD  Y+4,R30
00019d 83fd      	STD  Y+4+1,R31
00019e cfdf      	RJMP SUBOPT_0x7
                 
                 
                 	.CSEG
                 __LSLW4:
00019f 0fee      	LSL  R30
0001a0 1fff      	ROL  R31
                 __LSLW3:
0001a1 0fee      	LSL  R30
0001a2 1fff      	ROL  R31
                 __LSLW2:
0001a3 0fee      	LSL  R30
0001a4 1fff      	ROL  R31
0001a5 0fee      	LSL  R30
0001a6 1fff      	ROL  R31
0001a7 9508      	RET
                 
                 __LSRW4:
0001a8 95f6      	LSR  R31
0001a9 95e7      	ROR  R30
                 __LSRW3:
0001aa 95f6      	LSR  R31
0001ab 95e7      	ROR  R30
                 __LSRW2:
0001ac 95f6      	LSR  R31
0001ad 95e7      	ROR  R30
0001ae 95f6      	LSR  R31
0001af 95e7      	ROR  R30
0001b0 9508      	RET
                 
                 __SAVELOCR3:
0001b1 932a      	ST   -Y,R18
                 __SAVELOCR2:
0001b2 931a      	ST   -Y,R17
0001b3 930a      	ST   -Y,R16
0001b4 9508      	RET
                 
                 __LOADLOCR3:
0001b5 812a      	LDD  R18,Y+2
                 __LOADLOCR2:
0001b6 8119      	LDD  R17,Y+1
0001b7 8108      	LD   R16,Y
0001b8 9508      	RET
                 
                 ;END OF CODE MARKER
                 __END_OF_CODE:


RESOURCE USE INFORMATION
------------------------

Notice:
The register and instruction counts are symbol table hit counts,
and hence implicitly used resources are not counted, eg, the
'lpm' instruction without operands implicitly uses r0 and z,
none of which are counted.

x,y,z are separate entities in the symbol table and are
counted separately from r26..r31 here.

.dseg memory usage only counts static data declared with .byte

AT90S8535 register use summary:
r0 :   9 r1 :   4 r2 :   0 r3 :   0 r4 :   5 r5 :   5 r6 :   0 r7 :   0 
r8 :   3 r9 :   0 r10:   0 r11:   0 r12:   0 r13:   0 r14:   0 r15:   2 
r16:  11 r17:   8 r18:   6 r19:   0 r20:   0 r21:   0 r22:   4 r23:   4 
r24:  11 r25:   5 r26:  31 r27:  23 r28:   9 r29:   3 r30: 151 r31:  48 
x  :   5 y  :  71 z  :   3 
Registers used: 22 out of 35 (62.9%)

AT90S8535 instruction use summary:
.lds  :   0 .lds.l:   0 .sts  :   0 .sts.l:   0 adc   :   3 add   :   3 
adiw  :  12 and   :   0 andi  :   7 asr   :   0 bclr  :   0 bld   :   0 
brbc  :   0 brbs  :   0 brcc  :   0 brcs  :   0 break :   0 breq  :   3 
brge  :   0 brhc  :   0 brhs  :   0 brid  :   0 brie  :   0 brlo  :   1 
brlt  :   0 brmi  :   0 brne  :   7 brpl  :   0 brsh  :   9 brtc  :   0 
brts  :   0 brvc  :   0 brvs  :   0 bset  :   0 bst   :   0 cbi   :   0 
cbr   :   0 clc   :   0 clh   :   0 cli   :   1 cln   :   0 clr   :   2 
cls   :   0 clt   :   0 clv   :   0 clz   :   0 com   :   0 cp    :   5 
cpc   :   5 cpi   :   6 cpse  :   0 dec   :   1 des   :   0 eor   :   0 
fmul  :   0 fmuls :   0 fmulsu:   0 icall :   0 ijmp  :   0 in    :   2 
inc   :   0 ld    :  19 ldd   :  17 ldi   :  49 lds   :   0 lpm   :  21 
lsl   :   4 lsr   :   4 mov   :  35 movw  :   0 mul   :   0 muls  :   0 
mulsu :   0 neg   :   0 nop   :   0 or    :   0 ori   :   0 out   :  40 
pop   :   0 push  :   0 rcall :  39 ret   :  15 reti  :   1 rjmp  :  36 
rol   :   4 ror   :   4 sbc   :   2 sbci  :   3 sbi   :   0 sbic  :   0 
sbis  :   0 sbiw  :   9 sbr   :   0 sbrc  :   0 sbrs  :   0 sec   :   0 
seh   :   0 sei   :   1 sen   :   0 ser   :   0 ses   :   0 set   :   0 
sev   :   0 sez   :   0 sleep :   0 spm   :   0 st    :  27 std   :  16 
sts   :   0 sub   :   2 subi  :   6 swap  :   0 tst   :   0 wdr   :   0 

Instructions used: 37 out of 114 (32.5%)

AT90S8535 memory use summary [bytes]:
Segment   Begin    End      Code   Data   Used    Size   Use%
---------------------------------------------------------------
[.cseg] 0x000000 0x000372    814     68    882    8192  10.8%
[.dseg] 0x000060 0x000105      0     37     37     607   6.1%
[.eseg] 0x000000 0x000000      0      0      0     512   0.0%

Assembly complete, 0 errors, 4 warnings
